<errorentry>
	<datetime>2010-05-20 13:29:36</datetime>
	<errornum>E_WARNING</errornum>
	<errormsg>mysqli::connect() [<a href='mysqli.connect'>mysqli.connect</a>]: (00000/1040): Too many connections</errormsg>
	<scriptname>/klasy/class.bazasql.php</scriptname>
	<scriptlinenum>285</scriptlinenum>
</errorentry>

<errorentry>
	<datetime>2010-05-20 13:29:36</datetime>
	<errornum>E_USER_ERROR</errornum>
	<errormsg>, ## Too many connections ## 1040</errormsg>
	<scriptname>/klasy/class.bazasql.php</scriptname>
	<scriptlinenum>297</scriptlinenum>
</errorentry>

<errorentry>
	<datetime>2010-05-20 13:29:36</datetime>
	<errornum>E_USER_ERROR</errornum>
	<errormsg>getConn: no connection BazaSql class</errormsg>
	<scriptname>/klasy/class.bazasql.php</scriptname>
	<scriptlinenum>263</scriptlinenum>
</errorentry>

<errorentry>
	<datetime>2010-05-20 13:29:36</datetime>
	<errornum>E_USER_ERROR</errornum>
	<errormsg>getWynik: invalid or empty query result BazaSql class</errormsg>
	<scriptname>/klasy/class.bazasql.php</scriptname>
	<scriptlinenum>368</scriptlinenum>
</errorentry>

<errorentry>
	<datetime>2010-05-20 13:29:36</datetime>
	<errornum>E_USER_ERROR</errornum>
	<errormsg>getWynik: invalid or empty query result BazaSql class</errormsg>
	<scriptname>/klasy/class.bazasql.php</scriptname>
	<scriptlinenum>368</scriptlinenum>
</errorentry>

<errorentry>
	<datetime>2010-05-20 13:29:36</datetime>
	<errornum>E_WARNING</errornum>
	<errormsg>mysqli::real_escape_string() [<a href='mysqli.real-escape-string'>mysqli.real-escape-string</a>]: Couldn't fetch bazaSql</errormsg>
	<scriptname>/klasy/class.tekstform.php</scriptname>
	<scriptlinenum>485</scriptlinenum>
</errorentry>

<errorentry>
	<datetime>2010-05-20 13:29:36</datetime>
	<errornum>E_WARNING</errornum>
	<errormsg>mysqli::real_escape_string() [<a href='mysqli.real-escape-string'>mysqli.real-escape-string</a>]: Couldn't fetch bazaSql</errormsg>
	<scriptname>/klasy/class.tekstform.php</scriptname>
	<scriptlinenum>485</scriptlinenum>
</errorentry>

<errorentry>
	<datetime>2010-05-20 13:29:36</datetime>
	<errornum>E_WARNING</errornum>
	<errormsg>mysqli::real_escape_string() [<a href='mysqli.real-escape-string'>mysqli.real-escape-string</a>]: Couldn't fetch bazaSql</errormsg>
	<scriptname>/klasy/class.tekstform.php</scriptname>
	<scriptlinenum>485</scriptlinenum>
</errorentry>

<errorentry>
	<datetime>2010-05-20 13:29:36</datetime>
	<errornum>E_WARNING</errornum>
	<errormsg>mysqli::real_escape_string() [<a href='mysqli.real-escape-string'>mysqli.real-escape-string</a>]: Couldn't fetch bazaSql</errormsg>
	<scriptname>/klasy/class.tekstform.php</scriptname>
	<scriptlinenum>485</scriptlinenum>
</errorentry>

<errorentry>
	<datetime>2010-05-20 13:29:36</datetime>
	<errornum>E_USER_ERROR</errornum>
	<errormsg>getConn: no connection BazaSql class</errormsg>
	<scriptname>/klasy/class.bazasql.php</scriptname>
	<scriptlinenum>263</scriptlinenum>
</errorentry>

<errorentry>
	<datetime>2010-05-20 13:29:36</datetime>
	<errornum>E_USER_ERROR</errornum>
	<errormsg>getWynik: invalid or empty query result BazaSql class</errormsg>
	<scriptname>/klasy/class.bazasql.php</scriptname>
	<scriptlinenum>368</scriptlinenum>
</errorentry>

<errorentry>
	<datetime>2010-05-20 13:29:36</datetime>
	<errornum>E_USER_ERROR</errornum>
	<errormsg>getWynik: invalid or empty query result BazaSql class</errormsg>
	<scriptname>/klasy/class.bazasql.php</scriptname>
	<scriptlinenum>368</scriptlinenum>
</errorentry>

<errorentry>
	<datetime>2010-05-20 13:29:36</datetime>
	<errornum>E_WARNING</errornum>
	<errormsg>mysqli::real_escape_string() [<a href='mysqli.real-escape-string'>mysqli.real-escape-string</a>]: Couldn't fetch bazaSql</errormsg>
	<scriptname>/klasy/class.tekstform.php</scriptname>
	<scriptlinenum>485</scriptlinenum>
</errorentry>

<errorentry>
	<datetime>2010-05-20 13:29:36</datetime>
	<errornum>E_USER_ERROR</errornum>
	<errormsg>getConn: no connection BazaSql class</errormsg>
	<scriptname>/klasy/class.bazasql.php</scriptname>
	<scriptlinenum>263</scriptlinenum>
</errorentry>

<errorentry>
	<datetime>2010-05-20 13:29:36</datetime>
	<errornum>E_USER_ERROR</errornum>
	<errormsg>getWynik: invalid or empty query result BazaSql class</errormsg>
	<scriptname>/klasy/class.bazasql.php</scriptname>
	<scriptlinenum>368</scriptlinenum>
</errorentry>

<errorentry>
	<datetime>2010-05-20 13:29:36</datetime>
	<errornum>E_USER_ERROR</errornum>
	<errormsg>getWynik: invalid or empty query result BazaSql class</errormsg>
	<scriptname>/klasy/class.bazasql.php</scriptname>
	<scriptlinenum>368</scriptlinenum>
</errorentry>

<errorentry>
	<datetime>2010-05-20 13:29:36</datetime>
	<errornum>E_USER_ERROR</errornum>
	<errormsg>getConn: no connection BazaSql class</errormsg>
	<scriptname>/klasy/class.bazasql.php</scriptname>
	<scriptlinenum>263</scriptlinenum>
</errorentry>

<errorentry>
	<datetime>2010-05-20 13:29:36</datetime>
	<errornum>E_USER_ERROR</errornum>
	<errormsg>getWynik: invalid or empty query result BazaSql class</errormsg>
	<scriptname>/klasy/class.bazasql.php</scriptname>
	<scriptlinenum>368</scriptlinenum>
</errorentry>

<errorentry>
	<datetime>2010-05-20 13:29:36</datetime>
	<errornum>E_USER_ERROR</errornum>
	<errormsg>getWynik: invalid or empty query result BazaSql class</errormsg>
	<scriptname>/klasy/class.bazasql.php</scriptname>
	<scriptlinenum>368</scriptlinenum>
</errorentry>

