<errorentry>
	<datetime>2016-03-04 12:45:45</datetime>
	<errornum>E_WARNING</errornum>
	<errormsg>mysqli::connect() [<a href='mysqli.connect'>mysqli.connect</a>]: (HY000/1041): Out of memory; check if mysqld or some other process uses all available memory; if not, you may have to use 'ulimit' to allow mysqld to use more memory or you can add more swap space</errormsg>
	<scriptname>/arkadia/klasy/class.bazasql.php</scriptname>
	<scriptlinenum>285</scriptlinenum>
</errorentry>

<errorentry>
	<datetime>2016-03-04 12:45:45</datetime>
	<errornum>E_USER_ERROR</errornum>
	<errormsg>, ## Out of memory; check if mysqld or some other process uses all available memory; if not, you may have to use 'ulimit' to allow mysqld to use more memory or you can add more swap space ## 1041</errormsg>
	<scriptname>/arkadia/klasy/class.bazasql.php</scriptname>
	<scriptlinenum>297</scriptlinenum>
</errorentry>

<errorentry>
	<datetime>2016-03-04 12:45:45</datetime>
	<errornum>E_USER_ERROR</errornum>
	<errormsg>getConn: no connection BazaSql class</errormsg>
	<scriptname>/arkadia/klasy/class.bazasql.php</scriptname>
	<scriptlinenum>263</scriptlinenum>
</errorentry>

<errorentry>
	<datetime>2016-03-04 12:45:45</datetime>
	<errornum>E_USER_ERROR</errornum>
	<errormsg>getWynik: invalid or empty query result BazaSql class</errormsg>
	<scriptname>/arkadia/klasy/class.bazasql.php</scriptname>
	<scriptlinenum>368</scriptlinenum>
</errorentry>

<errorentry>
	<datetime>2016-03-04 12:45:45</datetime>
	<errornum>E_USER_ERROR</errornum>
	<errormsg>getWynik: invalid or empty query result BazaSql class</errormsg>
	<scriptname>/arkadia/klasy/class.bazasql.php</scriptname>
	<scriptlinenum>368</scriptlinenum>
</errorentry>

<errorentry>
	<datetime>2016-03-04 12:45:45</datetime>
	<errornum>E_WARNING</errornum>
	<errormsg>mysqli::real_escape_string() [<a href='mysqli.real-escape-string'>mysqli.real-escape-string</a>]: Couldn't fetch bazaSql</errormsg>
	<scriptname>/arkadia/klasy/class.tekstform.php</scriptname>
	<scriptlinenum>485</scriptlinenum>
</errorentry>

<errorentry>
	<datetime>2016-03-04 12:45:45</datetime>
	<errornum>E_WARNING</errornum>
	<errormsg>mysqli::real_escape_string() [<a href='mysqli.real-escape-string'>mysqli.real-escape-string</a>]: Couldn't fetch bazaSql</errormsg>
	<scriptname>/arkadia/klasy/class.tekstform.php</scriptname>
	<scriptlinenum>485</scriptlinenum>
</errorentry>

<errorentry>
	<datetime>2016-03-04 12:45:45</datetime>
	<errornum>E_WARNING</errornum>
	<errormsg>mysqli::real_escape_string() [<a href='mysqli.real-escape-string'>mysqli.real-escape-string</a>]: Couldn't fetch bazaSql</errormsg>
	<scriptname>/arkadia/klasy/class.tekstform.php</scriptname>
	<scriptlinenum>485</scriptlinenum>
</errorentry>

<errorentry>
	<datetime>2016-03-04 12:45:45</datetime>
	<errornum>E_WARNING</errornum>
	<errormsg>mysqli::real_escape_string() [<a href='mysqli.real-escape-string'>mysqli.real-escape-string</a>]: Couldn't fetch bazaSql</errormsg>
	<scriptname>/arkadia/klasy/class.tekstform.php</scriptname>
	<scriptlinenum>485</scriptlinenum>
</errorentry>

<errorentry>
	<datetime>2016-03-04 12:45:45</datetime>
	<errornum>E_USER_ERROR</errornum>
	<errormsg>getConn: no connection BazaSql class</errormsg>
	<scriptname>/arkadia/klasy/class.bazasql.php</scriptname>
	<scriptlinenum>263</scriptlinenum>
</errorentry>

<errorentry>
	<datetime>2016-03-04 12:45:45</datetime>
	<errornum>E_USER_ERROR</errornum>
	<errormsg>getWynik: invalid or empty query result BazaSql class</errormsg>
	<scriptname>/arkadia/klasy/class.bazasql.php</scriptname>
	<scriptlinenum>368</scriptlinenum>
</errorentry>

<errorentry>
	<datetime>2016-03-04 12:45:45</datetime>
	<errornum>E_USER_ERROR</errornum>
	<errormsg>getWynik: invalid or empty query result BazaSql class</errormsg>
	<scriptname>/arkadia/klasy/class.bazasql.php</scriptname>
	<scriptlinenum>368</scriptlinenum>
</errorentry>

<errorentry>
	<datetime>2016-03-04 12:45:45</datetime>
	<errornum>E_WARNING</errornum>
	<errormsg>mysqli::real_escape_string() [<a href='mysqli.real-escape-string'>mysqli.real-escape-string</a>]: Couldn't fetch bazaSql</errormsg>
	<scriptname>/arkadia/klasy/class.tekstform.php</scriptname>
	<scriptlinenum>485</scriptlinenum>
</errorentry>

<errorentry>
	<datetime>2016-03-04 12:45:45</datetime>
	<errornum>E_USER_ERROR</errornum>
	<errormsg>getConn: no connection BazaSql class</errormsg>
	<scriptname>/arkadia/klasy/class.bazasql.php</scriptname>
	<scriptlinenum>263</scriptlinenum>
</errorentry>

<errorentry>
	<datetime>2016-03-04 12:45:45</datetime>
	<errornum>E_USER_ERROR</errornum>
	<errormsg>getWynik: invalid or empty query result BazaSql class</errormsg>
	<scriptname>/arkadia/klasy/class.bazasql.php</scriptname>
	<scriptlinenum>368</scriptlinenum>
</errorentry>

<errorentry>
	<datetime>2016-03-04 12:45:45</datetime>
	<errornum>E_USER_ERROR</errornum>
	<errormsg>getWynik: invalid or empty query result BazaSql class</errormsg>
	<scriptname>/arkadia/klasy/class.bazasql.php</scriptname>
	<scriptlinenum>368</scriptlinenum>
</errorentry>

<errorentry>
	<datetime>2016-03-04 12:45:45</datetime>
	<errornum>E_NOTICE</errornum>
	<errormsg>Undefined index:  zajawka</errormsg>
	<scriptname>/arkadia/mod/art/class.art.php</scriptname>
	<scriptlinenum>2459</scriptlinenum>
</errorentry>

<errorentry>
	<datetime>2016-03-04 12:45:45</datetime>
	<errornum>E_WARNING</errornum>
	<errormsg>mysqli::real_escape_string() [<a href='mysqli.real-escape-string'>mysqli.real-escape-string</a>]: Couldn't fetch bazaSql</errormsg>
	<scriptname>/arkadia/klasy/class.tekstform.php</scriptname>
	<scriptlinenum>485</scriptlinenum>
</errorentry>

<errorentry>
	<datetime>2016-03-04 12:45:45</datetime>
	<errornum>E_USER_ERROR</errornum>
	<errormsg>getConn: no connection BazaSql class</errormsg>
	<scriptname>/arkadia/klasy/class.bazasql.php</scriptname>
	<scriptlinenum>263</scriptlinenum>
</errorentry>

<errorentry>
	<datetime>2016-03-04 12:45:45</datetime>
	<errornum>E_USER_ERROR</errornum>
	<errormsg>getWynik: invalid or empty query result BazaSql class</errormsg>
	<scriptname>/arkadia/klasy/class.bazasql.php</scriptname>
	<scriptlinenum>368</scriptlinenum>
</errorentry>

<errorentry>
	<datetime>2016-03-04 12:45:45</datetime>
	<errornum>E_USER_ERROR</errornum>
	<errormsg>getWynik: invalid or empty query result BazaSql class</errormsg>
	<scriptname>/arkadia/klasy/class.bazasql.php</scriptname>
	<scriptlinenum>368</scriptlinenum>
</errorentry>

<errorentry>
	<datetime>2016-03-04 12:45:45</datetime>
	<errornum>E_NOTICE</errornum>
	<errormsg>Undefined index:  id_matka</errormsg>
	<scriptname>/arkadia/mod/art/class.art.php</scriptname>
	<scriptlinenum>2470</scriptlinenum>
</errorentry>

<errorentry>
	<datetime>2016-03-04 12:45:45</datetime>
	<errornum>E_NOTICE</errornum>
	<errormsg>Uninitialized string offset: 0</errormsg>
	<scriptname>/arkadia/mod/art/class.art.php</scriptname>
	<scriptlinenum>2471</scriptlinenum>
</errorentry>

<errorentry>
	<datetime>2016-03-04 12:45:45</datetime>
	<errornum>E_NOTICE</errornum>
	<errormsg>Undefined index:  zajawka</errormsg>
	<scriptname>/arkadia/mod/art/class.art.php</scriptname>
	<scriptlinenum>2476</scriptlinenum>
</errorentry>

<errorentry>
	<datetime>2016-03-04 12:45:45</datetime>
	<errornum>E_USER_ERROR</errornum>
	<errormsg>getConn: no connection BazaSql class</errormsg>
	<scriptname>/arkadia/klasy/class.bazasql.php</scriptname>
	<scriptlinenum>263</scriptlinenum>
</errorentry>

<errorentry>
	<datetime>2016-03-04 12:45:45</datetime>
	<errornum>E_USER_ERROR</errornum>
	<errormsg>getWynik: invalid or empty query result BazaSql class</errormsg>
	<scriptname>/arkadia/klasy/class.bazasql.php</scriptname>
	<scriptlinenum>368</scriptlinenum>
</errorentry>

<errorentry>
	<datetime>2016-03-04 12:45:45</datetime>
	<errornum>E_USER_ERROR</errornum>
	<errormsg>getWynik: invalid or empty query result BazaSql class</errormsg>
	<scriptname>/arkadia/klasy/class.bazasql.php</scriptname>
	<scriptlinenum>368</scriptlinenum>
</errorentry>

<errorentry>
	<datetime>2016-03-04 12:45:48</datetime>
	<errornum>E_WARNING</errornum>
	<errormsg>mysqli::connect() [<a href='mysqli.connect'>mysqli.connect</a>]: (HY000/1041): Out of memory; check if mysqld or some other process uses all available memory; if not, you may have to use 'ulimit' to allow mysqld to use more memory or you can add more swap space</errormsg>
	<scriptname>/arkadia/klasy/class.bazasql.php</scriptname>
	<scriptlinenum>285</scriptlinenum>
</errorentry>

<errorentry>
	<datetime>2016-03-04 12:45:48</datetime>
	<errornum>E_USER_ERROR</errornum>
	<errormsg>, ## Out of memory; check if mysqld or some other process uses all available memory; if not, you may have to use 'ulimit' to allow mysqld to use more memory or you can add more swap space ## 1041</errormsg>
	<scriptname>/arkadia/klasy/class.bazasql.php</scriptname>
	<scriptlinenum>297</scriptlinenum>
</errorentry>

<errorentry>
	<datetime>2016-03-04 12:45:48</datetime>
	<errornum>E_USER_ERROR</errornum>
	<errormsg>getConn: no connection BazaSql class</errormsg>
	<scriptname>/arkadia/klasy/class.bazasql.php</scriptname>
	<scriptlinenum>263</scriptlinenum>
</errorentry>

<errorentry>
	<datetime>2016-03-04 12:45:48</datetime>
	<errornum>E_USER_ERROR</errornum>
	<errormsg>getWynik: invalid or empty query result BazaSql class</errormsg>
	<scriptname>/arkadia/klasy/class.bazasql.php</scriptname>
	<scriptlinenum>368</scriptlinenum>
</errorentry>

<errorentry>
	<datetime>2016-03-04 12:45:48</datetime>
	<errornum>E_USER_ERROR</errornum>
	<errormsg>getWynik: invalid or empty query result BazaSql class</errormsg>
	<scriptname>/arkadia/klasy/class.bazasql.php</scriptname>
	<scriptlinenum>368</scriptlinenum>
</errorentry>

<errorentry>
	<datetime>2016-03-04 12:45:48</datetime>
	<errornum>E_WARNING</errornum>
	<errormsg>mysqli::real_escape_string() [<a href='mysqli.real-escape-string'>mysqli.real-escape-string</a>]: Couldn't fetch bazaSql</errormsg>
	<scriptname>/arkadia/klasy/class.tekstform.php</scriptname>
	<scriptlinenum>485</scriptlinenum>
</errorentry>

<errorentry>
	<datetime>2016-03-04 12:45:48</datetime>
	<errornum>E_WARNING</errornum>
	<errormsg>mysqli::real_escape_string() [<a href='mysqli.real-escape-string'>mysqli.real-escape-string</a>]: Couldn't fetch bazaSql</errormsg>
	<scriptname>/arkadia/klasy/class.tekstform.php</scriptname>
	<scriptlinenum>485</scriptlinenum>
</errorentry>

<errorentry>
	<datetime>2016-03-04 12:45:48</datetime>
	<errornum>E_WARNING</errornum>
	<errormsg>mysqli::real_escape_string() [<a href='mysqli.real-escape-string'>mysqli.real-escape-string</a>]: Couldn't fetch bazaSql</errormsg>
	<scriptname>/arkadia/klasy/class.tekstform.php</scriptname>
	<scriptlinenum>485</scriptlinenum>
</errorentry>

<errorentry>
	<datetime>2016-03-04 12:45:48</datetime>
	<errornum>E_WARNING</errornum>
	<errormsg>mysqli::real_escape_string() [<a href='mysqli.real-escape-string'>mysqli.real-escape-string</a>]: Couldn't fetch bazaSql</errormsg>
	<scriptname>/arkadia/klasy/class.tekstform.php</scriptname>
	<scriptlinenum>485</scriptlinenum>
</errorentry>

<errorentry>
	<datetime>2016-03-04 12:45:48</datetime>
	<errornum>E_USER_ERROR</errornum>
	<errormsg>getConn: no connection BazaSql class</errormsg>
	<scriptname>/arkadia/klasy/class.bazasql.php</scriptname>
	<scriptlinenum>263</scriptlinenum>
</errorentry>

<errorentry>
	<datetime>2016-03-04 12:45:48</datetime>
	<errornum>E_USER_ERROR</errornum>
	<errormsg>getWynik: invalid or empty query result BazaSql class</errormsg>
	<scriptname>/arkadia/klasy/class.bazasql.php</scriptname>
	<scriptlinenum>368</scriptlinenum>
</errorentry>

<errorentry>
	<datetime>2016-03-04 12:45:48</datetime>
	<errornum>E_USER_ERROR</errornum>
	<errormsg>getWynik: invalid or empty query result BazaSql class</errormsg>
	<scriptname>/arkadia/klasy/class.bazasql.php</scriptname>
	<scriptlinenum>368</scriptlinenum>
</errorentry>

<errorentry>
	<datetime>2016-03-04 12:45:48</datetime>
	<errornum>E_WARNING</errornum>
	<errormsg>mysqli::real_escape_string() [<a href='mysqli.real-escape-string'>mysqli.real-escape-string</a>]: Couldn't fetch bazaSql</errormsg>
	<scriptname>/arkadia/klasy/class.tekstform.php</scriptname>
	<scriptlinenum>485</scriptlinenum>
</errorentry>

<errorentry>
	<datetime>2016-03-04 12:45:48</datetime>
	<errornum>E_USER_ERROR</errornum>
	<errormsg>getConn: no connection BazaSql class</errormsg>
	<scriptname>/arkadia/klasy/class.bazasql.php</scriptname>
	<scriptlinenum>263</scriptlinenum>
</errorentry>

<errorentry>
	<datetime>2016-03-04 12:45:48</datetime>
	<errornum>E_USER_ERROR</errornum>
	<errormsg>getWynik: invalid or empty query result BazaSql class</errormsg>
	<scriptname>/arkadia/klasy/class.bazasql.php</scriptname>
	<scriptlinenum>368</scriptlinenum>
</errorentry>

<errorentry>
	<datetime>2016-03-04 12:45:48</datetime>
	<errornum>E_USER_ERROR</errornum>
	<errormsg>getWynik: invalid or empty query result BazaSql class</errormsg>
	<scriptname>/arkadia/klasy/class.bazasql.php</scriptname>
	<scriptlinenum>368</scriptlinenum>
</errorentry>

<errorentry>
	<datetime>2016-03-04 12:45:48</datetime>
	<errornum>E_NOTICE</errornum>
	<errormsg>Undefined index:  zajawka</errormsg>
	<scriptname>/arkadia/mod/art/class.art.php</scriptname>
	<scriptlinenum>2459</scriptlinenum>
</errorentry>

<errorentry>
	<datetime>2016-03-04 12:45:48</datetime>
	<errornum>E_WARNING</errornum>
	<errormsg>mysqli::real_escape_string() [<a href='mysqli.real-escape-string'>mysqli.real-escape-string</a>]: Couldn't fetch bazaSql</errormsg>
	<scriptname>/arkadia/klasy/class.tekstform.php</scriptname>
	<scriptlinenum>485</scriptlinenum>
</errorentry>

<errorentry>
	<datetime>2016-03-04 12:45:48</datetime>
	<errornum>E_USER_ERROR</errornum>
	<errormsg>getConn: no connection BazaSql class</errormsg>
	<scriptname>/arkadia/klasy/class.bazasql.php</scriptname>
	<scriptlinenum>263</scriptlinenum>
</errorentry>

<errorentry>
	<datetime>2016-03-04 12:45:48</datetime>
	<errornum>E_USER_ERROR</errornum>
	<errormsg>getWynik: invalid or empty query result BazaSql class</errormsg>
	<scriptname>/arkadia/klasy/class.bazasql.php</scriptname>
	<scriptlinenum>368</scriptlinenum>
</errorentry>

<errorentry>
	<datetime>2016-03-04 12:45:48</datetime>
	<errornum>E_USER_ERROR</errornum>
	<errormsg>getWynik: invalid or empty query result BazaSql class</errormsg>
	<scriptname>/arkadia/klasy/class.bazasql.php</scriptname>
	<scriptlinenum>368</scriptlinenum>
</errorentry>

<errorentry>
	<datetime>2016-03-04 12:45:48</datetime>
	<errornum>E_NOTICE</errornum>
	<errormsg>Undefined index:  id_matka</errormsg>
	<scriptname>/arkadia/mod/art/class.art.php</scriptname>
	<scriptlinenum>2470</scriptlinenum>
</errorentry>

<errorentry>
	<datetime>2016-03-04 12:45:48</datetime>
	<errornum>E_NOTICE</errornum>
	<errormsg>Uninitialized string offset: 0</errormsg>
	<scriptname>/arkadia/mod/art/class.art.php</scriptname>
	<scriptlinenum>2471</scriptlinenum>
</errorentry>

<errorentry>
	<datetime>2016-03-04 12:45:48</datetime>
	<errornum>E_NOTICE</errornum>
	<errormsg>Undefined index:  zajawka</errormsg>
	<scriptname>/arkadia/mod/art/class.art.php</scriptname>
	<scriptlinenum>2476</scriptlinenum>
</errorentry>

<errorentry>
	<datetime>2016-03-04 12:45:48</datetime>
	<errornum>E_USER_ERROR</errornum>
	<errormsg>getConn: no connection BazaSql class</errormsg>
	<scriptname>/arkadia/klasy/class.bazasql.php</scriptname>
	<scriptlinenum>263</scriptlinenum>
</errorentry>

<errorentry>
	<datetime>2016-03-04 12:45:48</datetime>
	<errornum>E_USER_ERROR</errornum>
	<errormsg>getWynik: invalid or empty query result BazaSql class</errormsg>
	<scriptname>/arkadia/klasy/class.bazasql.php</scriptname>
	<scriptlinenum>368</scriptlinenum>
</errorentry>

<errorentry>
	<datetime>2016-03-04 12:45:48</datetime>
	<errornum>E_USER_ERROR</errornum>
	<errormsg>getWynik: invalid or empty query result BazaSql class</errormsg>
	<scriptname>/arkadia/klasy/class.bazasql.php</scriptname>
	<scriptlinenum>368</scriptlinenum>
</errorentry>

