<errorentry>
	<datetime>2016-01-08 12:30:07</datetime>
	<errornum>E_WARNING</errornum>
	<errormsg>mysqli::connect() [<a href='mysqli.connect'>mysqli.connect</a>]: (HY000/2002): Can't connect to local MySQL server through socket '/usr/run/mysql/mysql' (2)</errormsg>
	<scriptname>/arkadia/klasy/class.bazasql.php</scriptname>
	<scriptlinenum>285</scriptlinenum>
</errorentry>

<errorentry>
	<datetime>2016-01-08 12:30:07</datetime>
	<errornum>E_USER_ERROR</errornum>
	<errormsg>, ## Can't connect to local MySQL server through socket '/usr/run/mysql/mysql' (2) ## 2002</errormsg>
	<scriptname>/arkadia/klasy/class.bazasql.php</scriptname>
	<scriptlinenum>297</scriptlinenum>
</errorentry>

<errorentry>
	<datetime>2016-01-08 12:30:07</datetime>
	<errornum>E_USER_ERROR</errornum>
	<errormsg>getConn: no connection BazaSql class</errormsg>
	<scriptname>/arkadia/klasy/class.bazasql.php</scriptname>
	<scriptlinenum>263</scriptlinenum>
</errorentry>

<errorentry>
	<datetime>2016-01-08 12:30:07</datetime>
	<errornum>E_USER_ERROR</errornum>
	<errormsg>getWynik: invalid or empty query result BazaSql class</errormsg>
	<scriptname>/arkadia/klasy/class.bazasql.php</scriptname>
	<scriptlinenum>368</scriptlinenum>
</errorentry>

<errorentry>
	<datetime>2016-01-08 12:30:07</datetime>
	<errornum>E_USER_ERROR</errornum>
	<errormsg>getWynik: invalid or empty query result BazaSql class</errormsg>
	<scriptname>/arkadia/klasy/class.bazasql.php</scriptname>
	<scriptlinenum>368</scriptlinenum>
</errorentry>

<errorentry>
	<datetime>2016-01-08 12:30:07</datetime>
	<errornum>E_WARNING</errornum>
	<errormsg>mysqli::real_escape_string() [<a href='mysqli.real-escape-string'>mysqli.real-escape-string</a>]: Couldn't fetch bazaSql</errormsg>
	<scriptname>/arkadia/klasy/class.tekstform.php</scriptname>
	<scriptlinenum>485</scriptlinenum>
</errorentry>

<errorentry>
	<datetime>2016-01-08 12:30:07</datetime>
	<errornum>E_WARNING</errornum>
	<errormsg>mysqli::real_escape_string() [<a href='mysqli.real-escape-string'>mysqli.real-escape-string</a>]: Couldn't fetch bazaSql</errormsg>
	<scriptname>/arkadia/klasy/class.tekstform.php</scriptname>
	<scriptlinenum>485</scriptlinenum>
</errorentry>

<errorentry>
	<datetime>2016-01-08 12:30:07</datetime>
	<errornum>E_WARNING</errornum>
	<errormsg>mysqli::real_escape_string() [<a href='mysqli.real-escape-string'>mysqli.real-escape-string</a>]: Couldn't fetch bazaSql</errormsg>
	<scriptname>/arkadia/klasy/class.tekstform.php</scriptname>
	<scriptlinenum>485</scriptlinenum>
</errorentry>

<errorentry>
	<datetime>2016-01-08 12:30:08</datetime>
	<errornum>E_WARNING</errornum>
	<errormsg>mysqli::real_escape_string() [<a href='mysqli.real-escape-string'>mysqli.real-escape-string</a>]: Couldn't fetch bazaSql</errormsg>
	<scriptname>/arkadia/klasy/class.tekstform.php</scriptname>
	<scriptlinenum>485</scriptlinenum>
</errorentry>

<errorentry>
	<datetime>2016-01-08 12:30:08</datetime>
	<errornum>E_USER_ERROR</errornum>
	<errormsg>getConn: no connection BazaSql class</errormsg>
	<scriptname>/arkadia/klasy/class.bazasql.php</scriptname>
	<scriptlinenum>263</scriptlinenum>
</errorentry>

<errorentry>
	<datetime>2016-01-08 12:30:08</datetime>
	<errornum>E_USER_ERROR</errornum>
	<errormsg>getWynik: invalid or empty query result BazaSql class</errormsg>
	<scriptname>/arkadia/klasy/class.bazasql.php</scriptname>
	<scriptlinenum>368</scriptlinenum>
</errorentry>

<errorentry>
	<datetime>2016-01-08 12:30:08</datetime>
	<errornum>E_USER_ERROR</errornum>
	<errormsg>getWynik: invalid or empty query result BazaSql class</errormsg>
	<scriptname>/arkadia/klasy/class.bazasql.php</scriptname>
	<scriptlinenum>368</scriptlinenum>
</errorentry>

<errorentry>
	<datetime>2016-01-08 12:30:08</datetime>
	<errornum>E_WARNING</errornum>
	<errormsg>mysqli::real_escape_string() [<a href='mysqli.real-escape-string'>mysqli.real-escape-string</a>]: Couldn't fetch bazaSql</errormsg>
	<scriptname>/arkadia/klasy/class.tekstform.php</scriptname>
	<scriptlinenum>485</scriptlinenum>
</errorentry>

<errorentry>
	<datetime>2016-01-08 12:30:08</datetime>
	<errornum>E_USER_ERROR</errornum>
	<errormsg>getConn: no connection BazaSql class</errormsg>
	<scriptname>/arkadia/klasy/class.bazasql.php</scriptname>
	<scriptlinenum>263</scriptlinenum>
</errorentry>

<errorentry>
	<datetime>2016-01-08 12:30:08</datetime>
	<errornum>E_USER_ERROR</errornum>
	<errormsg>getWynik: invalid or empty query result BazaSql class</errormsg>
	<scriptname>/arkadia/klasy/class.bazasql.php</scriptname>
	<scriptlinenum>368</scriptlinenum>
</errorentry>

<errorentry>
	<datetime>2016-01-08 12:30:08</datetime>
	<errornum>E_USER_ERROR</errornum>
	<errormsg>getWynik: invalid or empty query result BazaSql class</errormsg>
	<scriptname>/arkadia/klasy/class.bazasql.php</scriptname>
	<scriptlinenum>368</scriptlinenum>
</errorentry>

<errorentry>
	<datetime>2016-01-08 12:30:08</datetime>
	<errornum>E_NOTICE</errornum>
	<errormsg>Undefined variable: zap</errormsg>
	<scriptname>/arkadia/mod/art/class.art.php</scriptname>
	<scriptlinenum>2284</scriptlinenum>
</errorentry>

<errorentry>
	<datetime>2016-01-08 12:30:08</datetime>
	<errornum>E_USER_ERROR</errornum>
	<errormsg>getWynik: invalid or empty query result BazaSql class</errormsg>
	<scriptname>/arkadia/klasy/class.bazasql.php</scriptname>
	<scriptlinenum>368</scriptlinenum>
</errorentry>

<errorentry>
	<datetime>2016-01-08 12:30:08</datetime>
	<errornum>E_WARNING</errornum>
	<errormsg>mysqli::real_escape_string() [<a href='mysqli.real-escape-string'>mysqli.real-escape-string</a>]: Couldn't fetch bazaSql</errormsg>
	<scriptname>/arkadia/klasy/class.tekstform.php</scriptname>
	<scriptlinenum>485</scriptlinenum>
</errorentry>

<errorentry>
	<datetime>2016-01-08 12:30:08</datetime>
	<errornum>E_USER_ERROR</errornum>
	<errormsg>getConn: no connection BazaSql class</errormsg>
	<scriptname>/arkadia/klasy/class.bazasql.php</scriptname>
	<scriptlinenum>263</scriptlinenum>
</errorentry>

<errorentry>
	<datetime>2016-01-08 12:30:08</datetime>
	<errornum>E_USER_ERROR</errornum>
	<errormsg>getWynik: invalid or empty query result BazaSql class</errormsg>
	<scriptname>/arkadia/klasy/class.bazasql.php</scriptname>
	<scriptlinenum>368</scriptlinenum>
</errorentry>

<errorentry>
	<datetime>2016-01-08 12:30:08</datetime>
	<errornum>E_USER_ERROR</errornum>
	<errormsg>getWynik: invalid or empty query result BazaSql class</errormsg>
	<scriptname>/arkadia/klasy/class.bazasql.php</scriptname>
	<scriptlinenum>368</scriptlinenum>
</errorentry>

<errorentry>
	<datetime>2016-01-08 12:30:08</datetime>
	<errornum>E_USER_ERROR</errornum>
	<errormsg>getConn: no connection BazaSql class</errormsg>
	<scriptname>/arkadia/klasy/class.bazasql.php</scriptname>
	<scriptlinenum>263</scriptlinenum>
</errorentry>

<errorentry>
	<datetime>2016-01-08 12:30:08</datetime>
	<errornum>E_USER_ERROR</errornum>
	<errormsg>getWynik: invalid or empty query result BazaSql class</errormsg>
	<scriptname>/arkadia/klasy/class.bazasql.php</scriptname>
	<scriptlinenum>368</scriptlinenum>
</errorentry>

<errorentry>
	<datetime>2016-01-08 12:30:08</datetime>
	<errornum>E_USER_ERROR</errornum>
	<errormsg>getWynik: invalid or empty query result BazaSql class</errormsg>
	<scriptname>/arkadia/klasy/class.bazasql.php</scriptname>
	<scriptlinenum>368</scriptlinenum>
</errorentry>

