<errorentry>
	<datetime>2017-09-25 07:54:51</datetime>
	<errornum>E_NOTICE</errornum>
	<errormsg>Undefined offset: 8</errormsg>
	<scriptname>/arkadia/mod/art/class.art.php</scriptname>
	<scriptlinenum>2230</scriptlinenum>
</errorentry>

<errorentry>
	<datetime>2017-09-25 20:30:29</datetime>
	<errornum>E_NOTICE</errornum>
	<errormsg>Undefined offset: 9</errormsg>
	<scriptname>/arkadia/mod/art/class.art.php</scriptname>
	<scriptlinenum>2230</scriptlinenum>
</errorentry>

<errorentry>
	<datetime>2017-09-25 20:30:30</datetime>
	<errornum>E_NOTICE</errornum>
	<errormsg>Undefined offset: 8</errormsg>
	<scriptname>/arkadia/mod/art/class.art.php</scriptname>
	<scriptlinenum>2230</scriptlinenum>
</errorentry>

