<errorentry>
	<datetime>2017-04-05 01:37:38</datetime>
	<errornum>E_NOTICE</errornum>
	<errormsg>Undefined index:  8</errormsg>
	<scriptname>/arkadia/mod/art/class.art.php</scriptname>
	<scriptlinenum>2230</scriptlinenum>
</errorentry>

<errorentry>
	<datetime>2017-04-05 01:56:41</datetime>
	<errornum>E_NOTICE</errornum>
	<errormsg>Undefined index:  9</errormsg>
	<scriptname>/arkadia/mod/art/class.art.php</scriptname>
	<scriptlinenum>2230</scriptlinenum>
</errorentry>

<errorentry>
	<datetime>2017-04-05 08:02:16</datetime>
	<errornum>E_NOTICE</errornum>
	<errormsg>Undefined index:  10</errormsg>
	<scriptname>/arkadia/mod/art/class.art.php</scriptname>
	<scriptlinenum>2230</scriptlinenum>
</errorentry>

