<errorentry>
	<datetime>2017-06-03 00:04:20</datetime>
	<errornum>E_NOTICE</errornum>
	<errormsg>Undefined index:  8</errormsg>
	<scriptname>/arkadia/mod/art/class.art.php</scriptname>
	<scriptlinenum>2230</scriptlinenum>
</errorentry>

<errorentry>
	<datetime>2017-06-03 00:20:36</datetime>
	<errornum>E_NOTICE</errornum>
	<errormsg>Undefined index:  9</errormsg>
	<scriptname>/arkadia/mod/art/class.art.php</scriptname>
	<scriptlinenum>2230</scriptlinenum>
</errorentry>

<errorentry>
	<datetime>2017-06-03 00:20:37</datetime>
	<errornum>E_NOTICE</errornum>
	<errormsg>Undefined index:  10</errormsg>
	<scriptname>/arkadia/mod/art/class.art.php</scriptname>
	<scriptlinenum>2230</scriptlinenum>
</errorentry>

<errorentry>
	<datetime>2017-06-03 09:11:40</datetime>
	<errornum>E_NOTICE</errornum>
	<errormsg>Undefined index:  10</errormsg>
	<scriptname>/arkadia/mod/art/class.art.php</scriptname>
	<scriptlinenum>2230</scriptlinenum>
</errorentry>

<errorentry>
	<datetime>2017-06-03 09:24:25</datetime>
	<errornum>E_NOTICE</errornum>
	<errormsg>Undefined index:  8</errormsg>
	<scriptname>/arkadia/mod/art/class.art.php</scriptname>
	<scriptlinenum>2230</scriptlinenum>
</errorentry>

<errorentry>
	<datetime>2017-06-03 09:50:52</datetime>
	<errornum>E_NOTICE</errornum>
	<errormsg>Undefined index:  8</errormsg>
	<scriptname>/arkadia/mod/art/class.art.php</scriptname>
	<scriptlinenum>2230</scriptlinenum>
</errorentry>

<errorentry>
	<datetime>2017-06-03 11:51:41</datetime>
	<errornum>E_NOTICE</errornum>
	<errormsg>Undefined index:  8</errormsg>
	<scriptname>/arkadia/mod/art/class.art.php</scriptname>
	<scriptlinenum>2230</scriptlinenum>
</errorentry>

