<errorentry>
	<datetime>2019-07-28 03:50:41</datetime>
	<errornum>E_WARNING</errornum>
	<errormsg>PHP Startup: MySQL server has gone away</errormsg>
	<scriptname>/klasy/class.bazasql.php</scriptname>
	<scriptlinenum>285</scriptlinenum>
</errorentry>

<errorentry>
	<datetime>2019-07-28 03:50:41</datetime>
	<errornum>E_WARNING</errornum>
	<errormsg>PHP Startup: Error while reading greeting packet. PID=9590</errormsg>
	<scriptname>/klasy/class.bazasql.php</scriptname>
	<scriptlinenum>285</scriptlinenum>
</errorentry>

<errorentry>
	<datetime>2019-07-28 03:50:41</datetime>
	<errornum>E_WARNING</errornum>
	<errormsg>PHP Startup: (HY000/2006): MySQL server has gone away</errormsg>
	<scriptname>/klasy/class.bazasql.php</scriptname>
	<scriptlinenum>285</scriptlinenum>
</errorentry>

<errorentry>
	<datetime>2019-07-28 03:50:41</datetime>
	<errornum>E_USER_ERROR</errornum>
	<errormsg>, ## MySQL server has gone away ## 2006</errormsg>
	<scriptname>/klasy/class.bazasql.php</scriptname>
	<scriptlinenum>297</scriptlinenum>
</errorentry>

<errorentry>
	<datetime>2019-07-28 03:50:41</datetime>
	<errornum>E_USER_ERROR</errornum>
	<errormsg>getConn: no connection BazaSql class</errormsg>
	<scriptname>/klasy/class.bazasql.php</scriptname>
	<scriptlinenum>263</scriptlinenum>
</errorentry>

<errorentry>
	<datetime>2019-07-28 03:50:41</datetime>
	<errornum>E_USER_ERROR</errornum>
	<errormsg>getWynik: invalid or empty query result BazaSql class</errormsg>
	<scriptname>/klasy/class.bazasql.php</scriptname>
	<scriptlinenum>368</scriptlinenum>
</errorentry>

<errorentry>
	<datetime>2019-07-28 03:50:41</datetime>
	<errornum>E_USER_ERROR</errornum>
	<errormsg>getWynik: invalid or empty query result BazaSql class</errormsg>
	<scriptname>/klasy/class.bazasql.php</scriptname>
	<scriptlinenum>368</scriptlinenum>
</errorentry>

<errorentry>
	<datetime>2019-07-28 03:50:41</datetime>
	<errornum>E_WARNING</errornum>
	<errormsg>PHP Startup: Couldn't fetch bazaSql</errormsg>
	<scriptname>/klasy/class.tekstform.php</scriptname>
	<scriptlinenum>485</scriptlinenum>
</errorentry>

<errorentry>
	<datetime>2019-07-28 03:50:41</datetime>
	<errornum>E_WARNING</errornum>
	<errormsg>PHP Startup: Couldn't fetch bazaSql</errormsg>
	<scriptname>/klasy/class.tekstform.php</scriptname>
	<scriptlinenum>485</scriptlinenum>
</errorentry>

<errorentry>
	<datetime>2019-07-28 03:50:41</datetime>
	<errornum>E_WARNING</errornum>
	<errormsg>PHP Startup: Couldn't fetch bazaSql</errormsg>
	<scriptname>/klasy/class.tekstform.php</scriptname>
	<scriptlinenum>485</scriptlinenum>
</errorentry>

<errorentry>
	<datetime>2019-07-28 03:50:41</datetime>
	<errornum>E_WARNING</errornum>
	<errormsg>PHP Startup: Couldn't fetch bazaSql</errormsg>
	<scriptname>/klasy/class.tekstform.php</scriptname>
	<scriptlinenum>485</scriptlinenum>
</errorentry>

<errorentry>
	<datetime>2019-07-28 03:50:41</datetime>
	<errornum>E_USER_ERROR</errornum>
	<errormsg>getConn: no connection BazaSql class</errormsg>
	<scriptname>/klasy/class.bazasql.php</scriptname>
	<scriptlinenum>263</scriptlinenum>
</errorentry>

<errorentry>
	<datetime>2019-07-28 03:50:41</datetime>
	<errornum>E_USER_ERROR</errornum>
	<errormsg>getWynik: invalid or empty query result BazaSql class</errormsg>
	<scriptname>/klasy/class.bazasql.php</scriptname>
	<scriptlinenum>368</scriptlinenum>
</errorentry>

<errorentry>
	<datetime>2019-07-28 03:50:41</datetime>
	<errornum>E_USER_ERROR</errornum>
	<errormsg>getWynik: invalid or empty query result BazaSql class</errormsg>
	<scriptname>/klasy/class.bazasql.php</scriptname>
	<scriptlinenum>368</scriptlinenum>
</errorentry>

<errorentry>
	<datetime>2019-07-28 03:50:41</datetime>
	<errornum>E_WARNING</errornum>
	<errormsg>PHP Startup: Couldn't fetch bazaSql</errormsg>
	<scriptname>/klasy/class.tekstform.php</scriptname>
	<scriptlinenum>485</scriptlinenum>
</errorentry>

<errorentry>
	<datetime>2019-07-28 03:50:41</datetime>
	<errornum>E_USER_ERROR</errornum>
	<errormsg>getConn: no connection BazaSql class</errormsg>
	<scriptname>/klasy/class.bazasql.php</scriptname>
	<scriptlinenum>263</scriptlinenum>
</errorentry>

<errorentry>
	<datetime>2019-07-28 03:50:41</datetime>
	<errornum>E_USER_ERROR</errornum>
	<errormsg>getWynik: invalid or empty query result BazaSql class</errormsg>
	<scriptname>/klasy/class.bazasql.php</scriptname>
	<scriptlinenum>368</scriptlinenum>
</errorentry>

<errorentry>
	<datetime>2019-07-28 03:50:41</datetime>
	<errornum>E_USER_ERROR</errornum>
	<errormsg>getWynik: invalid or empty query result BazaSql class</errormsg>
	<scriptname>/klasy/class.bazasql.php</scriptname>
	<scriptlinenum>368</scriptlinenum>
</errorentry>

<errorentry>
	<datetime>2019-07-28 03:50:41</datetime>
	<errornum>E_NOTICE</errornum>
	<errormsg>Undefined variable: zap</errormsg>
	<scriptname>/mod/art/class.art.php</scriptname>
	<scriptlinenum>2284</scriptlinenum>
</errorentry>

<errorentry>
	<datetime>2019-07-28 03:50:41</datetime>
	<errornum>E_USER_ERROR</errornum>
	<errormsg>getWynik: invalid or empty query result BazaSql class</errormsg>
	<scriptname>/klasy/class.bazasql.php</scriptname>
	<scriptlinenum>368</scriptlinenum>
</errorentry>

<errorentry>
	<datetime>2019-07-28 03:50:41</datetime>
	<errornum>E_WARNING</errornum>
	<errormsg>PHP Startup: Couldn't fetch bazaSql</errormsg>
	<scriptname>/klasy/class.tekstform.php</scriptname>
	<scriptlinenum>485</scriptlinenum>
</errorentry>

<errorentry>
	<datetime>2019-07-28 03:50:41</datetime>
	<errornum>E_USER_ERROR</errornum>
	<errormsg>getConn: no connection BazaSql class</errormsg>
	<scriptname>/klasy/class.bazasql.php</scriptname>
	<scriptlinenum>263</scriptlinenum>
</errorentry>

<errorentry>
	<datetime>2019-07-28 03:50:41</datetime>
	<errornum>E_USER_ERROR</errornum>
	<errormsg>getWynik: invalid or empty query result BazaSql class</errormsg>
	<scriptname>/klasy/class.bazasql.php</scriptname>
	<scriptlinenum>368</scriptlinenum>
</errorentry>

<errorentry>
	<datetime>2019-07-28 03:50:41</datetime>
	<errornum>E_USER_ERROR</errornum>
	<errormsg>getWynik: invalid or empty query result BazaSql class</errormsg>
	<scriptname>/klasy/class.bazasql.php</scriptname>
	<scriptlinenum>368</scriptlinenum>
</errorentry>

<errorentry>
	<datetime>2019-07-28 03:50:41</datetime>
	<errornum>E_USER_ERROR</errornum>
	<errormsg>getConn: no connection BazaSql class</errormsg>
	<scriptname>/klasy/class.bazasql.php</scriptname>
	<scriptlinenum>263</scriptlinenum>
</errorentry>

<errorentry>
	<datetime>2019-07-28 03:50:41</datetime>
	<errornum>E_USER_ERROR</errornum>
	<errormsg>getWynik: invalid or empty query result BazaSql class</errormsg>
	<scriptname>/klasy/class.bazasql.php</scriptname>
	<scriptlinenum>368</scriptlinenum>
</errorentry>

<errorentry>
	<datetime>2019-07-28 03:50:41</datetime>
	<errornum>E_USER_ERROR</errornum>
	<errormsg>getWynik: invalid or empty query result BazaSql class</errormsg>
	<scriptname>/klasy/class.bazasql.php</scriptname>
	<scriptlinenum>368</scriptlinenum>
</errorentry>

