<errorentry>
	<datetime>2020-02-18 16:00:55</datetime>
	<errornum>E_NOTICE</errornum>
	<errormsg>Undefined offset: 9</errormsg>
	<scriptname>/mod/art/class.art.php</scriptname>
	<scriptlinenum>2230</scriptlinenum>
</errorentry>

<errorentry>
	<datetime>2020-02-18 16:00:55</datetime>
	<errornum>E_NOTICE</errornum>
	<errormsg>Undefined offset: 9</errormsg>
	<scriptname>/mod/art/class.art.php</scriptname>
	<scriptlinenum>2230</scriptlinenum>
</errorentry>

<errorentry>
	<datetime>2020-02-18 16:00:55</datetime>
	<errornum>E_NOTICE</errornum>
	<errormsg>Undefined offset: 9</errormsg>
	<scriptname>/mod/art/class.art.php</scriptname>
	<scriptlinenum>2230</scriptlinenum>
</errorentry>

<errorentry>
	<datetime>2020-02-18 23:38:17</datetime>
	<errornum>E_USER_ERROR</errornum>
	<errormsg>SELECT * FROM arkadia_art_akapity WHERE id_matka='15'' AND status=1 ORDER BY id, ## You have an error in your SQL syntax; check the manual that corresponds to your MySQL server version for the right syntax to use near ''15'' AND status=1 ORDER BY id' at line 1 ## </errormsg>
	<scriptname>/klasy/class.bazasql.php</scriptname>
	<scriptlinenum>390</scriptlinenum>
</errorentry>

<errorentry>
	<datetime>2020-02-18 23:38:17</datetime>
	<errornum>E_NOTICE</errornum>
	<errormsg>Undefined index: 4'</errormsg>
	<scriptname>/mod/art/class.art.php</scriptname>
	<scriptlinenum>2230</scriptlinenum>
</errorentry>

