<errorentry>
	<datetime>2020-09-12 02:03:34</datetime>
	<errornum>E_WARNING</errornum>
	<errormsg>PHP Startup: MySQL server has gone away</errormsg>
	<scriptname>/klasy/class.bazasql.php</scriptname>
	<scriptlinenum>285</scriptlinenum>
</errorentry>

<errorentry>
	<datetime>2020-09-12 02:03:34</datetime>
	<errornum>E_WARNING</errornum>
	<errormsg>PHP Startup: Error while reading greeting packet. PID=33385</errormsg>
	<scriptname>/klasy/class.bazasql.php</scriptname>
	<scriptlinenum>285</scriptlinenum>
</errorentry>

<errorentry>
	<datetime>2020-09-12 02:03:34</datetime>
	<errornum>E_WARNING</errornum>
	<errormsg>PHP Startup: (HY000/2006): MySQL server has gone away</errormsg>
	<scriptname>/klasy/class.bazasql.php</scriptname>
	<scriptlinenum>285</scriptlinenum>
</errorentry>

<errorentry>
	<datetime>2020-09-12 02:03:34</datetime>
	<errornum>E_USER_ERROR</errornum>
	<errormsg>, ## MySQL server has gone away ## 2006</errormsg>
	<scriptname>/klasy/class.bazasql.php</scriptname>
	<scriptlinenum>297</scriptlinenum>
</errorentry>

<errorentry>
	<datetime>2020-09-12 02:03:34</datetime>
	<errornum>E_USER_ERROR</errornum>
	<errormsg>getConn: no connection BazaSql class</errormsg>
	<scriptname>/klasy/class.bazasql.php</scriptname>
	<scriptlinenum>263</scriptlinenum>
</errorentry>

<errorentry>
	<datetime>2020-09-12 02:03:34</datetime>
	<errornum>E_USER_ERROR</errornum>
	<errormsg>getWynik: invalid or empty query result BazaSql class</errormsg>
	<scriptname>/klasy/class.bazasql.php</scriptname>
	<scriptlinenum>368</scriptlinenum>
</errorentry>

<errorentry>
	<datetime>2020-09-12 02:03:34</datetime>
	<errornum>E_USER_ERROR</errornum>
	<errormsg>getWynik: invalid or empty query result BazaSql class</errormsg>
	<scriptname>/klasy/class.bazasql.php</scriptname>
	<scriptlinenum>368</scriptlinenum>
</errorentry>

<errorentry>
	<datetime>2020-09-12 02:03:34</datetime>
	<errornum>E_WARNING</errornum>
	<errormsg>PHP Startup: Couldn't fetch bazaSql</errormsg>
	<scriptname>/klasy/class.tekstform.php</scriptname>
	<scriptlinenum>485</scriptlinenum>
</errorentry>

<errorentry>
	<datetime>2020-09-12 02:03:34</datetime>
	<errornum>E_WARNING</errornum>
	<errormsg>PHP Startup: Couldn't fetch bazaSql</errormsg>
	<scriptname>/klasy/class.tekstform.php</scriptname>
	<scriptlinenum>485</scriptlinenum>
</errorentry>

<errorentry>
	<datetime>2020-09-12 02:03:34</datetime>
	<errornum>E_WARNING</errornum>
	<errormsg>PHP Startup: Couldn't fetch bazaSql</errormsg>
	<scriptname>/klasy/class.tekstform.php</scriptname>
	<scriptlinenum>485</scriptlinenum>
</errorentry>

<errorentry>
	<datetime>2020-09-12 02:03:34</datetime>
	<errornum>E_WARNING</errornum>
	<errormsg>PHP Startup: Couldn't fetch bazaSql</errormsg>
	<scriptname>/klasy/class.tekstform.php</scriptname>
	<scriptlinenum>485</scriptlinenum>
</errorentry>

<errorentry>
	<datetime>2020-09-12 02:03:34</datetime>
	<errornum>E_USER_ERROR</errornum>
	<errormsg>getConn: no connection BazaSql class</errormsg>
	<scriptname>/klasy/class.bazasql.php</scriptname>
	<scriptlinenum>263</scriptlinenum>
</errorentry>

<errorentry>
	<datetime>2020-09-12 02:03:34</datetime>
	<errornum>E_USER_ERROR</errornum>
	<errormsg>getWynik: invalid or empty query result BazaSql class</errormsg>
	<scriptname>/klasy/class.bazasql.php</scriptname>
	<scriptlinenum>368</scriptlinenum>
</errorentry>

<errorentry>
	<datetime>2020-09-12 02:03:34</datetime>
	<errornum>E_USER_ERROR</errornum>
	<errormsg>getWynik: invalid or empty query result BazaSql class</errormsg>
	<scriptname>/klasy/class.bazasql.php</scriptname>
	<scriptlinenum>368</scriptlinenum>
</errorentry>

<errorentry>
	<datetime>2020-09-12 02:03:34</datetime>
	<errornum>E_WARNING</errornum>
	<errormsg>PHP Startup: Couldn't fetch bazaSql</errormsg>
	<scriptname>/klasy/class.tekstform.php</scriptname>
	<scriptlinenum>485</scriptlinenum>
</errorentry>

<errorentry>
	<datetime>2020-09-12 02:03:34</datetime>
	<errornum>E_USER_ERROR</errornum>
	<errormsg>getConn: no connection BazaSql class</errormsg>
	<scriptname>/klasy/class.bazasql.php</scriptname>
	<scriptlinenum>263</scriptlinenum>
</errorentry>

<errorentry>
	<datetime>2020-09-12 02:03:34</datetime>
	<errornum>E_USER_ERROR</errornum>
	<errormsg>getWynik: invalid or empty query result BazaSql class</errormsg>
	<scriptname>/klasy/class.bazasql.php</scriptname>
	<scriptlinenum>368</scriptlinenum>
</errorentry>

<errorentry>
	<datetime>2020-09-12 02:03:34</datetime>
	<errornum>E_USER_ERROR</errornum>
	<errormsg>getWynik: invalid or empty query result BazaSql class</errormsg>
	<scriptname>/klasy/class.bazasql.php</scriptname>
	<scriptlinenum>368</scriptlinenum>
</errorentry>

<errorentry>
	<datetime>2020-09-12 02:03:34</datetime>
	<errornum>E_USER_ERROR</errornum>
	<errormsg>getConn: no connection BazaSql class</errormsg>
	<scriptname>/klasy/class.bazasql.php</scriptname>
	<scriptlinenum>263</scriptlinenum>
</errorentry>

<errorentry>
	<datetime>2020-09-12 02:03:34</datetime>
	<errornum>E_USER_ERROR</errornum>
	<errormsg>getWynik: invalid or empty query result BazaSql class</errormsg>
	<scriptname>/klasy/class.bazasql.php</scriptname>
	<scriptlinenum>368</scriptlinenum>
</errorentry>

<errorentry>
	<datetime>2020-09-12 02:03:34</datetime>
	<errornum>E_USER_ERROR</errornum>
	<errormsg>getWynik: invalid or empty query result BazaSql class</errormsg>
	<scriptname>/klasy/class.bazasql.php</scriptname>
	<scriptlinenum>368</scriptlinenum>
</errorentry>

<errorentry>
	<datetime>2020-09-12 02:03:34</datetime>
	<errornum>E_USER_ERROR</errornum>
	<errormsg>getConn: no connection BazaSql class</errormsg>
	<scriptname>/klasy/class.bazasql.php</scriptname>
	<scriptlinenum>263</scriptlinenum>
</errorentry>

<errorentry>
	<datetime>2020-09-12 02:03:34</datetime>
	<errornum>E_USER_ERROR</errornum>
	<errormsg>getWynik: invalid or empty query result BazaSql class</errormsg>
	<scriptname>/klasy/class.bazasql.php</scriptname>
	<scriptlinenum>368</scriptlinenum>
</errorentry>

<errorentry>
	<datetime>2020-09-12 02:03:34</datetime>
	<errornum>E_USER_ERROR</errornum>
	<errormsg>getWynik: invalid or empty query result BazaSql class</errormsg>
	<scriptname>/klasy/class.bazasql.php</scriptname>
	<scriptlinenum>368</scriptlinenum>
</errorentry>

<errorentry>
	<datetime>2020-09-12 02:10:37</datetime>
	<errornum>E_WARNING</errornum>
	<errormsg>PHP Startup: MySQL server has gone away</errormsg>
	<scriptname>/klasy/class.bazasql.php</scriptname>
	<scriptlinenum>285</scriptlinenum>
</errorentry>

<errorentry>
	<datetime>2020-09-12 02:10:37</datetime>
	<errornum>E_WARNING</errornum>
	<errormsg>PHP Startup: Error while reading greeting packet. PID=37698</errormsg>
	<scriptname>/klasy/class.bazasql.php</scriptname>
	<scriptlinenum>285</scriptlinenum>
</errorentry>

<errorentry>
	<datetime>2020-09-12 02:10:37</datetime>
	<errornum>E_WARNING</errornum>
	<errormsg>PHP Startup: (HY000/2006): MySQL server has gone away</errormsg>
	<scriptname>/klasy/class.bazasql.php</scriptname>
	<scriptlinenum>285</scriptlinenum>
</errorentry>

<errorentry>
	<datetime>2020-09-12 02:10:37</datetime>
	<errornum>E_USER_ERROR</errornum>
	<errormsg>, ## MySQL server has gone away ## 2006</errormsg>
	<scriptname>/klasy/class.bazasql.php</scriptname>
	<scriptlinenum>297</scriptlinenum>
</errorentry>

<errorentry>
	<datetime>2020-09-12 02:10:37</datetime>
	<errornum>E_USER_ERROR</errornum>
	<errormsg>getConn: no connection BazaSql class</errormsg>
	<scriptname>/klasy/class.bazasql.php</scriptname>
	<scriptlinenum>263</scriptlinenum>
</errorentry>

<errorentry>
	<datetime>2020-09-12 02:10:37</datetime>
	<errornum>E_USER_ERROR</errornum>
	<errormsg>getWynik: invalid or empty query result BazaSql class</errormsg>
	<scriptname>/klasy/class.bazasql.php</scriptname>
	<scriptlinenum>368</scriptlinenum>
</errorentry>

<errorentry>
	<datetime>2020-09-12 02:10:37</datetime>
	<errornum>E_USER_ERROR</errornum>
	<errormsg>getWynik: invalid or empty query result BazaSql class</errormsg>
	<scriptname>/klasy/class.bazasql.php</scriptname>
	<scriptlinenum>368</scriptlinenum>
</errorentry>

<errorentry>
	<datetime>2020-09-12 02:10:37</datetime>
	<errornum>E_WARNING</errornum>
	<errormsg>PHP Startup: Couldn't fetch bazaSql</errormsg>
	<scriptname>/klasy/class.tekstform.php</scriptname>
	<scriptlinenum>485</scriptlinenum>
</errorentry>

<errorentry>
	<datetime>2020-09-12 02:10:37</datetime>
	<errornum>E_WARNING</errornum>
	<errormsg>PHP Startup: Couldn't fetch bazaSql</errormsg>
	<scriptname>/klasy/class.tekstform.php</scriptname>
	<scriptlinenum>485</scriptlinenum>
</errorentry>

<errorentry>
	<datetime>2020-09-12 02:10:37</datetime>
	<errornum>E_WARNING</errornum>
	<errormsg>PHP Startup: Couldn't fetch bazaSql</errormsg>
	<scriptname>/klasy/class.tekstform.php</scriptname>
	<scriptlinenum>485</scriptlinenum>
</errorentry>

<errorentry>
	<datetime>2020-09-12 02:10:37</datetime>
	<errornum>E_WARNING</errornum>
	<errormsg>PHP Startup: Couldn't fetch bazaSql</errormsg>
	<scriptname>/klasy/class.tekstform.php</scriptname>
	<scriptlinenum>485</scriptlinenum>
</errorentry>

<errorentry>
	<datetime>2020-09-12 02:10:37</datetime>
	<errornum>E_USER_ERROR</errornum>
	<errormsg>getConn: no connection BazaSql class</errormsg>
	<scriptname>/klasy/class.bazasql.php</scriptname>
	<scriptlinenum>263</scriptlinenum>
</errorentry>

<errorentry>
	<datetime>2020-09-12 02:10:37</datetime>
	<errornum>E_USER_ERROR</errornum>
	<errormsg>getWynik: invalid or empty query result BazaSql class</errormsg>
	<scriptname>/klasy/class.bazasql.php</scriptname>
	<scriptlinenum>368</scriptlinenum>
</errorentry>

<errorentry>
	<datetime>2020-09-12 02:10:37</datetime>
	<errornum>E_USER_ERROR</errornum>
	<errormsg>getWynik: invalid or empty query result BazaSql class</errormsg>
	<scriptname>/klasy/class.bazasql.php</scriptname>
	<scriptlinenum>368</scriptlinenum>
</errorentry>

<errorentry>
	<datetime>2020-09-12 02:10:37</datetime>
	<errornum>E_WARNING</errornum>
	<errormsg>PHP Startup: Couldn't fetch bazaSql</errormsg>
	<scriptname>/klasy/class.tekstform.php</scriptname>
	<scriptlinenum>485</scriptlinenum>
</errorentry>

<errorentry>
	<datetime>2020-09-12 02:10:37</datetime>
	<errornum>E_USER_ERROR</errornum>
	<errormsg>getConn: no connection BazaSql class</errormsg>
	<scriptname>/klasy/class.bazasql.php</scriptname>
	<scriptlinenum>263</scriptlinenum>
</errorentry>

<errorentry>
	<datetime>2020-09-12 02:10:37</datetime>
	<errornum>E_USER_ERROR</errornum>
	<errormsg>getWynik: invalid or empty query result BazaSql class</errormsg>
	<scriptname>/klasy/class.bazasql.php</scriptname>
	<scriptlinenum>368</scriptlinenum>
</errorentry>

<errorentry>
	<datetime>2020-09-12 02:10:37</datetime>
	<errornum>E_USER_ERROR</errornum>
	<errormsg>getWynik: invalid or empty query result BazaSql class</errormsg>
	<scriptname>/klasy/class.bazasql.php</scriptname>
	<scriptlinenum>368</scriptlinenum>
</errorentry>

<errorentry>
	<datetime>2020-09-12 02:10:37</datetime>
	<errornum>E_NOTICE</errornum>
	<errormsg>Undefined variable: zap</errormsg>
	<scriptname>/mod/art/class.art.php</scriptname>
	<scriptlinenum>2419</scriptlinenum>
</errorentry>

<errorentry>
	<datetime>2020-09-12 02:10:37</datetime>
	<errornum>E_USER_ERROR</errornum>
	<errormsg>getWynik: invalid or empty query result BazaSql class</errormsg>
	<scriptname>/klasy/class.bazasql.php</scriptname>
	<scriptlinenum>368</scriptlinenum>
</errorentry>

<errorentry>
	<datetime>2020-09-12 02:10:37</datetime>
	<errornum>E_NOTICE</errornum>
	<errormsg>Undefined index: id_matka</errormsg>
	<scriptname>/mod/art/class.art.php</scriptname>
	<scriptlinenum>2425</scriptlinenum>
</errorentry>

<errorentry>
	<datetime>2020-09-12 02:10:37</datetime>
	<errornum>E_WARNING</errornum>
	<errormsg>Illegal string offset 'tytul'</errormsg>
	<scriptname>/mod/art/class.art.php</scriptname>
	<scriptlinenum>2426</scriptlinenum>
</errorentry>

<errorentry>
	<datetime>2020-09-12 02:10:37</datetime>
	<errornum>E_NOTICE</errornum>
	<errormsg>Uninitialized string offset: 0</errormsg>
	<scriptname>/mod/art/class.art.php</scriptname>
	<scriptlinenum>2426</scriptlinenum>
</errorentry>

<errorentry>
	<datetime>2020-09-12 02:10:37</datetime>
	<errornum>E_WARNING</errornum>
	<errormsg>PHP Startup: Couldn't fetch bazaSql</errormsg>
	<scriptname>/klasy/class.tekstform.php</scriptname>
	<scriptlinenum>485</scriptlinenum>
</errorentry>

<errorentry>
	<datetime>2020-09-12 02:10:37</datetime>
	<errornum>E_USER_ERROR</errornum>
	<errormsg>getConn: no connection BazaSql class</errormsg>
	<scriptname>/klasy/class.bazasql.php</scriptname>
	<scriptlinenum>263</scriptlinenum>
</errorentry>

<errorentry>
	<datetime>2020-09-12 02:10:37</datetime>
	<errornum>E_USER_ERROR</errornum>
	<errormsg>getWynik: invalid or empty query result BazaSql class</errormsg>
	<scriptname>/klasy/class.bazasql.php</scriptname>
	<scriptlinenum>368</scriptlinenum>
</errorentry>

<errorentry>
	<datetime>2020-09-12 02:10:37</datetime>
	<errornum>E_USER_ERROR</errornum>
	<errormsg>getWynik: invalid or empty query result BazaSql class</errormsg>
	<scriptname>/klasy/class.bazasql.php</scriptname>
	<scriptlinenum>368</scriptlinenum>
</errorentry>

<errorentry>
	<datetime>2020-09-12 02:10:37</datetime>
	<errornum>E_USER_ERROR</errornum>
	<errormsg>getConn: no connection BazaSql class</errormsg>
	<scriptname>/klasy/class.bazasql.php</scriptname>
	<scriptlinenum>263</scriptlinenum>
</errorentry>

<errorentry>
	<datetime>2020-09-12 02:10:37</datetime>
	<errornum>E_USER_ERROR</errornum>
	<errormsg>getWynik: invalid or empty query result BazaSql class</errormsg>
	<scriptname>/klasy/class.bazasql.php</scriptname>
	<scriptlinenum>368</scriptlinenum>
</errorentry>

<errorentry>
	<datetime>2020-09-12 02:10:37</datetime>
	<errornum>E_USER_ERROR</errornum>
	<errormsg>getWynik: invalid or empty query result BazaSql class</errormsg>
	<scriptname>/klasy/class.bazasql.php</scriptname>
	<scriptlinenum>368</scriptlinenum>
</errorentry>

<errorentry>
	<datetime>2020-09-12 02:13:09</datetime>
	<errornum>E_WARNING</errornum>
	<errormsg>PHP Startup: MySQL server has gone away</errormsg>
	<scriptname>/klasy/class.bazasql.php</scriptname>
	<scriptlinenum>285</scriptlinenum>
</errorentry>

<errorentry>
	<datetime>2020-09-12 02:13:09</datetime>
	<errornum>E_WARNING</errornum>
	<errormsg>PHP Startup: Error while reading greeting packet. PID=37698</errormsg>
	<scriptname>/klasy/class.bazasql.php</scriptname>
	<scriptlinenum>285</scriptlinenum>
</errorentry>

<errorentry>
	<datetime>2020-09-12 02:13:09</datetime>
	<errornum>E_WARNING</errornum>
	<errormsg>PHP Startup: (HY000/2006): MySQL server has gone away</errormsg>
	<scriptname>/klasy/class.bazasql.php</scriptname>
	<scriptlinenum>285</scriptlinenum>
</errorentry>

<errorentry>
	<datetime>2020-09-12 02:13:09</datetime>
	<errornum>E_USER_ERROR</errornum>
	<errormsg>, ## MySQL server has gone away ## 2006</errormsg>
	<scriptname>/klasy/class.bazasql.php</scriptname>
	<scriptlinenum>297</scriptlinenum>
</errorentry>

<errorentry>
	<datetime>2020-09-12 02:13:09</datetime>
	<errornum>E_USER_ERROR</errornum>
	<errormsg>getConn: no connection BazaSql class</errormsg>
	<scriptname>/klasy/class.bazasql.php</scriptname>
	<scriptlinenum>263</scriptlinenum>
</errorentry>

<errorentry>
	<datetime>2020-09-12 02:13:09</datetime>
	<errornum>E_USER_ERROR</errornum>
	<errormsg>getWynik: invalid or empty query result BazaSql class</errormsg>
	<scriptname>/klasy/class.bazasql.php</scriptname>
	<scriptlinenum>368</scriptlinenum>
</errorentry>

<errorentry>
	<datetime>2020-09-12 02:13:09</datetime>
	<errornum>E_USER_ERROR</errornum>
	<errormsg>getWynik: invalid or empty query result BazaSql class</errormsg>
	<scriptname>/klasy/class.bazasql.php</scriptname>
	<scriptlinenum>368</scriptlinenum>
</errorentry>

<errorentry>
	<datetime>2020-09-12 02:13:09</datetime>
	<errornum>E_WARNING</errornum>
	<errormsg>PHP Startup: Couldn't fetch bazaSql</errormsg>
	<scriptname>/klasy/class.tekstform.php</scriptname>
	<scriptlinenum>485</scriptlinenum>
</errorentry>

<errorentry>
	<datetime>2020-09-12 02:13:09</datetime>
	<errornum>E_WARNING</errornum>
	<errormsg>PHP Startup: Couldn't fetch bazaSql</errormsg>
	<scriptname>/klasy/class.tekstform.php</scriptname>
	<scriptlinenum>485</scriptlinenum>
</errorentry>

<errorentry>
	<datetime>2020-09-12 02:13:09</datetime>
	<errornum>E_WARNING</errornum>
	<errormsg>PHP Startup: Couldn't fetch bazaSql</errormsg>
	<scriptname>/klasy/class.tekstform.php</scriptname>
	<scriptlinenum>485</scriptlinenum>
</errorentry>

<errorentry>
	<datetime>2020-09-12 02:13:09</datetime>
	<errornum>E_WARNING</errornum>
	<errormsg>PHP Startup: Couldn't fetch bazaSql</errormsg>
	<scriptname>/klasy/class.tekstform.php</scriptname>
	<scriptlinenum>485</scriptlinenum>
</errorentry>

<errorentry>
	<datetime>2020-09-12 02:13:09</datetime>
	<errornum>E_USER_ERROR</errornum>
	<errormsg>getConn: no connection BazaSql class</errormsg>
	<scriptname>/klasy/class.bazasql.php</scriptname>
	<scriptlinenum>263</scriptlinenum>
</errorentry>

<errorentry>
	<datetime>2020-09-12 02:13:09</datetime>
	<errornum>E_USER_ERROR</errornum>
	<errormsg>getWynik: invalid or empty query result BazaSql class</errormsg>
	<scriptname>/klasy/class.bazasql.php</scriptname>
	<scriptlinenum>368</scriptlinenum>
</errorentry>

<errorentry>
	<datetime>2020-09-12 02:13:09</datetime>
	<errornum>E_USER_ERROR</errornum>
	<errormsg>getWynik: invalid or empty query result BazaSql class</errormsg>
	<scriptname>/klasy/class.bazasql.php</scriptname>
	<scriptlinenum>368</scriptlinenum>
</errorentry>

<errorentry>
	<datetime>2020-09-12 02:13:09</datetime>
	<errornum>E_WARNING</errornum>
	<errormsg>PHP Startup: Couldn't fetch bazaSql</errormsg>
	<scriptname>/klasy/class.tekstform.php</scriptname>
	<scriptlinenum>485</scriptlinenum>
</errorentry>

<errorentry>
	<datetime>2020-09-12 02:13:09</datetime>
	<errornum>E_USER_ERROR</errornum>
	<errormsg>getConn: no connection BazaSql class</errormsg>
	<scriptname>/klasy/class.bazasql.php</scriptname>
	<scriptlinenum>263</scriptlinenum>
</errorentry>

<errorentry>
	<datetime>2020-09-12 02:13:09</datetime>
	<errornum>E_USER_ERROR</errornum>
	<errormsg>getWynik: invalid or empty query result BazaSql class</errormsg>
	<scriptname>/klasy/class.bazasql.php</scriptname>
	<scriptlinenum>368</scriptlinenum>
</errorentry>

<errorentry>
	<datetime>2020-09-12 02:13:09</datetime>
	<errornum>E_USER_ERROR</errornum>
	<errormsg>getWynik: invalid or empty query result BazaSql class</errormsg>
	<scriptname>/klasy/class.bazasql.php</scriptname>
	<scriptlinenum>368</scriptlinenum>
</errorentry>

<errorentry>
	<datetime>2020-09-12 02:13:09</datetime>
	<errornum>E_USER_ERROR</errornum>
	<errormsg>getConn: no connection BazaSql class</errormsg>
	<scriptname>/klasy/class.bazasql.php</scriptname>
	<scriptlinenum>263</scriptlinenum>
</errorentry>

<errorentry>
	<datetime>2020-09-12 02:13:09</datetime>
	<errornum>E_USER_ERROR</errornum>
	<errormsg>getWynik: invalid or empty query result BazaSql class</errormsg>
	<scriptname>/klasy/class.bazasql.php</scriptname>
	<scriptlinenum>368</scriptlinenum>
</errorentry>

<errorentry>
	<datetime>2020-09-12 02:13:09</datetime>
	<errornum>E_USER_ERROR</errornum>
	<errormsg>getWynik: invalid or empty query result BazaSql class</errormsg>
	<scriptname>/klasy/class.bazasql.php</scriptname>
	<scriptlinenum>368</scriptlinenum>
</errorentry>

<errorentry>
	<datetime>2020-09-12 02:19:59</datetime>
	<errornum>E_WARNING</errornum>
	<errormsg>PHP Startup: MySQL server has gone away</errormsg>
	<scriptname>/klasy/class.bazasql.php</scriptname>
	<scriptlinenum>285</scriptlinenum>
</errorentry>

<errorentry>
	<datetime>2020-09-12 02:19:59</datetime>
	<errornum>E_WARNING</errornum>
	<errormsg>PHP Startup: Error while reading greeting packet. PID=42207</errormsg>
	<scriptname>/klasy/class.bazasql.php</scriptname>
	<scriptlinenum>285</scriptlinenum>
</errorentry>

<errorentry>
	<datetime>2020-09-12 02:19:59</datetime>
	<errornum>E_WARNING</errornum>
	<errormsg>PHP Startup: (HY000/2006): MySQL server has gone away</errormsg>
	<scriptname>/klasy/class.bazasql.php</scriptname>
	<scriptlinenum>285</scriptlinenum>
</errorentry>

<errorentry>
	<datetime>2020-09-12 02:19:59</datetime>
	<errornum>E_USER_ERROR</errornum>
	<errormsg>, ## MySQL server has gone away ## 2006</errormsg>
	<scriptname>/klasy/class.bazasql.php</scriptname>
	<scriptlinenum>297</scriptlinenum>
</errorentry>

<errorentry>
	<datetime>2020-09-12 02:19:59</datetime>
	<errornum>E_USER_ERROR</errornum>
	<errormsg>getConn: no connection BazaSql class</errormsg>
	<scriptname>/klasy/class.bazasql.php</scriptname>
	<scriptlinenum>263</scriptlinenum>
</errorentry>

<errorentry>
	<datetime>2020-09-12 02:19:59</datetime>
	<errornum>E_USER_ERROR</errornum>
	<errormsg>getWynik: invalid or empty query result BazaSql class</errormsg>
	<scriptname>/klasy/class.bazasql.php</scriptname>
	<scriptlinenum>368</scriptlinenum>
</errorentry>

<errorentry>
	<datetime>2020-09-12 02:19:59</datetime>
	<errornum>E_USER_ERROR</errornum>
	<errormsg>getWynik: invalid or empty query result BazaSql class</errormsg>
	<scriptname>/klasy/class.bazasql.php</scriptname>
	<scriptlinenum>368</scriptlinenum>
</errorentry>

<errorentry>
	<datetime>2020-09-12 02:19:59</datetime>
	<errornum>E_WARNING</errornum>
	<errormsg>PHP Startup: Couldn't fetch bazaSql</errormsg>
	<scriptname>/klasy/class.tekstform.php</scriptname>
	<scriptlinenum>485</scriptlinenum>
</errorentry>

<errorentry>
	<datetime>2020-09-12 02:19:59</datetime>
	<errornum>E_WARNING</errornum>
	<errormsg>PHP Startup: Couldn't fetch bazaSql</errormsg>
	<scriptname>/klasy/class.tekstform.php</scriptname>
	<scriptlinenum>485</scriptlinenum>
</errorentry>

<errorentry>
	<datetime>2020-09-12 02:19:59</datetime>
	<errornum>E_WARNING</errornum>
	<errormsg>PHP Startup: Couldn't fetch bazaSql</errormsg>
	<scriptname>/klasy/class.tekstform.php</scriptname>
	<scriptlinenum>485</scriptlinenum>
</errorentry>

<errorentry>
	<datetime>2020-09-12 02:19:59</datetime>
	<errornum>E_WARNING</errornum>
	<errormsg>PHP Startup: Couldn't fetch bazaSql</errormsg>
	<scriptname>/klasy/class.tekstform.php</scriptname>
	<scriptlinenum>485</scriptlinenum>
</errorentry>

<errorentry>
	<datetime>2020-09-12 02:19:59</datetime>
	<errornum>E_USER_ERROR</errornum>
	<errormsg>getConn: no connection BazaSql class</errormsg>
	<scriptname>/klasy/class.bazasql.php</scriptname>
	<scriptlinenum>263</scriptlinenum>
</errorentry>

<errorentry>
	<datetime>2020-09-12 02:19:59</datetime>
	<errornum>E_USER_ERROR</errornum>
	<errormsg>getWynik: invalid or empty query result BazaSql class</errormsg>
	<scriptname>/klasy/class.bazasql.php</scriptname>
	<scriptlinenum>368</scriptlinenum>
</errorentry>

<errorentry>
	<datetime>2020-09-12 02:19:59</datetime>
	<errornum>E_USER_ERROR</errornum>
	<errormsg>getWynik: invalid or empty query result BazaSql class</errormsg>
	<scriptname>/klasy/class.bazasql.php</scriptname>
	<scriptlinenum>368</scriptlinenum>
</errorentry>

<errorentry>
	<datetime>2020-09-12 02:19:59</datetime>
	<errornum>E_WARNING</errornum>
	<errormsg>PHP Startup: Couldn't fetch bazaSql</errormsg>
	<scriptname>/klasy/class.tekstform.php</scriptname>
	<scriptlinenum>485</scriptlinenum>
</errorentry>

<errorentry>
	<datetime>2020-09-12 02:19:59</datetime>
	<errornum>E_USER_ERROR</errornum>
	<errormsg>getConn: no connection BazaSql class</errormsg>
	<scriptname>/klasy/class.bazasql.php</scriptname>
	<scriptlinenum>263</scriptlinenum>
</errorentry>

<errorentry>
	<datetime>2020-09-12 02:19:59</datetime>
	<errornum>E_USER_ERROR</errornum>
	<errormsg>getWynik: invalid or empty query result BazaSql class</errormsg>
	<scriptname>/klasy/class.bazasql.php</scriptname>
	<scriptlinenum>368</scriptlinenum>
</errorentry>

<errorentry>
	<datetime>2020-09-12 02:19:59</datetime>
	<errornum>E_USER_ERROR</errornum>
	<errormsg>getWynik: invalid or empty query result BazaSql class</errormsg>
	<scriptname>/klasy/class.bazasql.php</scriptname>
	<scriptlinenum>368</scriptlinenum>
</errorentry>

<errorentry>
	<datetime>2020-09-12 02:19:59</datetime>
	<errornum>E_USER_ERROR</errornum>
	<errormsg>getConn: no connection BazaSql class</errormsg>
	<scriptname>/klasy/class.bazasql.php</scriptname>
	<scriptlinenum>263</scriptlinenum>
</errorentry>

<errorentry>
	<datetime>2020-09-12 02:19:59</datetime>
	<errornum>E_USER_ERROR</errornum>
	<errormsg>getWynik: invalid or empty query result BazaSql class</errormsg>
	<scriptname>/klasy/class.bazasql.php</scriptname>
	<scriptlinenum>368</scriptlinenum>
</errorentry>

<errorentry>
	<datetime>2020-09-12 02:19:59</datetime>
	<errornum>E_USER_ERROR</errornum>
	<errormsg>getWynik: invalid or empty query result BazaSql class</errormsg>
	<scriptname>/klasy/class.bazasql.php</scriptname>
	<scriptlinenum>368</scriptlinenum>
</errorentry>

<errorentry>
	<datetime>2020-09-12 02:21:24</datetime>
	<errornum>E_WARNING</errornum>
	<errormsg>PHP Startup: MySQL server has gone away</errormsg>
	<scriptname>/klasy/class.bazasql.php</scriptname>
	<scriptlinenum>285</scriptlinenum>
</errorentry>

<errorentry>
	<datetime>2020-09-12 02:21:24</datetime>
	<errornum>E_WARNING</errornum>
	<errormsg>PHP Startup: Error while reading greeting packet. PID=42207</errormsg>
	<scriptname>/klasy/class.bazasql.php</scriptname>
	<scriptlinenum>285</scriptlinenum>
</errorentry>

<errorentry>
	<datetime>2020-09-12 02:21:24</datetime>
	<errornum>E_WARNING</errornum>
	<errormsg>PHP Startup: (HY000/2006): MySQL server has gone away</errormsg>
	<scriptname>/klasy/class.bazasql.php</scriptname>
	<scriptlinenum>285</scriptlinenum>
</errorentry>

<errorentry>
	<datetime>2020-09-12 02:21:24</datetime>
	<errornum>E_USER_ERROR</errornum>
	<errormsg>, ## MySQL server has gone away ## 2006</errormsg>
	<scriptname>/klasy/class.bazasql.php</scriptname>
	<scriptlinenum>297</scriptlinenum>
</errorentry>

<errorentry>
	<datetime>2020-09-12 02:21:24</datetime>
	<errornum>E_USER_ERROR</errornum>
	<errormsg>getConn: no connection BazaSql class</errormsg>
	<scriptname>/klasy/class.bazasql.php</scriptname>
	<scriptlinenum>263</scriptlinenum>
</errorentry>

<errorentry>
	<datetime>2020-09-12 02:21:24</datetime>
	<errornum>E_USER_ERROR</errornum>
	<errormsg>getWynik: invalid or empty query result BazaSql class</errormsg>
	<scriptname>/klasy/class.bazasql.php</scriptname>
	<scriptlinenum>368</scriptlinenum>
</errorentry>

<errorentry>
	<datetime>2020-09-12 02:21:24</datetime>
	<errornum>E_USER_ERROR</errornum>
	<errormsg>getWynik: invalid or empty query result BazaSql class</errormsg>
	<scriptname>/klasy/class.bazasql.php</scriptname>
	<scriptlinenum>368</scriptlinenum>
</errorentry>

<errorentry>
	<datetime>2020-09-12 02:21:24</datetime>
	<errornum>E_WARNING</errornum>
	<errormsg>PHP Startup: Couldn't fetch bazaSql</errormsg>
	<scriptname>/klasy/class.tekstform.php</scriptname>
	<scriptlinenum>485</scriptlinenum>
</errorentry>

<errorentry>
	<datetime>2020-09-12 02:21:24</datetime>
	<errornum>E_WARNING</errornum>
	<errormsg>PHP Startup: Couldn't fetch bazaSql</errormsg>
	<scriptname>/klasy/class.tekstform.php</scriptname>
	<scriptlinenum>485</scriptlinenum>
</errorentry>

<errorentry>
	<datetime>2020-09-12 02:21:24</datetime>
	<errornum>E_WARNING</errornum>
	<errormsg>PHP Startup: Couldn't fetch bazaSql</errormsg>
	<scriptname>/klasy/class.tekstform.php</scriptname>
	<scriptlinenum>485</scriptlinenum>
</errorentry>

<errorentry>
	<datetime>2020-09-12 02:21:24</datetime>
	<errornum>E_WARNING</errornum>
	<errormsg>PHP Startup: Couldn't fetch bazaSql</errormsg>
	<scriptname>/klasy/class.tekstform.php</scriptname>
	<scriptlinenum>485</scriptlinenum>
</errorentry>

<errorentry>
	<datetime>2020-09-12 02:21:24</datetime>
	<errornum>E_USER_ERROR</errornum>
	<errormsg>getConn: no connection BazaSql class</errormsg>
	<scriptname>/klasy/class.bazasql.php</scriptname>
	<scriptlinenum>263</scriptlinenum>
</errorentry>

<errorentry>
	<datetime>2020-09-12 02:21:24</datetime>
	<errornum>E_USER_ERROR</errornum>
	<errormsg>getWynik: invalid or empty query result BazaSql class</errormsg>
	<scriptname>/klasy/class.bazasql.php</scriptname>
	<scriptlinenum>368</scriptlinenum>
</errorentry>

<errorentry>
	<datetime>2020-09-12 02:21:24</datetime>
	<errornum>E_USER_ERROR</errornum>
	<errormsg>getWynik: invalid or empty query result BazaSql class</errormsg>
	<scriptname>/klasy/class.bazasql.php</scriptname>
	<scriptlinenum>368</scriptlinenum>
</errorentry>

<errorentry>
	<datetime>2020-09-12 02:21:24</datetime>
	<errornum>E_WARNING</errornum>
	<errormsg>PHP Startup: Couldn't fetch bazaSql</errormsg>
	<scriptname>/klasy/class.tekstform.php</scriptname>
	<scriptlinenum>485</scriptlinenum>
</errorentry>

<errorentry>
	<datetime>2020-09-12 02:21:24</datetime>
	<errornum>E_USER_ERROR</errornum>
	<errormsg>getConn: no connection BazaSql class</errormsg>
	<scriptname>/klasy/class.bazasql.php</scriptname>
	<scriptlinenum>263</scriptlinenum>
</errorentry>

<errorentry>
	<datetime>2020-09-12 02:21:24</datetime>
	<errornum>E_USER_ERROR</errornum>
	<errormsg>getWynik: invalid or empty query result BazaSql class</errormsg>
	<scriptname>/klasy/class.bazasql.php</scriptname>
	<scriptlinenum>368</scriptlinenum>
</errorentry>

<errorentry>
	<datetime>2020-09-12 02:21:24</datetime>
	<errornum>E_USER_ERROR</errornum>
	<errormsg>getWynik: invalid or empty query result BazaSql class</errormsg>
	<scriptname>/klasy/class.bazasql.php</scriptname>
	<scriptlinenum>368</scriptlinenum>
</errorentry>

<errorentry>
	<datetime>2020-09-12 02:21:24</datetime>
	<errornum>E_NOTICE</errornum>
	<errormsg>Undefined variable: zap</errormsg>
	<scriptname>/mod/art/class.art.php</scriptname>
	<scriptlinenum>2284</scriptlinenum>
</errorentry>

<errorentry>
	<datetime>2020-09-12 02:21:24</datetime>
	<errornum>E_USER_ERROR</errornum>
	<errormsg>getWynik: invalid or empty query result BazaSql class</errormsg>
	<scriptname>/klasy/class.bazasql.php</scriptname>
	<scriptlinenum>368</scriptlinenum>
</errorentry>

<errorentry>
	<datetime>2020-09-12 02:21:24</datetime>
	<errornum>E_WARNING</errornum>
	<errormsg>PHP Startup: Couldn't fetch bazaSql</errormsg>
	<scriptname>/klasy/class.tekstform.php</scriptname>
	<scriptlinenum>485</scriptlinenum>
</errorentry>

<errorentry>
	<datetime>2020-09-12 02:21:24</datetime>
	<errornum>E_USER_ERROR</errornum>
	<errormsg>getConn: no connection BazaSql class</errormsg>
	<scriptname>/klasy/class.bazasql.php</scriptname>
	<scriptlinenum>263</scriptlinenum>
</errorentry>

<errorentry>
	<datetime>2020-09-12 02:21:24</datetime>
	<errornum>E_USER_ERROR</errornum>
	<errormsg>getWynik: invalid or empty query result BazaSql class</errormsg>
	<scriptname>/klasy/class.bazasql.php</scriptname>
	<scriptlinenum>368</scriptlinenum>
</errorentry>

<errorentry>
	<datetime>2020-09-12 02:21:24</datetime>
	<errornum>E_USER_ERROR</errornum>
	<errormsg>getWynik: invalid or empty query result BazaSql class</errormsg>
	<scriptname>/klasy/class.bazasql.php</scriptname>
	<scriptlinenum>368</scriptlinenum>
</errorentry>

<errorentry>
	<datetime>2020-09-12 02:21:24</datetime>
	<errornum>E_USER_ERROR</errornum>
	<errormsg>getConn: no connection BazaSql class</errormsg>
	<scriptname>/klasy/class.bazasql.php</scriptname>
	<scriptlinenum>263</scriptlinenum>
</errorentry>

<errorentry>
	<datetime>2020-09-12 02:21:24</datetime>
	<errornum>E_USER_ERROR</errornum>
	<errormsg>getWynik: invalid or empty query result BazaSql class</errormsg>
	<scriptname>/klasy/class.bazasql.php</scriptname>
	<scriptlinenum>368</scriptlinenum>
</errorentry>

<errorentry>
	<datetime>2020-09-12 02:21:24</datetime>
	<errornum>E_USER_ERROR</errornum>
	<errormsg>getWynik: invalid or empty query result BazaSql class</errormsg>
	<scriptname>/klasy/class.bazasql.php</scriptname>
	<scriptlinenum>368</scriptlinenum>
</errorentry>

<errorentry>
	<datetime>2020-09-12 02:23:59</datetime>
	<errornum>E_WARNING</errornum>
	<errormsg>PHP Startup: MySQL server has gone away</errormsg>
	<scriptname>/klasy/class.bazasql.php</scriptname>
	<scriptlinenum>285</scriptlinenum>
</errorentry>

<errorentry>
	<datetime>2020-09-12 02:23:59</datetime>
	<errornum>E_WARNING</errornum>
	<errormsg>PHP Startup: Error while reading greeting packet. PID=42207</errormsg>
	<scriptname>/klasy/class.bazasql.php</scriptname>
	<scriptlinenum>285</scriptlinenum>
</errorentry>

<errorentry>
	<datetime>2020-09-12 02:23:59</datetime>
	<errornum>E_WARNING</errornum>
	<errormsg>PHP Startup: (HY000/2006): MySQL server has gone away</errormsg>
	<scriptname>/klasy/class.bazasql.php</scriptname>
	<scriptlinenum>285</scriptlinenum>
</errorentry>

<errorentry>
	<datetime>2020-09-12 02:23:59</datetime>
	<errornum>E_USER_ERROR</errornum>
	<errormsg>, ## MySQL server has gone away ## 2006</errormsg>
	<scriptname>/klasy/class.bazasql.php</scriptname>
	<scriptlinenum>297</scriptlinenum>
</errorentry>

<errorentry>
	<datetime>2020-09-12 02:23:59</datetime>
	<errornum>E_USER_ERROR</errornum>
	<errormsg>getConn: no connection BazaSql class</errormsg>
	<scriptname>/klasy/class.bazasql.php</scriptname>
	<scriptlinenum>263</scriptlinenum>
</errorentry>

<errorentry>
	<datetime>2020-09-12 02:23:59</datetime>
	<errornum>E_USER_ERROR</errornum>
	<errormsg>getWynik: invalid or empty query result BazaSql class</errormsg>
	<scriptname>/klasy/class.bazasql.php</scriptname>
	<scriptlinenum>368</scriptlinenum>
</errorentry>

<errorentry>
	<datetime>2020-09-12 02:23:59</datetime>
	<errornum>E_USER_ERROR</errornum>
	<errormsg>getWynik: invalid or empty query result BazaSql class</errormsg>
	<scriptname>/klasy/class.bazasql.php</scriptname>
	<scriptlinenum>368</scriptlinenum>
</errorentry>

<errorentry>
	<datetime>2020-09-12 02:23:59</datetime>
	<errornum>E_WARNING</errornum>
	<errormsg>PHP Startup: Couldn't fetch bazaSql</errormsg>
	<scriptname>/klasy/class.tekstform.php</scriptname>
	<scriptlinenum>485</scriptlinenum>
</errorentry>

<errorentry>
	<datetime>2020-09-12 02:23:59</datetime>
	<errornum>E_WARNING</errornum>
	<errormsg>PHP Startup: Couldn't fetch bazaSql</errormsg>
	<scriptname>/klasy/class.tekstform.php</scriptname>
	<scriptlinenum>485</scriptlinenum>
</errorentry>

<errorentry>
	<datetime>2020-09-12 02:23:59</datetime>
	<errornum>E_WARNING</errornum>
	<errormsg>PHP Startup: Couldn't fetch bazaSql</errormsg>
	<scriptname>/klasy/class.tekstform.php</scriptname>
	<scriptlinenum>485</scriptlinenum>
</errorentry>

<errorentry>
	<datetime>2020-09-12 02:23:59</datetime>
	<errornum>E_WARNING</errornum>
	<errormsg>PHP Startup: Couldn't fetch bazaSql</errormsg>
	<scriptname>/klasy/class.tekstform.php</scriptname>
	<scriptlinenum>485</scriptlinenum>
</errorentry>

<errorentry>
	<datetime>2020-09-12 02:23:59</datetime>
	<errornum>E_USER_ERROR</errornum>
	<errormsg>getConn: no connection BazaSql class</errormsg>
	<scriptname>/klasy/class.bazasql.php</scriptname>
	<scriptlinenum>263</scriptlinenum>
</errorentry>

<errorentry>
	<datetime>2020-09-12 02:23:59</datetime>
	<errornum>E_USER_ERROR</errornum>
	<errormsg>getWynik: invalid or empty query result BazaSql class</errormsg>
	<scriptname>/klasy/class.bazasql.php</scriptname>
	<scriptlinenum>368</scriptlinenum>
</errorentry>

<errorentry>
	<datetime>2020-09-12 02:23:59</datetime>
	<errornum>E_USER_ERROR</errornum>
	<errormsg>getWynik: invalid or empty query result BazaSql class</errormsg>
	<scriptname>/klasy/class.bazasql.php</scriptname>
	<scriptlinenum>368</scriptlinenum>
</errorentry>

<errorentry>
	<datetime>2020-09-12 02:23:59</datetime>
	<errornum>E_WARNING</errornum>
	<errormsg>PHP Startup: Couldn't fetch bazaSql</errormsg>
	<scriptname>/klasy/class.tekstform.php</scriptname>
	<scriptlinenum>485</scriptlinenum>
</errorentry>

<errorentry>
	<datetime>2020-09-12 02:23:59</datetime>
	<errornum>E_USER_ERROR</errornum>
	<errormsg>getConn: no connection BazaSql class</errormsg>
	<scriptname>/klasy/class.bazasql.php</scriptname>
	<scriptlinenum>263</scriptlinenum>
</errorentry>

<errorentry>
	<datetime>2020-09-12 02:23:59</datetime>
	<errornum>E_USER_ERROR</errornum>
	<errormsg>getWynik: invalid or empty query result BazaSql class</errormsg>
	<scriptname>/klasy/class.bazasql.php</scriptname>
	<scriptlinenum>368</scriptlinenum>
</errorentry>

<errorentry>
	<datetime>2020-09-12 02:23:59</datetime>
	<errornum>E_USER_ERROR</errornum>
	<errormsg>getWynik: invalid or empty query result BazaSql class</errormsg>
	<scriptname>/klasy/class.bazasql.php</scriptname>
	<scriptlinenum>368</scriptlinenum>
</errorentry>

<errorentry>
	<datetime>2020-09-12 02:23:59</datetime>
	<errornum>E_NOTICE</errornum>
	<errormsg>Undefined index: zajawka</errormsg>
	<scriptname>/mod/art/class.art.php</scriptname>
	<scriptlinenum>2459</scriptlinenum>
</errorentry>

<errorentry>
	<datetime>2020-09-12 02:23:59</datetime>
	<errornum>E_WARNING</errornum>
	<errormsg>PHP Startup: Couldn't fetch bazaSql</errormsg>
	<scriptname>/klasy/class.tekstform.php</scriptname>
	<scriptlinenum>485</scriptlinenum>
</errorentry>

<errorentry>
	<datetime>2020-09-12 02:23:59</datetime>
	<errornum>E_USER_ERROR</errornum>
	<errormsg>getConn: no connection BazaSql class</errormsg>
	<scriptname>/klasy/class.bazasql.php</scriptname>
	<scriptlinenum>263</scriptlinenum>
</errorentry>

<errorentry>
	<datetime>2020-09-12 02:23:59</datetime>
	<errornum>E_USER_ERROR</errornum>
	<errormsg>getWynik: invalid or empty query result BazaSql class</errormsg>
	<scriptname>/klasy/class.bazasql.php</scriptname>
	<scriptlinenum>368</scriptlinenum>
</errorentry>

<errorentry>
	<datetime>2020-09-12 02:23:59</datetime>
	<errornum>E_USER_ERROR</errornum>
	<errormsg>getWynik: invalid or empty query result BazaSql class</errormsg>
	<scriptname>/klasy/class.bazasql.php</scriptname>
	<scriptlinenum>368</scriptlinenum>
</errorentry>

<errorentry>
	<datetime>2020-09-12 02:23:59</datetime>
	<errornum>E_NOTICE</errornum>
	<errormsg>Undefined index: id_matka</errormsg>
	<scriptname>/mod/art/class.art.php</scriptname>
	<scriptlinenum>2470</scriptlinenum>
</errorentry>

<errorentry>
	<datetime>2020-09-12 02:23:59</datetime>
	<errornum>E_WARNING</errornum>
	<errormsg>Illegal string offset 'tytul'</errormsg>
	<scriptname>/mod/art/class.art.php</scriptname>
	<scriptlinenum>2471</scriptlinenum>
</errorentry>

<errorentry>
	<datetime>2020-09-12 02:23:59</datetime>
	<errornum>E_NOTICE</errornum>
	<errormsg>Uninitialized string offset: 0</errormsg>
	<scriptname>/mod/art/class.art.php</scriptname>
	<scriptlinenum>2471</scriptlinenum>
</errorentry>

<errorentry>
	<datetime>2020-09-12 02:23:59</datetime>
	<errornum>E_NOTICE</errornum>
	<errormsg>Undefined index: zajawka</errormsg>
	<scriptname>/mod/art/class.art.php</scriptname>
	<scriptlinenum>2476</scriptlinenum>
</errorentry>

<errorentry>
	<datetime>2020-09-12 02:23:59</datetime>
	<errornum>E_USER_ERROR</errornum>
	<errormsg>getConn: no connection BazaSql class</errormsg>
	<scriptname>/klasy/class.bazasql.php</scriptname>
	<scriptlinenum>263</scriptlinenum>
</errorentry>

<errorentry>
	<datetime>2020-09-12 02:23:59</datetime>
	<errornum>E_USER_ERROR</errornum>
	<errormsg>getWynik: invalid or empty query result BazaSql class</errormsg>
	<scriptname>/klasy/class.bazasql.php</scriptname>
	<scriptlinenum>368</scriptlinenum>
</errorentry>

<errorentry>
	<datetime>2020-09-12 02:23:59</datetime>
	<errornum>E_USER_ERROR</errornum>
	<errormsg>getWynik: invalid or empty query result BazaSql class</errormsg>
	<scriptname>/klasy/class.bazasql.php</scriptname>
	<scriptlinenum>368</scriptlinenum>
</errorentry>

<errorentry>
	<datetime>2020-09-12 02:25:21</datetime>
	<errornum>E_WARNING</errornum>
	<errormsg>PHP Startup: MySQL server has gone away</errormsg>
	<scriptname>/klasy/class.bazasql.php</scriptname>
	<scriptlinenum>285</scriptlinenum>
</errorentry>

<errorentry>
	<datetime>2020-09-12 02:25:21</datetime>
	<errornum>E_WARNING</errornum>
	<errormsg>PHP Startup: Error while reading greeting packet. PID=42207</errormsg>
	<scriptname>/klasy/class.bazasql.php</scriptname>
	<scriptlinenum>285</scriptlinenum>
</errorentry>

<errorentry>
	<datetime>2020-09-12 02:25:21</datetime>
	<errornum>E_WARNING</errornum>
	<errormsg>PHP Startup: (HY000/2006): MySQL server has gone away</errormsg>
	<scriptname>/klasy/class.bazasql.php</scriptname>
	<scriptlinenum>285</scriptlinenum>
</errorentry>

<errorentry>
	<datetime>2020-09-12 02:25:21</datetime>
	<errornum>E_USER_ERROR</errornum>
	<errormsg>, ## MySQL server has gone away ## 2006</errormsg>
	<scriptname>/klasy/class.bazasql.php</scriptname>
	<scriptlinenum>297</scriptlinenum>
</errorentry>

<errorentry>
	<datetime>2020-09-12 02:25:21</datetime>
	<errornum>E_USER_ERROR</errornum>
	<errormsg>getConn: no connection BazaSql class</errormsg>
	<scriptname>/klasy/class.bazasql.php</scriptname>
	<scriptlinenum>263</scriptlinenum>
</errorentry>

<errorentry>
	<datetime>2020-09-12 02:25:21</datetime>
	<errornum>E_USER_ERROR</errornum>
	<errormsg>getWynik: invalid or empty query result BazaSql class</errormsg>
	<scriptname>/klasy/class.bazasql.php</scriptname>
	<scriptlinenum>368</scriptlinenum>
</errorentry>

<errorentry>
	<datetime>2020-09-12 02:25:21</datetime>
	<errornum>E_USER_ERROR</errornum>
	<errormsg>getWynik: invalid or empty query result BazaSql class</errormsg>
	<scriptname>/klasy/class.bazasql.php</scriptname>
	<scriptlinenum>368</scriptlinenum>
</errorentry>

<errorentry>
	<datetime>2020-09-12 02:25:21</datetime>
	<errornum>E_WARNING</errornum>
	<errormsg>PHP Startup: Couldn't fetch bazaSql</errormsg>
	<scriptname>/klasy/class.tekstform.php</scriptname>
	<scriptlinenum>485</scriptlinenum>
</errorentry>

<errorentry>
	<datetime>2020-09-12 02:25:21</datetime>
	<errornum>E_WARNING</errornum>
	<errormsg>PHP Startup: Couldn't fetch bazaSql</errormsg>
	<scriptname>/klasy/class.tekstform.php</scriptname>
	<scriptlinenum>485</scriptlinenum>
</errorentry>

<errorentry>
	<datetime>2020-09-12 02:25:21</datetime>
	<errornum>E_WARNING</errornum>
	<errormsg>PHP Startup: Couldn't fetch bazaSql</errormsg>
	<scriptname>/klasy/class.tekstform.php</scriptname>
	<scriptlinenum>485</scriptlinenum>
</errorentry>

<errorentry>
	<datetime>2020-09-12 02:25:21</datetime>
	<errornum>E_WARNING</errornum>
	<errormsg>PHP Startup: Couldn't fetch bazaSql</errormsg>
	<scriptname>/klasy/class.tekstform.php</scriptname>
	<scriptlinenum>485</scriptlinenum>
</errorentry>

<errorentry>
	<datetime>2020-09-12 02:25:21</datetime>
	<errornum>E_USER_ERROR</errornum>
	<errormsg>getConn: no connection BazaSql class</errormsg>
	<scriptname>/klasy/class.bazasql.php</scriptname>
	<scriptlinenum>263</scriptlinenum>
</errorentry>

<errorentry>
	<datetime>2020-09-12 02:25:21</datetime>
	<errornum>E_USER_ERROR</errornum>
	<errormsg>getWynik: invalid or empty query result BazaSql class</errormsg>
	<scriptname>/klasy/class.bazasql.php</scriptname>
	<scriptlinenum>368</scriptlinenum>
</errorentry>

<errorentry>
	<datetime>2020-09-12 02:25:21</datetime>
	<errornum>E_USER_ERROR</errornum>
	<errormsg>getWynik: invalid or empty query result BazaSql class</errormsg>
	<scriptname>/klasy/class.bazasql.php</scriptname>
	<scriptlinenum>368</scriptlinenum>
</errorentry>

<errorentry>
	<datetime>2020-09-12 02:25:21</datetime>
	<errornum>E_WARNING</errornum>
	<errormsg>PHP Startup: Couldn't fetch bazaSql</errormsg>
	<scriptname>/klasy/class.tekstform.php</scriptname>
	<scriptlinenum>485</scriptlinenum>
</errorentry>

<errorentry>
	<datetime>2020-09-12 02:25:21</datetime>
	<errornum>E_USER_ERROR</errornum>
	<errormsg>getConn: no connection BazaSql class</errormsg>
	<scriptname>/klasy/class.bazasql.php</scriptname>
	<scriptlinenum>263</scriptlinenum>
</errorentry>

<errorentry>
	<datetime>2020-09-12 02:25:21</datetime>
	<errornum>E_USER_ERROR</errornum>
	<errormsg>getWynik: invalid or empty query result BazaSql class</errormsg>
	<scriptname>/klasy/class.bazasql.php</scriptname>
	<scriptlinenum>368</scriptlinenum>
</errorentry>

<errorentry>
	<datetime>2020-09-12 02:25:21</datetime>
	<errornum>E_USER_ERROR</errornum>
	<errormsg>getWynik: invalid or empty query result BazaSql class</errormsg>
	<scriptname>/klasy/class.bazasql.php</scriptname>
	<scriptlinenum>368</scriptlinenum>
</errorentry>

<errorentry>
	<datetime>2020-09-12 02:25:21</datetime>
	<errornum>E_USER_ERROR</errornum>
	<errormsg>getConn: no connection BazaSql class</errormsg>
	<scriptname>/klasy/class.bazasql.php</scriptname>
	<scriptlinenum>263</scriptlinenum>
</errorentry>

<errorentry>
	<datetime>2020-09-12 02:25:21</datetime>
	<errornum>E_USER_ERROR</errornum>
	<errormsg>getWynik: invalid or empty query result BazaSql class</errormsg>
	<scriptname>/klasy/class.bazasql.php</scriptname>
	<scriptlinenum>368</scriptlinenum>
</errorentry>

<errorentry>
	<datetime>2020-09-12 02:25:21</datetime>
	<errornum>E_USER_ERROR</errornum>
	<errormsg>getWynik: invalid or empty query result BazaSql class</errormsg>
	<scriptname>/klasy/class.bazasql.php</scriptname>
	<scriptlinenum>368</scriptlinenum>
</errorentry>

