<errorentry>
	<datetime>2020-05-23 22:21:57</datetime>
	<errornum>E_USER_ERROR</errornum>
	<errormsg>SELECT * FROM arkadia_art_akapity WHERE id_matka='15'A=0' AND status=1 ORDER BY id, ## You have an error in your SQL syntax; check the manual that corresponds to your MySQL server version for the right syntax to use near 'A=0' AND status=1 ORDER BY id' at line 1 ## </errormsg>
	<scriptname>/klasy/class.bazasql.php</scriptname>
	<scriptlinenum>390</scriptlinenum>
</errorentry>

<errorentry>
	<datetime>2020-05-23 23:00:16</datetime>
	<errornum>E_USER_ERROR</errornum>
	<errormsg>SELECT * FROM arkadia_art_akapity WHERE id_matka=''0=A' AND status=1 ORDER BY id, ## You have an error in your SQL syntax; check the manual that corresponds to your MySQL server version for the right syntax to use near '0=A' AND status=1 ORDER BY id' at line 1 ## </errormsg>
	<scriptname>/klasy/class.bazasql.php</scriptname>
	<scriptlinenum>390</scriptlinenum>
</errorentry>

<errorentry>
	<datetime>2020-05-23 23:00:20</datetime>
	<errornum>E_USER_ERROR</errornum>
	<errormsg>SELECT * FROM arkadia_art_akapity WHERE id_matka=''0=A' AND status=1 ORDER BY id, ## You have an error in your SQL syntax; check the manual that corresponds to your MySQL server version for the right syntax to use near '0=A' AND status=1 ORDER BY id' at line 1 ## </errormsg>
	<scriptname>/klasy/class.bazasql.php</scriptname>
	<scriptlinenum>390</scriptlinenum>
</errorentry>

