<errorentry>
	<datetime>2020-04-29 00:38:29</datetime>
	<errornum>E_USER_ERROR</errornum>
	<errormsg>SELECT * FROM arkadia_art_akapity WHERE id_matka=''0=A' AND status=1 ORDER BY id, ## You have an error in your SQL syntax; check the manual that corresponds to your MySQL server version for the right syntax to use near '0=A' AND status=1 ORDER BY id' at line 1 ## </errormsg>
	<scriptname>/klasy/class.bazasql.php</scriptname>
	<scriptlinenum>390</scriptlinenum>
</errorentry>

<errorentry>
	<datetime>2020-04-29 00:38:34</datetime>
	<errornum>E_USER_ERROR</errornum>
	<errormsg>SELECT * FROM arkadia_art_akapity WHERE id_matka=''0=A' AND status=1 ORDER BY id, ## You have an error in your SQL syntax; check the manual that corresponds to your MySQL server version for the right syntax to use near '0=A' AND status=1 ORDER BY id' at line 1 ## </errormsg>
	<scriptname>/klasy/class.bazasql.php</scriptname>
	<scriptlinenum>390</scriptlinenum>
</errorentry>

<errorentry>
	<datetime>2020-04-29 00:38:45</datetime>
	<errornum>E_NOTICE</errornum>
	<errormsg>Undefined index: '0=A</errormsg>
	<scriptname>/mod/art/class.art.php</scriptname>
	<scriptlinenum>2230</scriptlinenum>
</errorentry>

