<errorentry>
	<datetime>2021-12-08 02:38:31</datetime>
	<errornum>E_WARNING</errornum>
	<errormsg>A non-numeric value encountered</errormsg>
	<scriptname>/mod/art/class.art.php</scriptname>
	<scriptlinenum>247</scriptlinenum>
</errorentry>

<errorentry>
	<datetime>2021-12-08 02:38:37</datetime>
	<errornum>E_WARNING</errornum>
	<errormsg>A non-numeric value encountered</errormsg>
	<scriptname>/mod/art/class.art.php</scriptname>
	<scriptlinenum>247</scriptlinenum>
</errorentry>

<errorentry>
	<datetime>2021-12-08 06:52:27</datetime>
	<errornum>E_WARNING</errornum>
	<errormsg>A non-numeric value encountered</errormsg>
	<scriptname>/mod/art/class.art.php</scriptname>
	<scriptlinenum>247</scriptlinenum>
</errorentry>

<errorentry>
	<datetime>2021-12-08 07:28:34</datetime>
	<errornum>E_WARNING</errornum>
	<errormsg>A non-numeric value encountered</errormsg>
	<scriptname>/mod/art/class.art.php</scriptname>
	<scriptlinenum>247</scriptlinenum>
</errorentry>

<errorentry>
	<datetime>2021-12-08 07:28:34</datetime>
	<errornum>E_WARNING</errornum>
	<errormsg>A non-numeric value encountered</errormsg>
	<scriptname>/klasy/class.nawig.php</scriptname>
	<scriptlinenum>142</scriptlinenum>
</errorentry>

<errorentry>
	<datetime>2021-12-08 07:28:34</datetime>
	<errornum>E_WARNING</errornum>
	<errormsg>A non-numeric value encountered</errormsg>
	<scriptname>/klasy/class.nawig.php</scriptname>
	<scriptlinenum>142</scriptlinenum>
</errorentry>

<errorentry>
	<datetime>2021-12-08 07:28:34</datetime>
	<errornum>E_WARNING</errornum>
	<errormsg>A non-numeric value encountered</errormsg>
	<scriptname>/klasy/class.nawig.php</scriptname>
	<scriptlinenum>142</scriptlinenum>
</errorentry>

<errorentry>
	<datetime>2021-12-08 07:28:34</datetime>
	<errornum>E_WARNING</errornum>
	<errormsg>A non-numeric value encountered</errormsg>
	<scriptname>/klasy/class.nawig.php</scriptname>
	<scriptlinenum>142</scriptlinenum>
</errorentry>

<errorentry>
	<datetime>2021-12-08 09:20:24</datetime>
	<errornum>E_WARNING</errornum>
	<errormsg>A non-numeric value encountered</errormsg>
	<scriptname>/mod/art/class.art.php</scriptname>
	<scriptlinenum>247</scriptlinenum>
</errorentry>

<errorentry>
	<datetime>2021-12-08 09:20:34</datetime>
	<errornum>E_WARNING</errornum>
	<errormsg>A non-numeric value encountered</errormsg>
	<scriptname>/mod/art/class.art.php</scriptname>
	<scriptlinenum>247</scriptlinenum>
</errorentry>

<errorentry>
	<datetime>2021-12-08 09:20:34</datetime>
	<errornum>E_WARNING</errornum>
	<errormsg>A non-numeric value encountered</errormsg>
	<scriptname>/klasy/class.nawig.php</scriptname>
	<scriptlinenum>142</scriptlinenum>
</errorentry>

<errorentry>
	<datetime>2021-12-08 09:20:34</datetime>
	<errornum>E_WARNING</errornum>
	<errormsg>A non-numeric value encountered</errormsg>
	<scriptname>/klasy/class.nawig.php</scriptname>
	<scriptlinenum>142</scriptlinenum>
</errorentry>

<errorentry>
	<datetime>2021-12-08 09:20:34</datetime>
	<errornum>E_WARNING</errornum>
	<errormsg>A non-numeric value encountered</errormsg>
	<scriptname>/klasy/class.nawig.php</scriptname>
	<scriptlinenum>142</scriptlinenum>
</errorentry>

<errorentry>
	<datetime>2021-12-08 09:20:34</datetime>
	<errornum>E_WARNING</errornum>
	<errormsg>A non-numeric value encountered</errormsg>
	<scriptname>/klasy/class.nawig.php</scriptname>
	<scriptlinenum>142</scriptlinenum>
</errorentry>

<errorentry>
	<datetime>2021-12-08 09:20:41</datetime>
	<errornum>E_WARNING</errornum>
	<errormsg>A non-numeric value encountered</errormsg>
	<scriptname>/mod/art/class.art.php</scriptname>
	<scriptlinenum>247</scriptlinenum>
</errorentry>

<errorentry>
	<datetime>2021-12-08 09:20:41</datetime>
	<errornum>E_WARNING</errornum>
	<errormsg>A non-numeric value encountered</errormsg>
	<scriptname>/klasy/class.nawig.php</scriptname>
	<scriptlinenum>142</scriptlinenum>
</errorentry>

<errorentry>
	<datetime>2021-12-08 09:20:47</datetime>
	<errornum>E_WARNING</errornum>
	<errormsg>A non-numeric value encountered</errormsg>
	<scriptname>/mod/art/class.art.php</scriptname>
	<scriptlinenum>247</scriptlinenum>
</errorentry>

<errorentry>
	<datetime>2021-12-08 09:20:54</datetime>
	<errornum>E_WARNING</errornum>
	<errormsg>A non-numeric value encountered</errormsg>
	<scriptname>/mod/art/class.art.php</scriptname>
	<scriptlinenum>247</scriptlinenum>
</errorentry>

<errorentry>
	<datetime>2021-12-08 09:21:02</datetime>
	<errornum>E_WARNING</errornum>
	<errormsg>A non-numeric value encountered</errormsg>
	<scriptname>/mod/art/class.art.php</scriptname>
	<scriptlinenum>247</scriptlinenum>
</errorentry>

<errorentry>
	<datetime>2021-12-08 09:21:08</datetime>
	<errornum>E_WARNING</errornum>
	<errormsg>A non-numeric value encountered</errormsg>
	<scriptname>/mod/art/class.art.php</scriptname>
	<scriptlinenum>247</scriptlinenum>
</errorentry>

<errorentry>
	<datetime>2021-12-08 09:21:15</datetime>
	<errornum>E_WARNING</errornum>
	<errormsg>A non-numeric value encountered</errormsg>
	<scriptname>/mod/art/class.art.php</scriptname>
	<scriptlinenum>247</scriptlinenum>
</errorentry>

<errorentry>
	<datetime>2021-12-08 09:21:21</datetime>
	<errornum>E_WARNING</errornum>
	<errormsg>A non-numeric value encountered</errormsg>
	<scriptname>/mod/art/class.art.php</scriptname>
	<scriptlinenum>247</scriptlinenum>
</errorentry>

<errorentry>
	<datetime>2021-12-08 09:21:21</datetime>
	<errornum>E_WARNING</errornum>
	<errormsg>A non-numeric value encountered</errormsg>
	<scriptname>/klasy/class.nawig.php</scriptname>
	<scriptlinenum>142</scriptlinenum>
</errorentry>

<errorentry>
	<datetime>2021-12-08 09:21:21</datetime>
	<errornum>E_WARNING</errornum>
	<errormsg>A non-numeric value encountered</errormsg>
	<scriptname>/klasy/class.nawig.php</scriptname>
	<scriptlinenum>142</scriptlinenum>
</errorentry>

<errorentry>
	<datetime>2021-12-08 09:21:21</datetime>
	<errornum>E_WARNING</errornum>
	<errormsg>A non-numeric value encountered</errormsg>
	<scriptname>/klasy/class.nawig.php</scriptname>
	<scriptlinenum>142</scriptlinenum>
</errorentry>

<errorentry>
	<datetime>2021-12-08 09:21:21</datetime>
	<errornum>E_WARNING</errornum>
	<errormsg>A non-numeric value encountered</errormsg>
	<scriptname>/klasy/class.nawig.php</scriptname>
	<scriptlinenum>142</scriptlinenum>
</errorentry>

<errorentry>
	<datetime>2021-12-08 09:21:27</datetime>
	<errornum>E_WARNING</errornum>
	<errormsg>A non-numeric value encountered</errormsg>
	<scriptname>/mod/art/class.art.php</scriptname>
	<scriptlinenum>247</scriptlinenum>
</errorentry>

<errorentry>
	<datetime>2021-12-08 09:21:33</datetime>
	<errornum>E_WARNING</errornum>
	<errormsg>A non-numeric value encountered</errormsg>
	<scriptname>/mod/art/class.art.php</scriptname>
	<scriptlinenum>247</scriptlinenum>
</errorentry>

<errorentry>
	<datetime>2021-12-08 09:21:41</datetime>
	<errornum>E_WARNING</errornum>
	<errormsg>A non-numeric value encountered</errormsg>
	<scriptname>/mod/art/class.art.php</scriptname>
	<scriptlinenum>247</scriptlinenum>
</errorentry>

<errorentry>
	<datetime>2021-12-08 10:02:53</datetime>
	<errornum>E_WARNING</errornum>
	<errormsg>A non-numeric value encountered</errormsg>
	<scriptname>/mod/art/class.art.php</scriptname>
	<scriptlinenum>247</scriptlinenum>
</errorentry>

<errorentry>
	<datetime>2021-12-08 11:51:03</datetime>
	<errornum>E_WARNING</errornum>
	<errormsg>A non-numeric value encountered</errormsg>
	<scriptname>/mod/art/class.art.php</scriptname>
	<scriptlinenum>247</scriptlinenum>
</errorentry>

<errorentry>
	<datetime>2021-12-08 11:51:41</datetime>
	<errornum>E_WARNING</errornum>
	<errormsg>A non-numeric value encountered</errormsg>
	<scriptname>/mod/art/class.art.php</scriptname>
	<scriptlinenum>247</scriptlinenum>
</errorentry>

<errorentry>
	<datetime>2021-12-08 11:54:18</datetime>
	<errornum>E_WARNING</errornum>
	<errormsg>A non-numeric value encountered</errormsg>
	<scriptname>/mod/art/class.art.php</scriptname>
	<scriptlinenum>247</scriptlinenum>
</errorentry>

<errorentry>
	<datetime>2021-12-08 11:54:30</datetime>
	<errornum>E_WARNING</errornum>
	<errormsg>A non-numeric value encountered</errormsg>
	<scriptname>/mod/art/class.art.php</scriptname>
	<scriptlinenum>247</scriptlinenum>
</errorentry>

<errorentry>
	<datetime>2021-12-08 11:55:16</datetime>
	<errornum>E_WARNING</errornum>
	<errormsg>A non-numeric value encountered</errormsg>
	<scriptname>/mod/art/class.art.php</scriptname>
	<scriptlinenum>247</scriptlinenum>
</errorentry>

<errorentry>
	<datetime>2021-12-08 11:55:20</datetime>
	<errornum>E_WARNING</errornum>
	<errormsg>A non-numeric value encountered</errormsg>
	<scriptname>/mod/art/class.art.php</scriptname>
	<scriptlinenum>247</scriptlinenum>
</errorentry>

<errorentry>
	<datetime>2021-12-08 12:09:27</datetime>
	<errornum>E_WARNING</errornum>
	<errormsg>A non-numeric value encountered</errormsg>
	<scriptname>/mod/art/class.art.php</scriptname>
	<scriptlinenum>247</scriptlinenum>
</errorentry>

<errorentry>
	<datetime>2021-12-08 12:18:38</datetime>
	<errornum>E_WARNING</errornum>
	<errormsg>A non-numeric value encountered</errormsg>
	<scriptname>/mod/art/class.art.php</scriptname>
	<scriptlinenum>247</scriptlinenum>
</errorentry>

<errorentry>
	<datetime>2021-12-08 12:26:54</datetime>
	<errornum>E_WARNING</errornum>
	<errormsg>A non-numeric value encountered</errormsg>
	<scriptname>/mod/art/class.art.php</scriptname>
	<scriptlinenum>247</scriptlinenum>
</errorentry>

<errorentry>
	<datetime>2021-12-08 12:35:15</datetime>
	<errornum>E_WARNING</errornum>
	<errormsg>A non-numeric value encountered</errormsg>
	<scriptname>/mod/art/class.art.php</scriptname>
	<scriptlinenum>247</scriptlinenum>
</errorentry>

<errorentry>
	<datetime>2021-12-08 12:47:19</datetime>
	<errornum>E_WARNING</errornum>
	<errormsg>A non-numeric value encountered</errormsg>
	<scriptname>/mod/art/class.art.php</scriptname>
	<scriptlinenum>247</scriptlinenum>
</errorentry>

<errorentry>
	<datetime>2021-12-08 12:50:38</datetime>
	<errornum>E_WARNING</errornum>
	<errormsg>A non-numeric value encountered</errormsg>
	<scriptname>/mod/art/class.art.php</scriptname>
	<scriptlinenum>247</scriptlinenum>
</errorentry>

<errorentry>
	<datetime>2021-12-08 13:03:31</datetime>
	<errornum>E_WARNING</errornum>
	<errormsg>A non-numeric value encountered</errormsg>
	<scriptname>/mod/art/class.art.php</scriptname>
	<scriptlinenum>247</scriptlinenum>
</errorentry>

<errorentry>
	<datetime>2021-12-08 13:04:04</datetime>
	<errornum>E_WARNING</errornum>
	<errormsg>A non-numeric value encountered</errormsg>
	<scriptname>/mod/art/class.art.php</scriptname>
	<scriptlinenum>247</scriptlinenum>
</errorentry>

<errorentry>
	<datetime>2021-12-08 13:04:04</datetime>
	<errornum>E_WARNING</errornum>
	<errormsg>A non-numeric value encountered</errormsg>
	<scriptname>/klasy/class.nawig.php</scriptname>
	<scriptlinenum>142</scriptlinenum>
</errorentry>

<errorentry>
	<datetime>2021-12-08 13:04:04</datetime>
	<errornum>E_WARNING</errornum>
	<errormsg>A non-numeric value encountered</errormsg>
	<scriptname>/klasy/class.nawig.php</scriptname>
	<scriptlinenum>142</scriptlinenum>
</errorentry>

<errorentry>
	<datetime>2021-12-08 13:04:04</datetime>
	<errornum>E_WARNING</errornum>
	<errormsg>A non-numeric value encountered</errormsg>
	<scriptname>/klasy/class.nawig.php</scriptname>
	<scriptlinenum>142</scriptlinenum>
</errorentry>

<errorentry>
	<datetime>2021-12-08 13:04:04</datetime>
	<errornum>E_WARNING</errornum>
	<errormsg>A non-numeric value encountered</errormsg>
	<scriptname>/klasy/class.nawig.php</scriptname>
	<scriptlinenum>142</scriptlinenum>
</errorentry>

<errorentry>
	<datetime>2021-12-08 13:17:10</datetime>
	<errornum>E_WARNING</errornum>
	<errormsg>A non-numeric value encountered</errormsg>
	<scriptname>/mod/art/class.art.php</scriptname>
	<scriptlinenum>247</scriptlinenum>
</errorentry>

<errorentry>
	<datetime>2021-12-08 13:31:33</datetime>
	<errornum>E_WARNING</errornum>
	<errormsg>A non-numeric value encountered</errormsg>
	<scriptname>/mod/art/class.art.php</scriptname>
	<scriptlinenum>247</scriptlinenum>
</errorentry>

<errorentry>
	<datetime>2021-12-08 13:32:41</datetime>
	<errornum>E_WARNING</errornum>
	<errormsg>A non-numeric value encountered</errormsg>
	<scriptname>/mod/art/class.art.php</scriptname>
	<scriptlinenum>247</scriptlinenum>
</errorentry>

<errorentry>
	<datetime>2021-12-08 13:32:41</datetime>
	<errornum>E_WARNING</errornum>
	<errormsg>A non-numeric value encountered</errormsg>
	<scriptname>/klasy/class.nawig.php</scriptname>
	<scriptlinenum>142</scriptlinenum>
</errorentry>

<errorentry>
	<datetime>2021-12-08 13:32:41</datetime>
	<errornum>E_WARNING</errornum>
	<errormsg>A non-numeric value encountered</errormsg>
	<scriptname>/klasy/class.nawig.php</scriptname>
	<scriptlinenum>142</scriptlinenum>
</errorentry>

<errorentry>
	<datetime>2021-12-08 13:32:41</datetime>
	<errornum>E_WARNING</errornum>
	<errormsg>A non-numeric value encountered</errormsg>
	<scriptname>/klasy/class.nawig.php</scriptname>
	<scriptlinenum>142</scriptlinenum>
</errorentry>

<errorentry>
	<datetime>2021-12-08 13:32:41</datetime>
	<errornum>E_WARNING</errornum>
	<errormsg>A non-numeric value encountered</errormsg>
	<scriptname>/klasy/class.nawig.php</scriptname>
	<scriptlinenum>142</scriptlinenum>
</errorentry>

<errorentry>
	<datetime>2021-12-08 13:36:15</datetime>
	<errornum>E_WARNING</errornum>
	<errormsg>A non-numeric value encountered</errormsg>
	<scriptname>/mod/art/class.art.php</scriptname>
	<scriptlinenum>247</scriptlinenum>
</errorentry>

<errorentry>
	<datetime>2021-12-08 13:38:28</datetime>
	<errornum>E_WARNING</errornum>
	<errormsg>A non-numeric value encountered</errormsg>
	<scriptname>/mod/art/class.art.php</scriptname>
	<scriptlinenum>247</scriptlinenum>
</errorentry>

<errorentry>
	<datetime>2021-12-08 13:40:16</datetime>
	<errornum>E_WARNING</errornum>
	<errormsg>A non-numeric value encountered</errormsg>
	<scriptname>/mod/art/class.art.php</scriptname>
	<scriptlinenum>247</scriptlinenum>
</errorentry>

<errorentry>
	<datetime>2021-12-08 13:41:15</datetime>
	<errornum>E_WARNING</errornum>
	<errormsg>A non-numeric value encountered</errormsg>
	<scriptname>/mod/art/class.art.php</scriptname>
	<scriptlinenum>247</scriptlinenum>
</errorentry>

<errorentry>
	<datetime>2021-12-08 13:42:25</datetime>
	<errornum>E_WARNING</errornum>
	<errormsg>A non-numeric value encountered</errormsg>
	<scriptname>/mod/art/class.art.php</scriptname>
	<scriptlinenum>247</scriptlinenum>
</errorentry>

<errorentry>
	<datetime>2021-12-08 13:43:14</datetime>
	<errornum>E_WARNING</errornum>
	<errormsg>A non-numeric value encountered</errormsg>
	<scriptname>/mod/art/class.art.php</scriptname>
	<scriptlinenum>247</scriptlinenum>
</errorentry>

<errorentry>
	<datetime>2021-12-08 13:43:55</datetime>
	<errornum>E_WARNING</errornum>
	<errormsg>A non-numeric value encountered</errormsg>
	<scriptname>/mod/art/class.art.php</scriptname>
	<scriptlinenum>247</scriptlinenum>
</errorentry>

<errorentry>
	<datetime>2021-12-08 13:58:07</datetime>
	<errornum>E_WARNING</errornum>
	<errormsg>A non-numeric value encountered</errormsg>
	<scriptname>/mod/art/class.art.php</scriptname>
	<scriptlinenum>247</scriptlinenum>
</errorentry>

<errorentry>
	<datetime>2021-12-08 15:01:03</datetime>
	<errornum>E_WARNING</errornum>
	<errormsg>A non-numeric value encountered</errormsg>
	<scriptname>/mod/art/class.art.php</scriptname>
	<scriptlinenum>247</scriptlinenum>
</errorentry>

<errorentry>
	<datetime>2021-12-08 15:31:11</datetime>
	<errornum>E_WARNING</errornum>
	<errormsg>A non-numeric value encountered</errormsg>
	<scriptname>/mod/art/class.art.php</scriptname>
	<scriptlinenum>247</scriptlinenum>
</errorentry>

<errorentry>
	<datetime>2021-12-08 15:37:24</datetime>
	<errornum>E_WARNING</errornum>
	<errormsg>A non-numeric value encountered</errormsg>
	<scriptname>/mod/art/class.art.php</scriptname>
	<scriptlinenum>247</scriptlinenum>
</errorentry>

<errorentry>
	<datetime>2021-12-08 15:41:16</datetime>
	<errornum>E_WARNING</errornum>
	<errormsg>A non-numeric value encountered</errormsg>
	<scriptname>/mod/art/class.art.php</scriptname>
	<scriptlinenum>247</scriptlinenum>
</errorentry>

<errorentry>
	<datetime>2021-12-08 17:15:50</datetime>
	<errornum>E_WARNING</errornum>
	<errormsg>A non-numeric value encountered</errormsg>
	<scriptname>/mod/art/class.art.php</scriptname>
	<scriptlinenum>247</scriptlinenum>
</errorentry>

<errorentry>
	<datetime>2021-12-08 17:20:15</datetime>
	<errornum>E_WARNING</errornum>
	<errormsg>A non-numeric value encountered</errormsg>
	<scriptname>/mod/art/class.art.php</scriptname>
	<scriptlinenum>247</scriptlinenum>
</errorentry>

<errorentry>
	<datetime>2021-12-08 17:20:15</datetime>
	<errornum>E_WARNING</errornum>
	<errormsg>A non-numeric value encountered</errormsg>
	<scriptname>/klasy/class.nawig.php</scriptname>
	<scriptlinenum>142</scriptlinenum>
</errorentry>

<errorentry>
	<datetime>2021-12-08 17:20:15</datetime>
	<errornum>E_WARNING</errornum>
	<errormsg>A non-numeric value encountered</errormsg>
	<scriptname>/klasy/class.nawig.php</scriptname>
	<scriptlinenum>142</scriptlinenum>
</errorentry>

<errorentry>
	<datetime>2021-12-08 17:20:15</datetime>
	<errornum>E_WARNING</errornum>
	<errormsg>A non-numeric value encountered</errormsg>
	<scriptname>/klasy/class.nawig.php</scriptname>
	<scriptlinenum>142</scriptlinenum>
</errorentry>

<errorentry>
	<datetime>2021-12-08 17:20:15</datetime>
	<errornum>E_WARNING</errornum>
	<errormsg>A non-numeric value encountered</errormsg>
	<scriptname>/klasy/class.nawig.php</scriptname>
	<scriptlinenum>142</scriptlinenum>
</errorentry>

<errorentry>
	<datetime>2021-12-08 17:20:42</datetime>
	<errornum>E_WARNING</errornum>
	<errormsg>A non-numeric value encountered</errormsg>
	<scriptname>/mod/art/class.art.php</scriptname>
	<scriptlinenum>247</scriptlinenum>
</errorentry>

<errorentry>
	<datetime>2021-12-08 17:20:42</datetime>
	<errornum>E_WARNING</errornum>
	<errormsg>A non-numeric value encountered</errormsg>
	<scriptname>/klasy/class.nawig.php</scriptname>
	<scriptlinenum>142</scriptlinenum>
</errorentry>

<errorentry>
	<datetime>2021-12-08 17:20:42</datetime>
	<errornum>E_WARNING</errornum>
	<errormsg>A non-numeric value encountered</errormsg>
	<scriptname>/klasy/class.nawig.php</scriptname>
	<scriptlinenum>142</scriptlinenum>
</errorentry>

<errorentry>
	<datetime>2021-12-08 17:20:42</datetime>
	<errornum>E_WARNING</errornum>
	<errormsg>A non-numeric value encountered</errormsg>
	<scriptname>/klasy/class.nawig.php</scriptname>
	<scriptlinenum>142</scriptlinenum>
</errorentry>

<errorentry>
	<datetime>2021-12-08 17:20:42</datetime>
	<errornum>E_WARNING</errornum>
	<errormsg>A non-numeric value encountered</errormsg>
	<scriptname>/klasy/class.nawig.php</scriptname>
	<scriptlinenum>142</scriptlinenum>
</errorentry>

<errorentry>
	<datetime>2021-12-08 17:45:46</datetime>
	<errornum>E_WARNING</errornum>
	<errormsg>A non-numeric value encountered</errormsg>
	<scriptname>/mod/art/class.art.php</scriptname>
	<scriptlinenum>247</scriptlinenum>
</errorentry>

<errorentry>
	<datetime>2021-12-08 17:51:39</datetime>
	<errornum>E_WARNING</errornum>
	<errormsg>A non-numeric value encountered</errormsg>
	<scriptname>/mod/art/class.art.php</scriptname>
	<scriptlinenum>247</scriptlinenum>
</errorentry>

<errorentry>
	<datetime>2021-12-08 17:51:39</datetime>
	<errornum>E_WARNING</errornum>
	<errormsg>A non-numeric value encountered</errormsg>
	<scriptname>/mod/art/class.art.php</scriptname>
	<scriptlinenum>247</scriptlinenum>
</errorentry>

<errorentry>
	<datetime>2021-12-08 17:51:40</datetime>
	<errornum>E_WARNING</errornum>
	<errormsg>A non-numeric value encountered</errormsg>
	<scriptname>/mod/art/class.art.php</scriptname>
	<scriptlinenum>247</scriptlinenum>
</errorentry>

<errorentry>
	<datetime>2021-12-08 17:51:40</datetime>
	<errornum>E_WARNING</errornum>
	<errormsg>A non-numeric value encountered</errormsg>
	<scriptname>/mod/art/class.art.php</scriptname>
	<scriptlinenum>247</scriptlinenum>
</errorentry>

<errorentry>
	<datetime>2021-12-08 17:51:40</datetime>
	<errornum>E_WARNING</errornum>
	<errormsg>A non-numeric value encountered</errormsg>
	<scriptname>/mod/art/class.art.php</scriptname>
	<scriptlinenum>247</scriptlinenum>
</errorentry>

<errorentry>
	<datetime>2021-12-08 18:20:29</datetime>
	<errornum>E_WARNING</errornum>
	<errormsg>A non-numeric value encountered</errormsg>
	<scriptname>/mod/art/class.art.php</scriptname>
	<scriptlinenum>247</scriptlinenum>
</errorentry>

<errorentry>
	<datetime>2021-12-08 20:26:49</datetime>
	<errornum>E_WARNING</errornum>
	<errormsg>A non-numeric value encountered</errormsg>
	<scriptname>/mod/art/class.art.php</scriptname>
	<scriptlinenum>247</scriptlinenum>
</errorentry>

<errorentry>
	<datetime>2021-12-08 20:27:37</datetime>
	<errornum>E_WARNING</errornum>
	<errormsg>A non-numeric value encountered</errormsg>
	<scriptname>/mod/art/class.art.php</scriptname>
	<scriptlinenum>247</scriptlinenum>
</errorentry>

<errorentry>
	<datetime>2021-12-08 20:29:25</datetime>
	<errornum>E_WARNING</errornum>
	<errormsg>A non-numeric value encountered</errormsg>
	<scriptname>/mod/art/class.art.php</scriptname>
	<scriptlinenum>247</scriptlinenum>
</errorentry>

<errorentry>
	<datetime>2021-12-08 21:06:34</datetime>
	<errornum>E_WARNING</errornum>
	<errormsg>A non-numeric value encountered</errormsg>
	<scriptname>/mod/art/class.art.php</scriptname>
	<scriptlinenum>247</scriptlinenum>
</errorentry>

<errorentry>
	<datetime>2021-12-08 21:22:12</datetime>
	<errornum>E_WARNING</errornum>
	<errormsg>A non-numeric value encountered</errormsg>
	<scriptname>/mod/art/class.art.php</scriptname>
	<scriptlinenum>247</scriptlinenum>
</errorentry>

<errorentry>
	<datetime>2021-12-08 22:02:15</datetime>
	<errornum>E_WARNING</errornum>
	<errormsg>A non-numeric value encountered</errormsg>
	<scriptname>/mod/art/class.art.php</scriptname>
	<scriptlinenum>247</scriptlinenum>
</errorentry>

<errorentry>
	<datetime>2021-12-08 22:19:19</datetime>
	<errornum>E_WARNING</errornum>
	<errormsg>A non-numeric value encountered</errormsg>
	<scriptname>/mod/art/class.art.php</scriptname>
	<scriptlinenum>247</scriptlinenum>
</errorentry>

<errorentry>
	<datetime>2021-12-08 22:24:27</datetime>
	<errornum>E_WARNING</errornum>
	<errormsg>A non-numeric value encountered</errormsg>
	<scriptname>/mod/art/class.art.php</scriptname>
	<scriptlinenum>247</scriptlinenum>
</errorentry>

<errorentry>
	<datetime>2021-12-08 22:28:06</datetime>
	<errornum>E_WARNING</errornum>
	<errormsg>A non-numeric value encountered</errormsg>
	<scriptname>/mod/art/class.art.php</scriptname>
	<scriptlinenum>247</scriptlinenum>
</errorentry>

<errorentry>
	<datetime>2021-12-08 22:28:06</datetime>
	<errornum>E_WARNING</errornum>
	<errormsg>A non-numeric value encountered</errormsg>
	<scriptname>/klasy/class.nawig.php</scriptname>
	<scriptlinenum>142</scriptlinenum>
</errorentry>

<errorentry>
	<datetime>2021-12-08 22:28:06</datetime>
	<errornum>E_WARNING</errornum>
	<errormsg>A non-numeric value encountered</errormsg>
	<scriptname>/klasy/class.nawig.php</scriptname>
	<scriptlinenum>142</scriptlinenum>
</errorentry>

<errorentry>
	<datetime>2021-12-08 22:28:06</datetime>
	<errornum>E_WARNING</errornum>
	<errormsg>A non-numeric value encountered</errormsg>
	<scriptname>/klasy/class.nawig.php</scriptname>
	<scriptlinenum>142</scriptlinenum>
</errorentry>

<errorentry>
	<datetime>2021-12-08 22:28:06</datetime>
	<errornum>E_WARNING</errornum>
	<errormsg>A non-numeric value encountered</errormsg>
	<scriptname>/klasy/class.nawig.php</scriptname>
	<scriptlinenum>142</scriptlinenum>
</errorentry>

