<errorentry>
	<datetime>2021-07-25 12:03:30</datetime>
	<errornum>E_NOTICE</errornum>
	<errormsg>Undefined offset: 9</errormsg>
	<scriptname>/arkadia/mod/art/class.art.php</scriptname>
	<scriptlinenum>2230</scriptlinenum>
</errorentry>

<errorentry>
	<datetime>2021-07-25 18:23:06</datetime>
	<errornum>E_NOTICE</errornum>
	<errormsg>Undefined offset: 10</errormsg>
	<scriptname>/arkadia/mod/art/class.art.php</scriptname>
	<scriptlinenum>2230</scriptlinenum>
</errorentry>

<errorentry>
	<datetime>2021-07-25 21:30:34</datetime>
	<errornum>E_NOTICE</errornum>
	<errormsg>Undefined offset: 9</errormsg>
	<scriptname>/arkadia/mod/art/class.art.php</scriptname>
	<scriptlinenum>2230</scriptlinenum>
</errorentry>

