<errorentry>
	<datetime>2021-11-14 01:36:32</datetime>
	<errornum>E_WARNING</errornum>
	<errormsg>A non-numeric value encountered</errormsg>
	<scriptname>/mod/art/class.art.php</scriptname>
	<scriptlinenum>247</scriptlinenum>
</errorentry>

<errorentry>
	<datetime>2021-11-14 02:28:31</datetime>
	<errornum>E_WARNING</errornum>
	<errormsg>A non-numeric value encountered</errormsg>
	<scriptname>/mod/art/class.art.php</scriptname>
	<scriptlinenum>247</scriptlinenum>
</errorentry>

<errorentry>
	<datetime>2021-11-14 03:24:30</datetime>
	<errornum>E_WARNING</errornum>
	<errormsg>A non-numeric value encountered</errormsg>
	<scriptname>/mod/art/class.art.php</scriptname>
	<scriptlinenum>247</scriptlinenum>
</errorentry>

<errorentry>
	<datetime>2021-11-14 08:58:26</datetime>
	<errornum>E_WARNING</errornum>
	<errormsg>A non-numeric value encountered</errormsg>
	<scriptname>/mod/art/class.art.php</scriptname>
	<scriptlinenum>247</scriptlinenum>
</errorentry>

<errorentry>
	<datetime>2021-11-14 09:16:09</datetime>
	<errornum>E_WARNING</errornum>
	<errormsg>A non-numeric value encountered</errormsg>
	<scriptname>/mod/art/class.art.php</scriptname>
	<scriptlinenum>247</scriptlinenum>
</errorentry>

<errorentry>
	<datetime>2021-11-14 09:17:02</datetime>
	<errornum>E_WARNING</errornum>
	<errormsg>A non-numeric value encountered</errormsg>
	<scriptname>/mod/art/class.art.php</scriptname>
	<scriptlinenum>247</scriptlinenum>
</errorentry>

<errorentry>
	<datetime>2021-11-14 09:17:02</datetime>
	<errornum>E_WARNING</errornum>
	<errormsg>A non-numeric value encountered</errormsg>
	<scriptname>/klasy/class.nawig.php</scriptname>
	<scriptlinenum>142</scriptlinenum>
</errorentry>

<errorentry>
	<datetime>2021-11-14 09:17:02</datetime>
	<errornum>E_WARNING</errornum>
	<errormsg>A non-numeric value encountered</errormsg>
	<scriptname>/klasy/class.nawig.php</scriptname>
	<scriptlinenum>142</scriptlinenum>
</errorentry>

<errorentry>
	<datetime>2021-11-14 09:17:02</datetime>
	<errornum>E_WARNING</errornum>
	<errormsg>A non-numeric value encountered</errormsg>
	<scriptname>/klasy/class.nawig.php</scriptname>
	<scriptlinenum>142</scriptlinenum>
</errorentry>

<errorentry>
	<datetime>2021-11-14 09:17:02</datetime>
	<errornum>E_WARNING</errornum>
	<errormsg>A non-numeric value encountered</errormsg>
	<scriptname>/klasy/class.nawig.php</scriptname>
	<scriptlinenum>142</scriptlinenum>
</errorentry>

<errorentry>
	<datetime>2021-11-14 10:27:17</datetime>
	<errornum>E_WARNING</errornum>
	<errormsg>A non-numeric value encountered</errormsg>
	<scriptname>/mod/art/class.art.php</scriptname>
	<scriptlinenum>247</scriptlinenum>
</errorentry>

<errorentry>
	<datetime>2021-11-14 10:27:25</datetime>
	<errornum>E_WARNING</errornum>
	<errormsg>A non-numeric value encountered</errormsg>
	<scriptname>/mod/art/class.art.php</scriptname>
	<scriptlinenum>247</scriptlinenum>
</errorentry>

<errorentry>
	<datetime>2021-11-14 12:13:35</datetime>
	<errornum>E_WARNING</errornum>
	<errormsg>A non-numeric value encountered</errormsg>
	<scriptname>/mod/art/class.art.php</scriptname>
	<scriptlinenum>247</scriptlinenum>
</errorentry>

<errorentry>
	<datetime>2021-11-14 13:25:52</datetime>
	<errornum>E_WARNING</errornum>
	<errormsg>A non-numeric value encountered</errormsg>
	<scriptname>/mod/art/class.art.php</scriptname>
	<scriptlinenum>247</scriptlinenum>
</errorentry>

<errorentry>
	<datetime>2021-11-14 13:51:49</datetime>
	<errornum>E_WARNING</errornum>
	<errormsg>A non-numeric value encountered</errormsg>
	<scriptname>/mod/art/class.art.php</scriptname>
	<scriptlinenum>247</scriptlinenum>
</errorentry>

<errorentry>
	<datetime>2021-11-14 13:51:57</datetime>
	<errornum>E_WARNING</errornum>
	<errormsg>A non-numeric value encountered</errormsg>
	<scriptname>/mod/art/class.art.php</scriptname>
	<scriptlinenum>247</scriptlinenum>
</errorentry>

<errorentry>
	<datetime>2021-11-14 13:52:18</datetime>
	<errornum>E_WARNING</errornum>
	<errormsg>A non-numeric value encountered</errormsg>
	<scriptname>/mod/art/class.art.php</scriptname>
	<scriptlinenum>247</scriptlinenum>
</errorentry>

<errorentry>
	<datetime>2021-11-14 14:40:52</datetime>
	<errornum>E_WARNING</errornum>
	<errormsg>A non-numeric value encountered</errormsg>
	<scriptname>/mod/art/class.art.php</scriptname>
	<scriptlinenum>247</scriptlinenum>
</errorentry>

<errorentry>
	<datetime>2021-11-14 16:05:54</datetime>
	<errornum>E_WARNING</errornum>
	<errormsg>A non-numeric value encountered</errormsg>
	<scriptname>/mod/art/class.art.php</scriptname>
	<scriptlinenum>247</scriptlinenum>
</errorentry>

<errorentry>
	<datetime>2021-11-14 17:45:46</datetime>
	<errornum>E_WARNING</errornum>
	<errormsg>A non-numeric value encountered</errormsg>
	<scriptname>/mod/art/class.art.php</scriptname>
	<scriptlinenum>247</scriptlinenum>
</errorentry>

<errorentry>
	<datetime>2021-11-14 17:45:46</datetime>
	<errornum>E_WARNING</errornum>
	<errormsg>A non-numeric value encountered</errormsg>
	<scriptname>/klasy/class.nawig.php</scriptname>
	<scriptlinenum>142</scriptlinenum>
</errorentry>

<errorentry>
	<datetime>2021-11-14 17:45:46</datetime>
	<errornum>E_WARNING</errornum>
	<errormsg>A non-numeric value encountered</errormsg>
	<scriptname>/klasy/class.nawig.php</scriptname>
	<scriptlinenum>142</scriptlinenum>
</errorentry>

<errorentry>
	<datetime>2021-11-14 17:45:46</datetime>
	<errornum>E_WARNING</errornum>
	<errormsg>A non-numeric value encountered</errormsg>
	<scriptname>/klasy/class.nawig.php</scriptname>
	<scriptlinenum>142</scriptlinenum>
</errorentry>

<errorentry>
	<datetime>2021-11-14 17:45:46</datetime>
	<errornum>E_WARNING</errornum>
	<errormsg>A non-numeric value encountered</errormsg>
	<scriptname>/klasy/class.nawig.php</scriptname>
	<scriptlinenum>142</scriptlinenum>
</errorentry>

<errorentry>
	<datetime>2021-11-14 17:47:39</datetime>
	<errornum>E_WARNING</errornum>
	<errormsg>A non-numeric value encountered</errormsg>
	<scriptname>/mod/art/class.art.php</scriptname>
	<scriptlinenum>247</scriptlinenum>
</errorentry>

<errorentry>
	<datetime>2021-11-14 17:48:36</datetime>
	<errornum>E_WARNING</errornum>
	<errormsg>A non-numeric value encountered</errormsg>
	<scriptname>/mod/art/class.art.php</scriptname>
	<scriptlinenum>247</scriptlinenum>
</errorentry>

<errorentry>
	<datetime>2021-11-14 17:48:56</datetime>
	<errornum>E_WARNING</errornum>
	<errormsg>A non-numeric value encountered</errormsg>
	<scriptname>/mod/art/class.art.php</scriptname>
	<scriptlinenum>247</scriptlinenum>
</errorentry>

<errorentry>
	<datetime>2021-11-14 17:49:08</datetime>
	<errornum>E_WARNING</errornum>
	<errormsg>A non-numeric value encountered</errormsg>
	<scriptname>/mod/art/class.art.php</scriptname>
	<scriptlinenum>247</scriptlinenum>
</errorentry>

<errorentry>
	<datetime>2021-11-14 17:49:08</datetime>
	<errornum>E_WARNING</errornum>
	<errormsg>A non-numeric value encountered</errormsg>
	<scriptname>/klasy/class.nawig.php</scriptname>
	<scriptlinenum>142</scriptlinenum>
</errorentry>

<errorentry>
	<datetime>2021-11-14 17:49:08</datetime>
	<errornum>E_WARNING</errornum>
	<errormsg>A non-numeric value encountered</errormsg>
	<scriptname>/klasy/class.nawig.php</scriptname>
	<scriptlinenum>142</scriptlinenum>
</errorentry>

<errorentry>
	<datetime>2021-11-14 17:49:08</datetime>
	<errornum>E_WARNING</errornum>
	<errormsg>A non-numeric value encountered</errormsg>
	<scriptname>/klasy/class.nawig.php</scriptname>
	<scriptlinenum>142</scriptlinenum>
</errorentry>

<errorentry>
	<datetime>2021-11-14 17:49:08</datetime>
	<errornum>E_WARNING</errornum>
	<errormsg>A non-numeric value encountered</errormsg>
	<scriptname>/klasy/class.nawig.php</scriptname>
	<scriptlinenum>142</scriptlinenum>
</errorentry>

<errorentry>
	<datetime>2021-11-14 17:49:15</datetime>
	<errornum>E_WARNING</errornum>
	<errormsg>A non-numeric value encountered</errormsg>
	<scriptname>/mod/art/class.art.php</scriptname>
	<scriptlinenum>247</scriptlinenum>
</errorentry>

<errorentry>
	<datetime>2021-11-14 17:49:15</datetime>
	<errornum>E_WARNING</errornum>
	<errormsg>A non-numeric value encountered</errormsg>
	<scriptname>/klasy/class.nawig.php</scriptname>
	<scriptlinenum>142</scriptlinenum>
</errorentry>

<errorentry>
	<datetime>2021-11-14 17:49:15</datetime>
	<errornum>E_WARNING</errornum>
	<errormsg>A non-numeric value encountered</errormsg>
	<scriptname>/klasy/class.nawig.php</scriptname>
	<scriptlinenum>142</scriptlinenum>
</errorentry>

<errorentry>
	<datetime>2021-11-14 17:49:15</datetime>
	<errornum>E_WARNING</errornum>
	<errormsg>A non-numeric value encountered</errormsg>
	<scriptname>/klasy/class.nawig.php</scriptname>
	<scriptlinenum>142</scriptlinenum>
</errorentry>

<errorentry>
	<datetime>2021-11-14 17:49:15</datetime>
	<errornum>E_WARNING</errornum>
	<errormsg>A non-numeric value encountered</errormsg>
	<scriptname>/klasy/class.nawig.php</scriptname>
	<scriptlinenum>142</scriptlinenum>
</errorentry>

<errorentry>
	<datetime>2021-11-14 17:49:58</datetime>
	<errornum>E_WARNING</errornum>
	<errormsg>A non-numeric value encountered</errormsg>
	<scriptname>/mod/art/class.art.php</scriptname>
	<scriptlinenum>247</scriptlinenum>
</errorentry>

<errorentry>
	<datetime>2021-11-14 17:53:31</datetime>
	<errornum>E_WARNING</errornum>
	<errormsg>A non-numeric value encountered</errormsg>
	<scriptname>/mod/art/class.art.php</scriptname>
	<scriptlinenum>247</scriptlinenum>
</errorentry>

<errorentry>
	<datetime>2021-11-14 18:56:50</datetime>
	<errornum>E_WARNING</errornum>
	<errormsg>A non-numeric value encountered</errormsg>
	<scriptname>/mod/art/class.art.php</scriptname>
	<scriptlinenum>247</scriptlinenum>
</errorentry>

<errorentry>
	<datetime>2021-11-14 19:14:45</datetime>
	<errornum>E_WARNING</errornum>
	<errormsg>A non-numeric value encountered</errormsg>
	<scriptname>/mod/art/class.art.php</scriptname>
	<scriptlinenum>247</scriptlinenum>
</errorentry>

<errorentry>
	<datetime>2021-11-14 19:19:31</datetime>
	<errornum>E_WARNING</errornum>
	<errormsg>A non-numeric value encountered</errormsg>
	<scriptname>/mod/art/class.art.php</scriptname>
	<scriptlinenum>247</scriptlinenum>
</errorentry>

<errorentry>
	<datetime>2021-11-14 19:23:32</datetime>
	<errornum>E_WARNING</errornum>
	<errormsg>A non-numeric value encountered</errormsg>
	<scriptname>/mod/art/class.art.php</scriptname>
	<scriptlinenum>247</scriptlinenum>
</errorentry>

<errorentry>
	<datetime>2021-11-14 19:23:46</datetime>
	<errornum>E_WARNING</errornum>
	<errormsg>A non-numeric value encountered</errormsg>
	<scriptname>/mod/art/class.art.php</scriptname>
	<scriptlinenum>247</scriptlinenum>
</errorentry>

<errorentry>
	<datetime>2021-11-14 19:24:06</datetime>
	<errornum>E_WARNING</errornum>
	<errormsg>A non-numeric value encountered</errormsg>
	<scriptname>/mod/art/class.art.php</scriptname>
	<scriptlinenum>247</scriptlinenum>
</errorentry>

<errorentry>
	<datetime>2021-11-14 22:41:55</datetime>
	<errornum>E_WARNING</errornum>
	<errormsg>A non-numeric value encountered</errormsg>
	<scriptname>/mod/art/class.art.php</scriptname>
	<scriptlinenum>247</scriptlinenum>
</errorentry>

<errorentry>
	<datetime>2021-11-14 23:41:05</datetime>
	<errornum>E_WARNING</errornum>
	<errormsg>A non-numeric value encountered</errormsg>
	<scriptname>/mod/art/class.art.php</scriptname>
	<scriptlinenum>247</scriptlinenum>
</errorentry>

<errorentry>
	<datetime>2021-11-14 23:41:47</datetime>
	<errornum>E_WARNING</errornum>
	<errormsg>A non-numeric value encountered</errormsg>
	<scriptname>/mod/art/class.art.php</scriptname>
	<scriptlinenum>247</scriptlinenum>
</errorentry>

<errorentry>
	<datetime>2021-11-14 23:44:02</datetime>
	<errornum>E_WARNING</errornum>
	<errormsg>A non-numeric value encountered</errormsg>
	<scriptname>/mod/art/class.art.php</scriptname>
	<scriptlinenum>247</scriptlinenum>
</errorentry>

