<errorentry>
	<datetime>2022-08-04 00:10:10</datetime>
	<errornum>E_WARNING</errornum>
	<errormsg>A non-numeric value encountered</errormsg>
	<scriptname>/mod/art/class.art.php</scriptname>
	<scriptlinenum>247</scriptlinenum>
</errorentry>

<errorentry>
	<datetime>2022-08-04 00:10:10</datetime>
	<errornum>E_WARNING</errornum>
	<errormsg>A non-numeric value encountered</errormsg>
	<scriptname>/klasy/class.nawig.php</scriptname>
	<scriptlinenum>142</scriptlinenum>
</errorentry>

<errorentry>
	<datetime>2022-08-04 01:43:33</datetime>
	<errornum>E_WARNING</errornum>
	<errormsg>A non-numeric value encountered</errormsg>
	<scriptname>/mod/art/class.art.php</scriptname>
	<scriptlinenum>247</scriptlinenum>
</errorentry>

<errorentry>
	<datetime>2022-08-04 01:43:33</datetime>
	<errornum>E_WARNING</errornum>
	<errormsg>A non-numeric value encountered</errormsg>
	<scriptname>/klasy/class.nawig.php</scriptname>
	<scriptlinenum>142</scriptlinenum>
</errorentry>

<errorentry>
	<datetime>2022-08-04 03:24:09</datetime>
	<errornum>E_WARNING</errornum>
	<errormsg>A non-numeric value encountered</errormsg>
	<scriptname>/mod/art/class.art.php</scriptname>
	<scriptlinenum>247</scriptlinenum>
</errorentry>

<errorentry>
	<datetime>2022-08-04 03:24:09</datetime>
	<errornum>E_WARNING</errornum>
	<errormsg>A non-numeric value encountered</errormsg>
	<scriptname>/klasy/class.nawig.php</scriptname>
	<scriptlinenum>142</scriptlinenum>
</errorentry>

<errorentry>
	<datetime>2022-08-04 03:24:09</datetime>
	<errornum>E_WARNING</errornum>
	<errormsg>A non-numeric value encountered</errormsg>
	<scriptname>/klasy/class.nawig.php</scriptname>
	<scriptlinenum>142</scriptlinenum>
</errorentry>

<errorentry>
	<datetime>2022-08-04 03:24:09</datetime>
	<errornum>E_WARNING</errornum>
	<errormsg>A non-numeric value encountered</errormsg>
	<scriptname>/klasy/class.nawig.php</scriptname>
	<scriptlinenum>142</scriptlinenum>
</errorentry>

<errorentry>
	<datetime>2022-08-04 03:24:09</datetime>
	<errornum>E_WARNING</errornum>
	<errormsg>A non-numeric value encountered</errormsg>
	<scriptname>/klasy/class.nawig.php</scriptname>
	<scriptlinenum>142</scriptlinenum>
</errorentry>

<errorentry>
	<datetime>2022-08-04 03:28:14</datetime>
	<errornum>E_WARNING</errornum>
	<errormsg>A non-numeric value encountered</errormsg>
	<scriptname>/mod/art/class.art.php</scriptname>
	<scriptlinenum>247</scriptlinenum>
</errorentry>

<errorentry>
	<datetime>2022-08-04 03:51:00</datetime>
	<errornum>E_WARNING</errornum>
	<errormsg>A non-numeric value encountered</errormsg>
	<scriptname>/mod/art/class.art.php</scriptname>
	<scriptlinenum>247</scriptlinenum>
</errorentry>

<errorentry>
	<datetime>2022-08-04 04:05:31</datetime>
	<errornum>E_WARNING</errornum>
	<errormsg>A non-numeric value encountered</errormsg>
	<scriptname>/mod/art/class.art.php</scriptname>
	<scriptlinenum>247</scriptlinenum>
</errorentry>

<errorentry>
	<datetime>2022-08-04 08:13:36</datetime>
	<errornum>E_WARNING</errornum>
	<errormsg>A non-numeric value encountered</errormsg>
	<scriptname>/mod/art/class.art.php</scriptname>
	<scriptlinenum>247</scriptlinenum>
</errorentry>

<errorentry>
	<datetime>2022-08-04 08:24:13</datetime>
	<errornum>E_WARNING</errornum>
	<errormsg>A non-numeric value encountered</errormsg>
	<scriptname>/mod/art/class.art.php</scriptname>
	<scriptlinenum>247</scriptlinenum>
</errorentry>

<errorentry>
	<datetime>2022-08-04 08:25:52</datetime>
	<errornum>E_WARNING</errornum>
	<errormsg>A non-numeric value encountered</errormsg>
	<scriptname>/mod/art/class.art.php</scriptname>
	<scriptlinenum>247</scriptlinenum>
</errorentry>

<errorentry>
	<datetime>2022-08-04 08:25:52</datetime>
	<errornum>E_WARNING</errornum>
	<errormsg>A non-numeric value encountered</errormsg>
	<scriptname>/klasy/class.nawig.php</scriptname>
	<scriptlinenum>142</scriptlinenum>
</errorentry>

<errorentry>
	<datetime>2022-08-04 08:25:52</datetime>
	<errornum>E_WARNING</errornum>
	<errormsg>A non-numeric value encountered</errormsg>
	<scriptname>/klasy/class.nawig.php</scriptname>
	<scriptlinenum>142</scriptlinenum>
</errorentry>

<errorentry>
	<datetime>2022-08-04 08:25:52</datetime>
	<errornum>E_WARNING</errornum>
	<errormsg>A non-numeric value encountered</errormsg>
	<scriptname>/klasy/class.nawig.php</scriptname>
	<scriptlinenum>142</scriptlinenum>
</errorentry>

<errorentry>
	<datetime>2022-08-04 08:25:52</datetime>
	<errornum>E_WARNING</errornum>
	<errormsg>A non-numeric value encountered</errormsg>
	<scriptname>/klasy/class.nawig.php</scriptname>
	<scriptlinenum>142</scriptlinenum>
</errorentry>

<errorentry>
	<datetime>2022-08-04 08:57:10</datetime>
	<errornum>E_WARNING</errornum>
	<errormsg>A non-numeric value encountered</errormsg>
	<scriptname>/mod/art/class.art.php</scriptname>
	<scriptlinenum>247</scriptlinenum>
</errorentry>

<errorentry>
	<datetime>2022-08-04 08:57:10</datetime>
	<errornum>E_WARNING</errornum>
	<errormsg>A non-numeric value encountered</errormsg>
	<scriptname>/klasy/class.nawig.php</scriptname>
	<scriptlinenum>142</scriptlinenum>
</errorentry>

<errorentry>
	<datetime>2022-08-04 08:57:10</datetime>
	<errornum>E_WARNING</errornum>
	<errormsg>A non-numeric value encountered</errormsg>
	<scriptname>/klasy/class.nawig.php</scriptname>
	<scriptlinenum>142</scriptlinenum>
</errorentry>

<errorentry>
	<datetime>2022-08-04 08:57:10</datetime>
	<errornum>E_WARNING</errornum>
	<errormsg>A non-numeric value encountered</errormsg>
	<scriptname>/klasy/class.nawig.php</scriptname>
	<scriptlinenum>142</scriptlinenum>
</errorentry>

<errorentry>
	<datetime>2022-08-04 08:57:10</datetime>
	<errornum>E_WARNING</errornum>
	<errormsg>A non-numeric value encountered</errormsg>
	<scriptname>/klasy/class.nawig.php</scriptname>
	<scriptlinenum>142</scriptlinenum>
</errorentry>

<errorentry>
	<datetime>2022-08-04 08:57:34</datetime>
	<errornum>E_WARNING</errornum>
	<errormsg>A non-numeric value encountered</errormsg>
	<scriptname>/mod/art/class.art.php</scriptname>
	<scriptlinenum>247</scriptlinenum>
</errorentry>

<errorentry>
	<datetime>2022-08-04 10:50:37</datetime>
	<errornum>E_WARNING</errornum>
	<errormsg>A non-numeric value encountered</errormsg>
	<scriptname>/mod/art/class.art.php</scriptname>
	<scriptlinenum>247</scriptlinenum>
</errorentry>

<errorentry>
	<datetime>2022-08-04 11:44:47</datetime>
	<errornum>E_WARNING</errornum>
	<errormsg>A non-numeric value encountered</errormsg>
	<scriptname>/mod/art/class.art.php</scriptname>
	<scriptlinenum>247</scriptlinenum>
</errorentry>

<errorentry>
	<datetime>2022-08-04 11:45:01</datetime>
	<errornum>E_WARNING</errornum>
	<errormsg>A non-numeric value encountered</errormsg>
	<scriptname>/mod/art/class.art.php</scriptname>
	<scriptlinenum>247</scriptlinenum>
</errorentry>

<errorentry>
	<datetime>2022-08-04 12:13:29</datetime>
	<errornum>E_WARNING</errornum>
	<errormsg>A non-numeric value encountered</errormsg>
	<scriptname>/mod/art/class.art.php</scriptname>
	<scriptlinenum>247</scriptlinenum>
</errorentry>

<errorentry>
	<datetime>2022-08-04 12:34:42</datetime>
	<errornum>E_WARNING</errornum>
	<errormsg>A non-numeric value encountered</errormsg>
	<scriptname>/mod/art/class.art.php</scriptname>
	<scriptlinenum>247</scriptlinenum>
</errorentry>

<errorentry>
	<datetime>2022-08-04 12:34:42</datetime>
	<errornum>E_WARNING</errornum>
	<errormsg>A non-numeric value encountered</errormsg>
	<scriptname>/klasy/class.nawig.php</scriptname>
	<scriptlinenum>142</scriptlinenum>
</errorentry>

<errorentry>
	<datetime>2022-08-04 13:19:56</datetime>
	<errornum>E_WARNING</errornum>
	<errormsg>A non-numeric value encountered</errormsg>
	<scriptname>/mod/art/class.art.php</scriptname>
	<scriptlinenum>247</scriptlinenum>
</errorentry>

<errorentry>
	<datetime>2022-08-04 13:19:56</datetime>
	<errornum>E_WARNING</errornum>
	<errormsg>A non-numeric value encountered</errormsg>
	<scriptname>/klasy/class.nawig.php</scriptname>
	<scriptlinenum>142</scriptlinenum>
</errorentry>

<errorentry>
	<datetime>2022-08-04 14:48:43</datetime>
	<errornum>E_WARNING</errornum>
	<errormsg>A non-numeric value encountered</errormsg>
	<scriptname>/mod/art/class.art.php</scriptname>
	<scriptlinenum>247</scriptlinenum>
</errorentry>

<errorentry>
	<datetime>2022-08-04 14:59:23</datetime>
	<errornum>E_WARNING</errornum>
	<errormsg>A non-numeric value encountered</errormsg>
	<scriptname>/mod/art/class.art.php</scriptname>
	<scriptlinenum>247</scriptlinenum>
</errorentry>

<errorentry>
	<datetime>2022-08-04 14:59:23</datetime>
	<errornum>E_WARNING</errornum>
	<errormsg>A non-numeric value encountered</errormsg>
	<scriptname>/klasy/class.nawig.php</scriptname>
	<scriptlinenum>142</scriptlinenum>
</errorentry>

<errorentry>
	<datetime>2022-08-04 14:59:23</datetime>
	<errornum>E_WARNING</errornum>
	<errormsg>A non-numeric value encountered</errormsg>
	<scriptname>/klasy/class.nawig.php</scriptname>
	<scriptlinenum>142</scriptlinenum>
</errorentry>

<errorentry>
	<datetime>2022-08-04 14:59:23</datetime>
	<errornum>E_WARNING</errornum>
	<errormsg>A non-numeric value encountered</errormsg>
	<scriptname>/klasy/class.nawig.php</scriptname>
	<scriptlinenum>142</scriptlinenum>
</errorentry>

<errorentry>
	<datetime>2022-08-04 14:59:23</datetime>
	<errornum>E_WARNING</errornum>
	<errormsg>A non-numeric value encountered</errormsg>
	<scriptname>/klasy/class.nawig.php</scriptname>
	<scriptlinenum>142</scriptlinenum>
</errorentry>

<errorentry>
	<datetime>2022-08-04 16:18:05</datetime>
	<errornum>E_WARNING</errornum>
	<errormsg>A non-numeric value encountered</errormsg>
	<scriptname>/mod/art/class.art.php</scriptname>
	<scriptlinenum>247</scriptlinenum>
</errorentry>

<errorentry>
	<datetime>2022-08-04 16:38:55</datetime>
	<errornum>E_WARNING</errornum>
	<errormsg>A non-numeric value encountered</errormsg>
	<scriptname>/mod/art/class.art.php</scriptname>
	<scriptlinenum>247</scriptlinenum>
</errorentry>

<errorentry>
	<datetime>2022-08-04 16:43:40</datetime>
	<errornum>E_WARNING</errornum>
	<errormsg>A non-numeric value encountered</errormsg>
	<scriptname>/mod/art/class.art.php</scriptname>
	<scriptlinenum>247</scriptlinenum>
</errorentry>

<errorentry>
	<datetime>2022-08-04 16:44:02</datetime>
	<errornum>E_WARNING</errornum>
	<errormsg>A non-numeric value encountered</errormsg>
	<scriptname>/mod/art/class.art.php</scriptname>
	<scriptlinenum>247</scriptlinenum>
</errorentry>

<errorentry>
	<datetime>2022-08-04 16:44:15</datetime>
	<errornum>E_WARNING</errornum>
	<errormsg>A non-numeric value encountered</errormsg>
	<scriptname>/mod/art/class.art.php</scriptname>
	<scriptlinenum>247</scriptlinenum>
</errorentry>

<errorentry>
	<datetime>2022-08-04 16:44:30</datetime>
	<errornum>E_WARNING</errornum>
	<errormsg>A non-numeric value encountered</errormsg>
	<scriptname>/mod/art/class.art.php</scriptname>
	<scriptlinenum>247</scriptlinenum>
</errorentry>

<errorentry>
	<datetime>2022-08-04 16:44:52</datetime>
	<errornum>E_WARNING</errornum>
	<errormsg>A non-numeric value encountered</errormsg>
	<scriptname>/mod/art/class.art.php</scriptname>
	<scriptlinenum>247</scriptlinenum>
</errorentry>

<errorentry>
	<datetime>2022-08-04 16:45:04</datetime>
	<errornum>E_WARNING</errornum>
	<errormsg>A non-numeric value encountered</errormsg>
	<scriptname>/mod/art/class.art.php</scriptname>
	<scriptlinenum>247</scriptlinenum>
</errorentry>

<errorentry>
	<datetime>2022-08-04 17:25:41</datetime>
	<errornum>E_WARNING</errornum>
	<errormsg>A non-numeric value encountered</errormsg>
	<scriptname>/mod/art/class.art.php</scriptname>
	<scriptlinenum>247</scriptlinenum>
</errorentry>

<errorentry>
	<datetime>2022-08-04 17:30:49</datetime>
	<errornum>E_WARNING</errornum>
	<errormsg>A non-numeric value encountered</errormsg>
	<scriptname>/mod/art/class.art.php</scriptname>
	<scriptlinenum>247</scriptlinenum>
</errorentry>

<errorentry>
	<datetime>2022-08-04 17:33:16</datetime>
	<errornum>E_WARNING</errornum>
	<errormsg>A non-numeric value encountered</errormsg>
	<scriptname>/mod/art/class.art.php</scriptname>
	<scriptlinenum>247</scriptlinenum>
</errorentry>

<errorentry>
	<datetime>2022-08-04 17:59:02</datetime>
	<errornum>E_WARNING</errornum>
	<errormsg>A non-numeric value encountered</errormsg>
	<scriptname>/mod/art/class.art.php</scriptname>
	<scriptlinenum>247</scriptlinenum>
</errorentry>

<errorentry>
	<datetime>2022-08-04 18:32:20</datetime>
	<errornum>E_WARNING</errornum>
	<errormsg>A non-numeric value encountered</errormsg>
	<scriptname>/mod/art/class.art.php</scriptname>
	<scriptlinenum>247</scriptlinenum>
</errorentry>

<errorentry>
	<datetime>2022-08-04 18:32:20</datetime>
	<errornum>E_WARNING</errornum>
	<errormsg>A non-numeric value encountered</errormsg>
	<scriptname>/klasy/class.nawig.php</scriptname>
	<scriptlinenum>142</scriptlinenum>
</errorentry>

<errorentry>
	<datetime>2022-08-04 18:32:20</datetime>
	<errornum>E_WARNING</errornum>
	<errormsg>A non-numeric value encountered</errormsg>
	<scriptname>/klasy/class.nawig.php</scriptname>
	<scriptlinenum>142</scriptlinenum>
</errorentry>

<errorentry>
	<datetime>2022-08-04 18:32:20</datetime>
	<errornum>E_WARNING</errornum>
	<errormsg>A non-numeric value encountered</errormsg>
	<scriptname>/klasy/class.nawig.php</scriptname>
	<scriptlinenum>142</scriptlinenum>
</errorentry>

<errorentry>
	<datetime>2022-08-04 18:32:20</datetime>
	<errornum>E_WARNING</errornum>
	<errormsg>A non-numeric value encountered</errormsg>
	<scriptname>/klasy/class.nawig.php</scriptname>
	<scriptlinenum>142</scriptlinenum>
</errorentry>

<errorentry>
	<datetime>2022-08-04 19:07:50</datetime>
	<errornum>E_WARNING</errornum>
	<errormsg>A non-numeric value encountered</errormsg>
	<scriptname>/mod/art/class.art.php</scriptname>
	<scriptlinenum>247</scriptlinenum>
</errorentry>

<errorentry>
	<datetime>2022-08-04 21:20:03</datetime>
	<errornum>E_WARNING</errornum>
	<errormsg>A non-numeric value encountered</errormsg>
	<scriptname>/mod/art/class.art.php</scriptname>
	<scriptlinenum>247</scriptlinenum>
</errorentry>

<errorentry>
	<datetime>2022-08-04 21:20:03</datetime>
	<errornum>E_WARNING</errornum>
	<errormsg>A non-numeric value encountered</errormsg>
	<scriptname>/klasy/class.nawig.php</scriptname>
	<scriptlinenum>142</scriptlinenum>
</errorentry>

<errorentry>
	<datetime>2022-08-04 21:20:03</datetime>
	<errornum>E_WARNING</errornum>
	<errormsg>A non-numeric value encountered</errormsg>
	<scriptname>/klasy/class.nawig.php</scriptname>
	<scriptlinenum>142</scriptlinenum>
</errorentry>

<errorentry>
	<datetime>2022-08-04 21:20:03</datetime>
	<errornum>E_WARNING</errornum>
	<errormsg>A non-numeric value encountered</errormsg>
	<scriptname>/klasy/class.nawig.php</scriptname>
	<scriptlinenum>142</scriptlinenum>
</errorentry>

<errorentry>
	<datetime>2022-08-04 21:20:03</datetime>
	<errornum>E_WARNING</errornum>
	<errormsg>A non-numeric value encountered</errormsg>
	<scriptname>/klasy/class.nawig.php</scriptname>
	<scriptlinenum>142</scriptlinenum>
</errorentry>

<errorentry>
	<datetime>2022-08-04 21:24:21</datetime>
	<errornum>E_WARNING</errornum>
	<errormsg>A non-numeric value encountered</errormsg>
	<scriptname>/mod/art/class.art.php</scriptname>
	<scriptlinenum>247</scriptlinenum>
</errorentry>

<errorentry>
	<datetime>2022-08-04 21:25:02</datetime>
	<errornum>E_WARNING</errornum>
	<errormsg>A non-numeric value encountered</errormsg>
	<scriptname>/mod/art/class.art.php</scriptname>
	<scriptlinenum>247</scriptlinenum>
</errorentry>

<errorentry>
	<datetime>2022-08-04 21:25:14</datetime>
	<errornum>E_WARNING</errornum>
	<errormsg>A non-numeric value encountered</errormsg>
	<scriptname>/mod/art/class.art.php</scriptname>
	<scriptlinenum>247</scriptlinenum>
</errorentry>

<errorentry>
	<datetime>2022-08-04 22:19:26</datetime>
	<errornum>E_WARNING</errornum>
	<errormsg>A non-numeric value encountered</errormsg>
	<scriptname>/mod/art/class.art.php</scriptname>
	<scriptlinenum>247</scriptlinenum>
</errorentry>

<errorentry>
	<datetime>2022-08-04 22:27:36</datetime>
	<errornum>E_WARNING</errornum>
	<errormsg>A non-numeric value encountered</errormsg>
	<scriptname>/mod/art/class.art.php</scriptname>
	<scriptlinenum>247</scriptlinenum>
</errorentry>

<errorentry>
	<datetime>2022-08-04 22:27:36</datetime>
	<errornum>E_WARNING</errornum>
	<errormsg>A non-numeric value encountered</errormsg>
	<scriptname>/mod/art/class.art.php</scriptname>
	<scriptlinenum>247</scriptlinenum>
</errorentry>

<errorentry>
	<datetime>2022-08-04 22:27:36</datetime>
	<errornum>E_WARNING</errornum>
	<errormsg>A non-numeric value encountered</errormsg>
	<scriptname>/klasy/class.nawig.php</scriptname>
	<scriptlinenum>142</scriptlinenum>
</errorentry>

<errorentry>
	<datetime>2022-08-04 22:45:05</datetime>
	<errornum>E_WARNING</errornum>
	<errormsg>A non-numeric value encountered</errormsg>
	<scriptname>/mod/art/class.art.php</scriptname>
	<scriptlinenum>247</scriptlinenum>
</errorentry>

<errorentry>
	<datetime>2022-08-04 22:46:28</datetime>
	<errornum>E_WARNING</errornum>
	<errormsg>A non-numeric value encountered</errormsg>
	<scriptname>/mod/art/class.art.php</scriptname>
	<scriptlinenum>247</scriptlinenum>
</errorentry>

