<errorentry>
	<datetime>2010-03-08 08:03:52</datetime>
	<errornum>E_WARNING</errornum>
	<errormsg>Variable passed to each() is not an array or object</errormsg>
	<scriptname>/mod/art/class.art.php</scriptname>
	<scriptlinenum>2224</scriptlinenum>
</errorentry>

<errorentry>
	<datetime>2010-03-08 08:03:56</datetime>
	<errornum>E_NOTICE</errornum>
	<errormsg>Undefined variable: pobierz_galerie</errormsg>
	<scriptname>/mod/art/class.art.php</scriptname>
	<scriptlinenum>2198</scriptlinenum>
</errorentry>

<errorentry>
	<datetime>2010-03-08 08:03:58</datetime>
	<errornum>E_NOTICE</errornum>
	<errormsg>Undefined variable: pobierz_galerie</errormsg>
	<scriptname>/mod/art/class.art.php</scriptname>
	<scriptlinenum>2198</scriptlinenum>
</errorentry>

<errorentry>
	<datetime>2010-03-08 08:03:58</datetime>
	<errornum>E_NOTICE</errornum>
	<errormsg>Undefined variable: val</errormsg>
	<scriptname>/mod/art/class.art.php</scriptname>
	<scriptlinenum>2218</scriptlinenum>
</errorentry>

<errorentry>
	<datetime>2010-03-08 08:04:00</datetime>
	<errornum>E_NOTICE</errornum>
	<errormsg>Undefined variable: pobierz_galerie</errormsg>
	<scriptname>/mod/art/class.art.php</scriptname>
	<scriptlinenum>2198</scriptlinenum>
</errorentry>

<errorentry>
	<datetime>2010-03-08 08:04:00</datetime>
	<errornum>E_NOTICE</errornum>
	<errormsg>Undefined variable: val</errormsg>
	<scriptname>/mod/art/class.art.php</scriptname>
	<scriptlinenum>2218</scriptlinenum>
</errorentry>

<errorentry>
	<datetime>2010-03-08 08:04:01</datetime>
	<errornum>E_NOTICE</errornum>
	<errormsg>Undefined variable: pobierz_galerie</errormsg>
	<scriptname>/mod/art/class.art.php</scriptname>
	<scriptlinenum>2198</scriptlinenum>
</errorentry>

<errorentry>
	<datetime>2010-03-08 08:04:01</datetime>
	<errornum>E_NOTICE</errornum>
	<errormsg>Undefined variable: val</errormsg>
	<scriptname>/mod/art/class.art.php</scriptname>
	<scriptlinenum>2218</scriptlinenum>
</errorentry>

<errorentry>
	<datetime>2010-03-08 08:04:02</datetime>
	<errornum>E_NOTICE</errornum>
	<errormsg>Undefined variable: pobierz_galerie</errormsg>
	<scriptname>/mod/art/class.art.php</scriptname>
	<scriptlinenum>2198</scriptlinenum>
</errorentry>

<errorentry>
	<datetime>2010-03-08 08:04:02</datetime>
	<errornum>E_NOTICE</errornum>
	<errormsg>Undefined variable: val</errormsg>
	<scriptname>/mod/art/class.art.php</scriptname>
	<scriptlinenum>2218</scriptlinenum>
</errorentry>

<errorentry>
	<datetime>2010-03-08 08:04:31</datetime>
	<errornum>E_WARNING</errornum>
	<errormsg>Variable passed to each() is not an array or object</errormsg>
	<scriptname>/mod/art/class.art.php</scriptname>
	<scriptlinenum>2224</scriptlinenum>
</errorentry>

<errorentry>
	<datetime>2010-03-08 08:04:38</datetime>
	<errornum>E_WARNING</errornum>
	<errormsg>Variable passed to each() is not an array or object</errormsg>
	<scriptname>/mod/art/class.art.php</scriptname>
	<scriptlinenum>2224</scriptlinenum>
</errorentry>

<errorentry>
	<datetime>2010-03-08 08:04:41</datetime>
	<errornum>E_WARNING</errornum>
	<errormsg>Variable passed to each() is not an array or object</errormsg>
	<scriptname>/mod/art/class.art.php</scriptname>
	<scriptlinenum>2224</scriptlinenum>
</errorentry>

<errorentry>
	<datetime>2010-03-08 08:04:43</datetime>
	<errornum>E_WARNING</errornum>
	<errormsg>Variable passed to each() is not an array or object</errormsg>
	<scriptname>/mod/art/class.art.php</scriptname>
	<scriptlinenum>2224</scriptlinenum>
</errorentry>

<errorentry>
	<datetime>2010-03-08 08:04:53</datetime>
	<errornum>E_WARNING</errornum>
	<errormsg>Variable passed to each() is not an array or object</errormsg>
	<scriptname>/mod/art/class.art.php</scriptname>
	<scriptlinenum>2224</scriptlinenum>
</errorentry>

<errorentry>
	<datetime>2010-03-08 08:04:58</datetime>
	<errornum>E_WARNING</errornum>
	<errormsg>Variable passed to each() is not an array or object</errormsg>
	<scriptname>/mod/art/class.art.php</scriptname>
	<scriptlinenum>2224</scriptlinenum>
</errorentry>

<errorentry>
	<datetime>2010-03-08 08:07:04</datetime>
	<errornum>E_WARNING</errornum>
	<errormsg>Variable passed to each() is not an array or object</errormsg>
	<scriptname>/mod/art/class.art.php</scriptname>
	<scriptlinenum>2224</scriptlinenum>
</errorentry>

<errorentry>
	<datetime>2010-03-08 08:07:10</datetime>
	<errornum>E_WARNING</errornum>
	<errormsg>Variable passed to each() is not an array or object</errormsg>
	<scriptname>/mod/art/class.art.php</scriptname>
	<scriptlinenum>2224</scriptlinenum>
</errorentry>

<errorentry>
	<datetime>2010-03-08 08:07:26</datetime>
	<errornum>E_WARNING</errornum>
	<errormsg>Variable passed to each() is not an array or object</errormsg>
	<scriptname>/mod/art/class.art.php</scriptname>
	<scriptlinenum>2224</scriptlinenum>
</errorentry>

<errorentry>
	<datetime>2010-03-08 08:07:31</datetime>
	<errornum>E_WARNING</errornum>
	<errormsg>Variable passed to each() is not an array or object</errormsg>
	<scriptname>/mod/art/class.art.php</scriptname>
	<scriptlinenum>2224</scriptlinenum>
</errorentry>

<errorentry>
	<datetime>2010-03-08 08:09:57</datetime>
	<errornum>E_WARNING</errornum>
	<errormsg>Variable passed to each() is not an array or object</errormsg>
	<scriptname>/mod/art/class.art.php</scriptname>
	<scriptlinenum>2224</scriptlinenum>
</errorentry>

<errorentry>
	<datetime>2010-03-08 08:10:00</datetime>
	<errornum>E_NOTICE</errornum>
	<errormsg>Undefined variable: pobierz_galerie</errormsg>
	<scriptname>/mod/art/class.art.php</scriptname>
	<scriptlinenum>2198</scriptlinenum>
</errorentry>

<errorentry>
	<datetime>2010-03-08 08:10:17</datetime>
	<errornum>E_NOTICE</errornum>
	<errormsg>Undefined variable: pobierz_galerie</errormsg>
	<scriptname>/mod/art/class.art.php</scriptname>
	<scriptlinenum>2198</scriptlinenum>
</errorentry>

<errorentry>
	<datetime>2010-03-08 08:10:17</datetime>
	<errornum>E_NOTICE</errornum>
	<errormsg>Undefined variable: val</errormsg>
	<scriptname>/mod/art/class.art.php</scriptname>
	<scriptlinenum>2218</scriptlinenum>
</errorentry>

<errorentry>
	<datetime>2010-03-08 08:10:21</datetime>
	<errornum>E_NOTICE</errornum>
	<errormsg>Undefined variable: pobierz_galerie</errormsg>
	<scriptname>/mod/art/class.art.php</scriptname>
	<scriptlinenum>2198</scriptlinenum>
</errorentry>

<errorentry>
	<datetime>2010-03-08 08:10:21</datetime>
	<errornum>E_NOTICE</errornum>
	<errormsg>Undefined variable: val</errormsg>
	<scriptname>/mod/art/class.art.php</scriptname>
	<scriptlinenum>2218</scriptlinenum>
</errorentry>

<errorentry>
	<datetime>2010-03-08 08:10:22</datetime>
	<errornum>E_NOTICE</errornum>
	<errormsg>Undefined variable: pobierz_galerie</errormsg>
	<scriptname>/mod/art/class.art.php</scriptname>
	<scriptlinenum>2198</scriptlinenum>
</errorentry>

<errorentry>
	<datetime>2010-03-08 08:10:22</datetime>
	<errornum>E_NOTICE</errornum>
	<errormsg>Undefined variable: val</errormsg>
	<scriptname>/mod/art/class.art.php</scriptname>
	<scriptlinenum>2218</scriptlinenum>
</errorentry>

<errorentry>
	<datetime>2010-03-08 08:10:23</datetime>
	<errornum>E_NOTICE</errornum>
	<errormsg>Undefined variable: pobierz_galerie</errormsg>
	<scriptname>/mod/art/class.art.php</scriptname>
	<scriptlinenum>2198</scriptlinenum>
</errorentry>

<errorentry>
	<datetime>2010-03-08 08:10:23</datetime>
	<errornum>E_NOTICE</errornum>
	<errormsg>Undefined variable: val</errormsg>
	<scriptname>/mod/art/class.art.php</scriptname>
	<scriptlinenum>2218</scriptlinenum>
</errorentry>

<errorentry>
	<datetime>2010-03-08 08:10:25</datetime>
	<errornum>E_NOTICE</errornum>
	<errormsg>Undefined variable: pobierz_galerie</errormsg>
	<scriptname>/mod/art/class.art.php</scriptname>
	<scriptlinenum>2198</scriptlinenum>
</errorentry>

<errorentry>
	<datetime>2010-03-08 08:10:25</datetime>
	<errornum>E_NOTICE</errornum>
	<errormsg>Undefined variable: val</errormsg>
	<scriptname>/mod/art/class.art.php</scriptname>
	<scriptlinenum>2218</scriptlinenum>
</errorentry>

<errorentry>
	<datetime>2010-03-08 08:10:26</datetime>
	<errornum>E_NOTICE</errornum>
	<errormsg>Undefined variable: pobierz_galerie</errormsg>
	<scriptname>/mod/art/class.art.php</scriptname>
	<scriptlinenum>2198</scriptlinenum>
</errorentry>

<errorentry>
	<datetime>2010-03-08 08:10:26</datetime>
	<errornum>E_NOTICE</errornum>
	<errormsg>Undefined variable: val</errormsg>
	<scriptname>/mod/art/class.art.php</scriptname>
	<scriptlinenum>2218</scriptlinenum>
</errorentry>

<errorentry>
	<datetime>2010-03-08 08:10:27</datetime>
	<errornum>E_NOTICE</errornum>
	<errormsg>Undefined variable: pobierz_galerie</errormsg>
	<scriptname>/mod/art/class.art.php</scriptname>
	<scriptlinenum>2198</scriptlinenum>
</errorentry>

<errorentry>
	<datetime>2010-03-08 08:10:27</datetime>
	<errornum>E_NOTICE</errornum>
	<errormsg>Undefined variable: val</errormsg>
	<scriptname>/mod/art/class.art.php</scriptname>
	<scriptlinenum>2218</scriptlinenum>
</errorentry>

<errorentry>
	<datetime>2010-03-08 08:10:27</datetime>
	<errornum>E_NOTICE</errornum>
	<errormsg>Undefined variable: pobierz_galerie</errormsg>
	<scriptname>/mod/art/class.art.php</scriptname>
	<scriptlinenum>2198</scriptlinenum>
</errorentry>

<errorentry>
	<datetime>2010-03-08 08:10:27</datetime>
	<errornum>E_NOTICE</errornum>
	<errormsg>Undefined variable: val</errormsg>
	<scriptname>/mod/art/class.art.php</scriptname>
	<scriptlinenum>2218</scriptlinenum>
</errorentry>

<errorentry>
	<datetime>2010-03-08 08:10:35</datetime>
	<errornum>E_WARNING</errornum>
	<errormsg>Variable passed to each() is not an array or object</errormsg>
	<scriptname>/mod/art/class.art.php</scriptname>
	<scriptlinenum>2224</scriptlinenum>
</errorentry>

<errorentry>
	<datetime>2010-03-08 08:10:37</datetime>
	<errornum>E_NOTICE</errornum>
	<errormsg>Undefined variable: pobierz_galerie</errormsg>
	<scriptname>/mod/art/class.art.php</scriptname>
	<scriptlinenum>2198</scriptlinenum>
</errorentry>

<errorentry>
	<datetime>2010-03-08 08:10:40</datetime>
	<errornum>E_WARNING</errornum>
	<errormsg>Variable passed to each() is not an array or object</errormsg>
	<scriptname>/mod/art/class.art.php</scriptname>
	<scriptlinenum>2224</scriptlinenum>
</errorentry>

<errorentry>
	<datetime>2010-03-08 08:13:27</datetime>
	<errornum>E_NOTICE</errornum>
	<errormsg>Undefined variable: pobierz_galerie</errormsg>
	<scriptname>/mod/art/class.art.php</scriptname>
	<scriptlinenum>2198</scriptlinenum>
</errorentry>

<errorentry>
	<datetime>2010-03-08 08:13:35</datetime>
	<errornum>E_WARNING</errornum>
	<errormsg>Variable passed to each() is not an array or object</errormsg>
	<scriptname>/mod/art/class.art.php</scriptname>
	<scriptlinenum>2224</scriptlinenum>
</errorentry>

<errorentry>
	<datetime>2010-03-08 08:13:41</datetime>
	<errornum>E_WARNING</errornum>
	<errormsg>Variable passed to each() is not an array or object</errormsg>
	<scriptname>/mod/art/class.art.php</scriptname>
	<scriptlinenum>2224</scriptlinenum>
</errorentry>

<errorentry>
	<datetime>2010-03-08 08:13:56</datetime>
	<errornum>E_WARNING</errornum>
	<errormsg>Variable passed to each() is not an array or object</errormsg>
	<scriptname>/mod/art/class.art.php</scriptname>
	<scriptlinenum>2224</scriptlinenum>
</errorentry>

<errorentry>
	<datetime>2010-03-08 09:34:46</datetime>
	<errornum>E_WARNING</errornum>
	<errormsg>Variable passed to each() is not an array or object</errormsg>
	<scriptname>/mod/art/class.art.php</scriptname>
	<scriptlinenum>2224</scriptlinenum>
</errorentry>

<errorentry>
	<datetime>2010-03-08 09:35:03</datetime>
	<errornum>E_WARNING</errornum>
	<errormsg>Variable passed to each() is not an array or object</errormsg>
	<scriptname>/mod/art/class.art.php</scriptname>
	<scriptlinenum>2224</scriptlinenum>
</errorentry>

<errorentry>
	<datetime>2010-03-08 09:38:12</datetime>
	<errornum>E_WARNING</errornum>
	<errormsg>Variable passed to each() is not an array or object</errormsg>
	<scriptname>/mod/art/class.art.php</scriptname>
	<scriptlinenum>2224</scriptlinenum>
</errorentry>

<errorentry>
	<datetime>2010-03-08 09:52:34</datetime>
	<errornum>E_WARNING</errornum>
	<errormsg>Variable passed to each() is not an array or object</errormsg>
	<scriptname>/mod/art/class.art.php</scriptname>
	<scriptlinenum>2224</scriptlinenum>
</errorentry>

<errorentry>
	<datetime>2010-03-08 10:10:51</datetime>
	<errornum>E_WARNING</errornum>
	<errormsg>Variable passed to each() is not an array or object</errormsg>
	<scriptname>/mod/art/class.art.php</scriptname>
	<scriptlinenum>2224</scriptlinenum>
</errorentry>

<errorentry>
	<datetime>2010-03-08 14:51:30</datetime>
	<errornum>E_WARNING</errornum>
	<errormsg>Variable passed to each() is not an array or object</errormsg>
	<scriptname>/mod/art/class.art.php</scriptname>
	<scriptlinenum>2224</scriptlinenum>
</errorentry>

<errorentry>
	<datetime>2010-03-08 14:51:37</datetime>
	<errornum>E_NOTICE</errornum>
	<errormsg>Undefined variable: pobierz_galerie</errormsg>
	<scriptname>/mod/art/class.art.php</scriptname>
	<scriptlinenum>2198</scriptlinenum>
</errorentry>

<errorentry>
	<datetime>2010-03-08 14:51:39</datetime>
	<errornum>E_NOTICE</errornum>
	<errormsg>Undefined variable: pobierz_galerie</errormsg>
	<scriptname>/mod/art/class.art.php</scriptname>
	<scriptlinenum>2198</scriptlinenum>
</errorentry>

<errorentry>
	<datetime>2010-03-08 14:51:39</datetime>
	<errornum>E_NOTICE</errornum>
	<errormsg>Undefined variable: val</errormsg>
	<scriptname>/mod/art/class.art.php</scriptname>
	<scriptlinenum>2218</scriptlinenum>
</errorentry>

<errorentry>
	<datetime>2010-03-08 14:51:40</datetime>
	<errornum>E_NOTICE</errornum>
	<errormsg>Undefined variable: pobierz_galerie</errormsg>
	<scriptname>/mod/art/class.art.php</scriptname>
	<scriptlinenum>2198</scriptlinenum>
</errorentry>

<errorentry>
	<datetime>2010-03-08 14:51:40</datetime>
	<errornum>E_NOTICE</errornum>
	<errormsg>Undefined variable: val</errormsg>
	<scriptname>/mod/art/class.art.php</scriptname>
	<scriptlinenum>2218</scriptlinenum>
</errorentry>

<errorentry>
	<datetime>2010-03-08 14:51:44</datetime>
	<errornum>E_WARNING</errornum>
	<errormsg>Variable passed to each() is not an array or object</errormsg>
	<scriptname>/mod/art/class.art.php</scriptname>
	<scriptlinenum>2224</scriptlinenum>
</errorentry>

<errorentry>
	<datetime>2010-03-08 14:51:50</datetime>
	<errornum>E_WARNING</errornum>
	<errormsg>Variable passed to each() is not an array or object</errormsg>
	<scriptname>/mod/art/class.art.php</scriptname>
	<scriptlinenum>2224</scriptlinenum>
</errorentry>

<errorentry>
	<datetime>2010-03-08 14:52:08</datetime>
	<errornum>E_WARNING</errornum>
	<errormsg>Variable passed to each() is not an array or object</errormsg>
	<scriptname>/mod/art/class.art.php</scriptname>
	<scriptlinenum>2224</scriptlinenum>
</errorentry>

<errorentry>
	<datetime>2010-03-08 14:52:31</datetime>
	<errornum>E_WARNING</errornum>
	<errormsg>Variable passed to each() is not an array or object</errormsg>
	<scriptname>/mod/art/class.art.php</scriptname>
	<scriptlinenum>2224</scriptlinenum>
</errorentry>

<errorentry>
	<datetime>2010-03-08 15:11:02</datetime>
	<errornum>E_WARNING</errornum>
	<errormsg>Variable passed to each() is not an array or object</errormsg>
	<scriptname>/mod/art/class.art.php</scriptname>
	<scriptlinenum>2224</scriptlinenum>
</errorentry>

<errorentry>
	<datetime>2010-03-08 15:11:06</datetime>
	<errornum>E_NOTICE</errornum>
	<errormsg>Undefined variable: pobierz_galerie</errormsg>
	<scriptname>/mod/art/class.art.php</scriptname>
	<scriptlinenum>2198</scriptlinenum>
</errorentry>

<errorentry>
	<datetime>2010-03-08 15:11:17</datetime>
	<errornum>E_WARNING</errornum>
	<errormsg>Variable passed to each() is not an array or object</errormsg>
	<scriptname>/mod/art/class.art.php</scriptname>
	<scriptlinenum>2224</scriptlinenum>
</errorentry>

<errorentry>
	<datetime>2010-03-08 15:11:19</datetime>
	<errornum>E_NOTICE</errornum>
	<errormsg>Undefined variable: pobierz_galerie</errormsg>
	<scriptname>/mod/art/class.art.php</scriptname>
	<scriptlinenum>2198</scriptlinenum>
</errorentry>

<errorentry>
	<datetime>2010-03-08 15:11:24</datetime>
	<errornum>E_WARNING</errornum>
	<errormsg>Variable passed to each() is not an array or object</errormsg>
	<scriptname>/mod/art/class.art.php</scriptname>
	<scriptlinenum>2224</scriptlinenum>
</errorentry>

<errorentry>
	<datetime>2010-03-08 15:14:26</datetime>
	<errornum>E_NOTICE</errornum>
	<errormsg>Undefined variable: pobierz_galerie</errormsg>
	<scriptname>/mod/art/class.art.php</scriptname>
	<scriptlinenum>2198</scriptlinenum>
</errorentry>

<errorentry>
	<datetime>2010-03-08 15:16:56</datetime>
	<errornum>E_NOTICE</errornum>
	<errormsg>Undefined variable: pobierz_galerie</errormsg>
	<scriptname>/mod/art/class.art.php</scriptname>
	<scriptlinenum>2198</scriptlinenum>
</errorentry>

<errorentry>
	<datetime>2010-03-08 15:19:36</datetime>
	<errornum>E_WARNING</errornum>
	<errormsg>Variable passed to each() is not an array or object</errormsg>
	<scriptname>/mod/art/class.art.php</scriptname>
	<scriptlinenum>2224</scriptlinenum>
</errorentry>

<errorentry>
	<datetime>2010-03-08 15:19:39</datetime>
	<errornum>E_NOTICE</errornum>
	<errormsg>Undefined variable: pobierz_galerie</errormsg>
	<scriptname>/mod/art/class.art.php</scriptname>
	<scriptlinenum>2198</scriptlinenum>
</errorentry>

<errorentry>
	<datetime>2010-03-08 15:19:41</datetime>
	<errornum>E_WARNING</errornum>
	<errormsg>Variable passed to each() is not an array or object</errormsg>
	<scriptname>/mod/art/class.art.php</scriptname>
	<scriptlinenum>2224</scriptlinenum>
</errorentry>

<errorentry>
	<datetime>2010-03-08 15:20:40</datetime>
	<errornum>E_WARNING</errornum>
	<errormsg>Variable passed to each() is not an array or object</errormsg>
	<scriptname>/mod/art/class.art.php</scriptname>
	<scriptlinenum>2224</scriptlinenum>
</errorentry>

<errorentry>
	<datetime>2010-03-08 16:19:15</datetime>
	<errornum>E_WARNING</errornum>
	<errormsg>Variable passed to each() is not an array or object</errormsg>
	<scriptname>/mod/art/class.art.php</scriptname>
	<scriptlinenum>2224</scriptlinenum>
</errorentry>

<errorentry>
	<datetime>2010-03-08 16:19:19</datetime>
	<errornum>E_NOTICE</errornum>
	<errormsg>Undefined variable: pobierz_galerie</errormsg>
	<scriptname>/mod/art/class.art.php</scriptname>
	<scriptlinenum>2198</scriptlinenum>
</errorentry>

<errorentry>
	<datetime>2010-03-08 16:19:28</datetime>
	<errornum>E_NOTICE</errornum>
	<errormsg>Undefined variable: pobierz_galerie</errormsg>
	<scriptname>/mod/art/class.art.php</scriptname>
	<scriptlinenum>2198</scriptlinenum>
</errorentry>

<errorentry>
	<datetime>2010-03-08 16:19:28</datetime>
	<errornum>E_NOTICE</errornum>
	<errormsg>Undefined variable: val</errormsg>
	<scriptname>/mod/art/class.art.php</scriptname>
	<scriptlinenum>2218</scriptlinenum>
</errorentry>

<errorentry>
	<datetime>2010-03-08 16:19:31</datetime>
	<errornum>E_NOTICE</errornum>
	<errormsg>Undefined variable: pobierz_galerie</errormsg>
	<scriptname>/mod/art/class.art.php</scriptname>
	<scriptlinenum>2198</scriptlinenum>
</errorentry>

<errorentry>
	<datetime>2010-03-08 16:19:31</datetime>
	<errornum>E_NOTICE</errornum>
	<errormsg>Undefined variable: val</errormsg>
	<scriptname>/mod/art/class.art.php</scriptname>
	<scriptlinenum>2218</scriptlinenum>
</errorentry>

<errorentry>
	<datetime>2010-03-08 16:19:33</datetime>
	<errornum>E_NOTICE</errornum>
	<errormsg>Undefined variable: pobierz_galerie</errormsg>
	<scriptname>/mod/art/class.art.php</scriptname>
	<scriptlinenum>2198</scriptlinenum>
</errorentry>

<errorentry>
	<datetime>2010-03-08 16:19:33</datetime>
	<errornum>E_NOTICE</errornum>
	<errormsg>Undefined variable: val</errormsg>
	<scriptname>/mod/art/class.art.php</scriptname>
	<scriptlinenum>2218</scriptlinenum>
</errorentry>

<errorentry>
	<datetime>2010-03-08 16:19:34</datetime>
	<errornum>E_NOTICE</errornum>
	<errormsg>Undefined variable: pobierz_galerie</errormsg>
	<scriptname>/mod/art/class.art.php</scriptname>
	<scriptlinenum>2198</scriptlinenum>
</errorentry>

<errorentry>
	<datetime>2010-03-08 16:19:34</datetime>
	<errornum>E_NOTICE</errornum>
	<errormsg>Undefined variable: val</errormsg>
	<scriptname>/mod/art/class.art.php</scriptname>
	<scriptlinenum>2218</scriptlinenum>
</errorentry>

<errorentry>
	<datetime>2010-03-08 16:19:36</datetime>
	<errornum>E_NOTICE</errornum>
	<errormsg>Undefined variable: pobierz_galerie</errormsg>
	<scriptname>/mod/art/class.art.php</scriptname>
	<scriptlinenum>2198</scriptlinenum>
</errorentry>

<errorentry>
	<datetime>2010-03-08 16:19:36</datetime>
	<errornum>E_NOTICE</errornum>
	<errormsg>Undefined variable: val</errormsg>
	<scriptname>/mod/art/class.art.php</scriptname>
	<scriptlinenum>2218</scriptlinenum>
</errorentry>

<errorentry>
	<datetime>2010-03-08 16:19:37</datetime>
	<errornum>E_NOTICE</errornum>
	<errormsg>Undefined variable: pobierz_galerie</errormsg>
	<scriptname>/mod/art/class.art.php</scriptname>
	<scriptlinenum>2198</scriptlinenum>
</errorentry>

<errorentry>
	<datetime>2010-03-08 16:19:37</datetime>
	<errornum>E_NOTICE</errornum>
	<errormsg>Undefined variable: val</errormsg>
	<scriptname>/mod/art/class.art.php</scriptname>
	<scriptlinenum>2218</scriptlinenum>
</errorentry>

<errorentry>
	<datetime>2010-03-08 16:19:38</datetime>
	<errornum>E_NOTICE</errornum>
	<errormsg>Undefined variable: pobierz_galerie</errormsg>
	<scriptname>/mod/art/class.art.php</scriptname>
	<scriptlinenum>2198</scriptlinenum>
</errorentry>

<errorentry>
	<datetime>2010-03-08 16:19:38</datetime>
	<errornum>E_NOTICE</errornum>
	<errormsg>Undefined variable: val</errormsg>
	<scriptname>/mod/art/class.art.php</scriptname>
	<scriptlinenum>2218</scriptlinenum>
</errorentry>

<errorentry>
	<datetime>2010-03-08 16:19:40</datetime>
	<errornum>E_NOTICE</errornum>
	<errormsg>Undefined variable: pobierz_galerie</errormsg>
	<scriptname>/mod/art/class.art.php</scriptname>
	<scriptlinenum>2198</scriptlinenum>
</errorentry>

<errorentry>
	<datetime>2010-03-08 16:19:40</datetime>
	<errornum>E_NOTICE</errornum>
	<errormsg>Undefined variable: val</errormsg>
	<scriptname>/mod/art/class.art.php</scriptname>
	<scriptlinenum>2218</scriptlinenum>
</errorentry>

<errorentry>
	<datetime>2010-03-08 16:19:42</datetime>
	<errornum>E_NOTICE</errornum>
	<errormsg>Undefined variable: pobierz_galerie</errormsg>
	<scriptname>/mod/art/class.art.php</scriptname>
	<scriptlinenum>2198</scriptlinenum>
</errorentry>

<errorentry>
	<datetime>2010-03-08 16:19:42</datetime>
	<errornum>E_NOTICE</errornum>
	<errormsg>Undefined variable: val</errormsg>
	<scriptname>/mod/art/class.art.php</scriptname>
	<scriptlinenum>2218</scriptlinenum>
</errorentry>

<errorentry>
	<datetime>2010-03-08 16:19:44</datetime>
	<errornum>E_NOTICE</errornum>
	<errormsg>Undefined variable: pobierz_galerie</errormsg>
	<scriptname>/mod/art/class.art.php</scriptname>
	<scriptlinenum>2198</scriptlinenum>
</errorentry>

<errorentry>
	<datetime>2010-03-08 16:19:44</datetime>
	<errornum>E_NOTICE</errornum>
	<errormsg>Undefined variable: val</errormsg>
	<scriptname>/mod/art/class.art.php</scriptname>
	<scriptlinenum>2218</scriptlinenum>
</errorentry>

<errorentry>
	<datetime>2010-03-08 16:20:51</datetime>
	<errornum>E_NOTICE</errornum>
	<errormsg>Undefined variable: pobierz_galerie</errormsg>
	<scriptname>/mod/art/class.art.php</scriptname>
	<scriptlinenum>2198</scriptlinenum>
</errorentry>

<errorentry>
	<datetime>2010-03-08 16:20:56</datetime>
	<errornum>E_NOTICE</errornum>
	<errormsg>Undefined variable: pobierz_galerie</errormsg>
	<scriptname>/mod/art/class.art.php</scriptname>
	<scriptlinenum>2198</scriptlinenum>
</errorentry>

<errorentry>
	<datetime>2010-03-08 16:20:56</datetime>
	<errornum>E_NOTICE</errornum>
	<errormsg>Undefined variable: val</errormsg>
	<scriptname>/mod/art/class.art.php</scriptname>
	<scriptlinenum>2218</scriptlinenum>
</errorentry>

<errorentry>
	<datetime>2010-03-08 16:21:01</datetime>
	<errornum>E_NOTICE</errornum>
	<errormsg>Undefined variable: pobierz_galerie</errormsg>
	<scriptname>/mod/art/class.art.php</scriptname>
	<scriptlinenum>2198</scriptlinenum>
</errorentry>

<errorentry>
	<datetime>2010-03-08 16:21:01</datetime>
	<errornum>E_NOTICE</errornum>
	<errormsg>Undefined variable: val</errormsg>
	<scriptname>/mod/art/class.art.php</scriptname>
	<scriptlinenum>2218</scriptlinenum>
</errorentry>

<errorentry>
	<datetime>2010-03-08 16:23:01</datetime>
	<errornum>E_NOTICE</errornum>
	<errormsg>Undefined variable: pobierz_galerie</errormsg>
	<scriptname>/mod/art/class.art.php</scriptname>
	<scriptlinenum>2198</scriptlinenum>
</errorentry>

<errorentry>
	<datetime>2010-03-08 16:23:04</datetime>
	<errornum>E_NOTICE</errornum>
	<errormsg>Undefined variable: pobierz_galerie</errormsg>
	<scriptname>/mod/art/class.art.php</scriptname>
	<scriptlinenum>2198</scriptlinenum>
</errorentry>

<errorentry>
	<datetime>2010-03-08 16:23:04</datetime>
	<errornum>E_NOTICE</errornum>
	<errormsg>Undefined variable: pobierz_galerie</errormsg>
	<scriptname>/mod/art/class.art.php</scriptname>
	<scriptlinenum>2198</scriptlinenum>
</errorentry>

<errorentry>
	<datetime>2010-03-08 16:23:05</datetime>
	<errornum>E_NOTICE</errornum>
	<errormsg>Undefined variable: pobierz_galerie</errormsg>
	<scriptname>/mod/art/class.art.php</scriptname>
	<scriptlinenum>2198</scriptlinenum>
</errorentry>

<errorentry>
	<datetime>2010-03-08 16:23:13</datetime>
	<errornum>E_WARNING</errornum>
	<errormsg>Variable passed to each() is not an array or object</errormsg>
	<scriptname>/mod/art/class.art.php</scriptname>
	<scriptlinenum>2224</scriptlinenum>
</errorentry>

<errorentry>
	<datetime>2010-03-08 16:23:31</datetime>
	<errornum>E_WARNING</errornum>
	<errormsg>Variable passed to each() is not an array or object</errormsg>
	<scriptname>/mod/art/class.art.php</scriptname>
	<scriptlinenum>2224</scriptlinenum>
</errorentry>

<errorentry>
	<datetime>2010-03-08 16:23:50</datetime>
	<errornum>E_WARNING</errornum>
	<errormsg>Variable passed to each() is not an array or object</errormsg>
	<scriptname>/mod/art/class.art.php</scriptname>
	<scriptlinenum>2224</scriptlinenum>
</errorentry>

<errorentry>
	<datetime>2010-03-08 16:24:38</datetime>
	<errornum>E_WARNING</errornum>
	<errormsg>Variable passed to each() is not an array or object</errormsg>
	<scriptname>/mod/art/class.art.php</scriptname>
	<scriptlinenum>2224</scriptlinenum>
</errorentry>

<errorentry>
	<datetime>2010-03-08 16:25:08</datetime>
	<errornum>E_WARNING</errornum>
	<errormsg>Variable passed to each() is not an array or object</errormsg>
	<scriptname>/mod/art/class.art.php</scriptname>
	<scriptlinenum>2224</scriptlinenum>
</errorentry>

<errorentry>
	<datetime>2010-03-08 16:25:13</datetime>
	<errornum>E_WARNING</errornum>
	<errormsg>Variable passed to each() is not an array or object</errormsg>
	<scriptname>/mod/art/class.art.php</scriptname>
	<scriptlinenum>2224</scriptlinenum>
</errorentry>

<errorentry>
	<datetime>2010-03-08 16:25:24</datetime>
	<errornum>E_WARNING</errornum>
	<errormsg>Variable passed to each() is not an array or object</errormsg>
	<scriptname>/mod/art/class.art.php</scriptname>
	<scriptlinenum>2224</scriptlinenum>
</errorentry>

<errorentry>
	<datetime>2010-03-08 17:41:26</datetime>
	<errornum>E_WARNING</errornum>
	<errormsg>Variable passed to each() is not an array or object</errormsg>
	<scriptname>/mod/art/class.art.php</scriptname>
	<scriptlinenum>2224</scriptlinenum>
</errorentry>

<errorentry>
	<datetime>2010-03-08 17:41:56</datetime>
	<errornum>E_WARNING</errornum>
	<errormsg>Variable passed to each() is not an array or object</errormsg>
	<scriptname>/mod/art/class.art.php</scriptname>
	<scriptlinenum>2224</scriptlinenum>
</errorentry>

<errorentry>
	<datetime>2010-03-08 17:41:58</datetime>
	<errornum>E_NOTICE</errornum>
	<errormsg>Undefined variable: pobierz_galerie</errormsg>
	<scriptname>/mod/art/class.art.php</scriptname>
	<scriptlinenum>2198</scriptlinenum>
</errorentry>

<errorentry>
	<datetime>2010-03-08 17:41:59</datetime>
	<errornum>E_NOTICE</errornum>
	<errormsg>Undefined variable: pobierz_galerie</errormsg>
	<scriptname>/mod/art/class.art.php</scriptname>
	<scriptlinenum>2198</scriptlinenum>
</errorentry>

<errorentry>
	<datetime>2010-03-08 17:41:59</datetime>
	<errornum>E_NOTICE</errornum>
	<errormsg>Undefined variable: val</errormsg>
	<scriptname>/mod/art/class.art.php</scriptname>
	<scriptlinenum>2218</scriptlinenum>
</errorentry>

<errorentry>
	<datetime>2010-03-08 17:42:00</datetime>
	<errornum>E_NOTICE</errornum>
	<errormsg>Undefined variable: pobierz_galerie</errormsg>
	<scriptname>/mod/art/class.art.php</scriptname>
	<scriptlinenum>2198</scriptlinenum>
</errorentry>

<errorentry>
	<datetime>2010-03-08 17:42:00</datetime>
	<errornum>E_NOTICE</errornum>
	<errormsg>Undefined variable: val</errormsg>
	<scriptname>/mod/art/class.art.php</scriptname>
	<scriptlinenum>2218</scriptlinenum>
</errorentry>

<errorentry>
	<datetime>2010-03-08 17:42:01</datetime>
	<errornum>E_NOTICE</errornum>
	<errormsg>Undefined variable: pobierz_galerie</errormsg>
	<scriptname>/mod/art/class.art.php</scriptname>
	<scriptlinenum>2198</scriptlinenum>
</errorentry>

<errorentry>
	<datetime>2010-03-08 17:42:01</datetime>
	<errornum>E_NOTICE</errornum>
	<errormsg>Undefined variable: val</errormsg>
	<scriptname>/mod/art/class.art.php</scriptname>
	<scriptlinenum>2218</scriptlinenum>
</errorentry>

<errorentry>
	<datetime>2010-03-08 17:42:02</datetime>
	<errornum>E_NOTICE</errornum>
	<errormsg>Undefined variable: pobierz_galerie</errormsg>
	<scriptname>/mod/art/class.art.php</scriptname>
	<scriptlinenum>2198</scriptlinenum>
</errorentry>

<errorentry>
	<datetime>2010-03-08 17:42:02</datetime>
	<errornum>E_NOTICE</errornum>
	<errormsg>Undefined variable: val</errormsg>
	<scriptname>/mod/art/class.art.php</scriptname>
	<scriptlinenum>2218</scriptlinenum>
</errorentry>

<errorentry>
	<datetime>2010-03-08 17:42:04</datetime>
	<errornum>E_NOTICE</errornum>
	<errormsg>Undefined variable: pobierz_galerie</errormsg>
	<scriptname>/mod/art/class.art.php</scriptname>
	<scriptlinenum>2198</scriptlinenum>
</errorentry>

<errorentry>
	<datetime>2010-03-08 17:42:04</datetime>
	<errornum>E_NOTICE</errornum>
	<errormsg>Undefined variable: val</errormsg>
	<scriptname>/mod/art/class.art.php</scriptname>
	<scriptlinenum>2218</scriptlinenum>
</errorentry>

<errorentry>
	<datetime>2010-03-08 17:42:05</datetime>
	<errornum>E_NOTICE</errornum>
	<errormsg>Undefined variable: pobierz_galerie</errormsg>
	<scriptname>/mod/art/class.art.php</scriptname>
	<scriptlinenum>2198</scriptlinenum>
</errorentry>

<errorentry>
	<datetime>2010-03-08 17:42:05</datetime>
	<errornum>E_NOTICE</errornum>
	<errormsg>Undefined variable: val</errormsg>
	<scriptname>/mod/art/class.art.php</scriptname>
	<scriptlinenum>2218</scriptlinenum>
</errorentry>

<errorentry>
	<datetime>2010-03-08 17:42:06</datetime>
	<errornum>E_NOTICE</errornum>
	<errormsg>Undefined variable: pobierz_galerie</errormsg>
	<scriptname>/mod/art/class.art.php</scriptname>
	<scriptlinenum>2198</scriptlinenum>
</errorentry>

<errorentry>
	<datetime>2010-03-08 17:42:06</datetime>
	<errornum>E_NOTICE</errornum>
	<errormsg>Undefined variable: val</errormsg>
	<scriptname>/mod/art/class.art.php</scriptname>
	<scriptlinenum>2218</scriptlinenum>
</errorentry>

<errorentry>
	<datetime>2010-03-08 17:59:58</datetime>
	<errornum>E_WARNING</errornum>
	<errormsg>Variable passed to each() is not an array or object</errormsg>
	<scriptname>/mod/art/class.art.php</scriptname>
	<scriptlinenum>2224</scriptlinenum>
</errorentry>

<errorentry>
	<datetime>2010-03-08 18:01:18</datetime>
	<errornum>E_WARNING</errornum>
	<errormsg>Variable passed to each() is not an array or object</errormsg>
	<scriptname>/mod/art/class.art.php</scriptname>
	<scriptlinenum>2224</scriptlinenum>
</errorentry>

<errorentry>
	<datetime>2010-03-08 18:04:04</datetime>
	<errornum>E_WARNING</errornum>
	<errormsg>Variable passed to each() is not an array or object</errormsg>
	<scriptname>/mod/art/class.art.php</scriptname>
	<scriptlinenum>2224</scriptlinenum>
</errorentry>

<errorentry>
	<datetime>2010-03-08 18:12:55</datetime>
	<errornum>E_WARNING</errornum>
	<errormsg>Variable passed to each() is not an array or object</errormsg>
	<scriptname>/mod/art/class.art.php</scriptname>
	<scriptlinenum>2224</scriptlinenum>
</errorentry>

<errorentry>
	<datetime>2010-03-08 18:18:36</datetime>
	<errornum>E_WARNING</errornum>
	<errormsg>Variable passed to each() is not an array or object</errormsg>
	<scriptname>/mod/art/class.art.php</scriptname>
	<scriptlinenum>2224</scriptlinenum>
</errorentry>

<errorentry>
	<datetime>2010-03-08 18:18:39</datetime>
	<errornum>E_NOTICE</errornum>
	<errormsg>Undefined variable: pobierz_galerie</errormsg>
	<scriptname>/mod/art/class.art.php</scriptname>
	<scriptlinenum>2198</scriptlinenum>
</errorentry>

<errorentry>
	<datetime>2010-03-08 18:18:47</datetime>
	<errornum>E_WARNING</errornum>
	<errormsg>Variable passed to each() is not an array or object</errormsg>
	<scriptname>/mod/art/class.art.php</scriptname>
	<scriptlinenum>2224</scriptlinenum>
</errorentry>

<errorentry>
	<datetime>2010-03-08 18:19:15</datetime>
	<errornum>E_WARNING</errornum>
	<errormsg>Variable passed to each() is not an array or object</errormsg>
	<scriptname>/mod/art/class.art.php</scriptname>
	<scriptlinenum>2224</scriptlinenum>
</errorentry>

<errorentry>
	<datetime>2010-03-08 18:25:27</datetime>
	<errornum>E_WARNING</errornum>
	<errormsg>Variable passed to each() is not an array or object</errormsg>
	<scriptname>/mod/art/class.art.php</scriptname>
	<scriptlinenum>2224</scriptlinenum>
</errorentry>

<errorentry>
	<datetime>2010-03-08 18:29:36</datetime>
	<errornum>E_WARNING</errornum>
	<errormsg>Variable passed to each() is not an array or object</errormsg>
	<scriptname>/mod/art/class.art.php</scriptname>
	<scriptlinenum>2224</scriptlinenum>
</errorentry>

<errorentry>
	<datetime>2010-03-08 18:29:56</datetime>
	<errornum>E_WARNING</errornum>
	<errormsg>Variable passed to each() is not an array or object</errormsg>
	<scriptname>/mod/art/class.art.php</scriptname>
	<scriptlinenum>2224</scriptlinenum>
</errorentry>

<errorentry>
	<datetime>2010-03-08 18:34:14</datetime>
	<errornum>E_WARNING</errornum>
	<errormsg>Variable passed to each() is not an array or object</errormsg>
	<scriptname>/mod/art/class.art.php</scriptname>
	<scriptlinenum>2224</scriptlinenum>
</errorentry>

<errorentry>
	<datetime>2010-03-08 18:38:06</datetime>
	<errornum>E_WARNING</errornum>
	<errormsg>Variable passed to each() is not an array or object</errormsg>
	<scriptname>/mod/art/class.art.php</scriptname>
	<scriptlinenum>2224</scriptlinenum>
</errorentry>

<errorentry>
	<datetime>2010-03-08 18:44:04</datetime>
	<errornum>E_WARNING</errornum>
	<errormsg>Variable passed to each() is not an array or object</errormsg>
	<scriptname>/mod/art/class.art.php</scriptname>
	<scriptlinenum>2224</scriptlinenum>
</errorentry>

<errorentry>
	<datetime>2010-03-08 18:48:43</datetime>
	<errornum>E_WARNING</errornum>
	<errormsg>Variable passed to each() is not an array or object</errormsg>
	<scriptname>/mod/art/class.art.php</scriptname>
	<scriptlinenum>2224</scriptlinenum>
</errorentry>

<errorentry>
	<datetime>2010-03-08 18:48:49</datetime>
	<errornum>E_WARNING</errornum>
	<errormsg>Variable passed to each() is not an array or object</errormsg>
	<scriptname>/mod/art/class.art.php</scriptname>
	<scriptlinenum>2224</scriptlinenum>
</errorentry>

<errorentry>
	<datetime>2010-03-08 18:49:28</datetime>
	<errornum>E_WARNING</errornum>
	<errormsg>Variable passed to each() is not an array or object</errormsg>
	<scriptname>/mod/art/class.art.php</scriptname>
	<scriptlinenum>2224</scriptlinenum>
</errorentry>

<errorentry>
	<datetime>2010-03-08 18:54:51</datetime>
	<errornum>E_WARNING</errornum>
	<errormsg>Variable passed to each() is not an array or object</errormsg>
	<scriptname>/mod/art/class.art.php</scriptname>
	<scriptlinenum>2224</scriptlinenum>
</errorentry>

