<errorentry>
	<datetime>2012-11-28 11:33:35</datetime>
	<errornum>E_NOTICE</errornum>
	<errormsg>Undefined index:  2/index.php?akcja=art_menu</errormsg>
	<scriptname>/mod/art/class.art.php</scriptname>
	<scriptlinenum>2230</scriptlinenum>
</errorentry>

<errorentry>
	<datetime>2012-11-28 11:33:35</datetime>
	<errornum>E_NOTICE</errornum>
	<errormsg>Undefined index:  2/index.php?akcja=art_galeria</errormsg>
	<scriptname>/mod/art/class.art.php</scriptname>
	<scriptlinenum>2230</scriptlinenum>
</errorentry>

<errorentry>
	<datetime>2012-11-28 11:33:44</datetime>
	<errornum>E_NOTICE</errornum>
	<errormsg>Undefined index:  2/index.php?akcja=art_oferta</errormsg>
	<scriptname>/mod/art/class.art.php</scriptname>
	<scriptlinenum>2230</scriptlinenum>
</errorentry>

<errorentry>
	<datetime>2012-11-28 11:33:44</datetime>
	<errornum>E_NOTICE</errornum>
	<errormsg>Undefined index:  2/index.php?akcja=art_pokoje</errormsg>
	<scriptname>/mod/art/class.art.php</scriptname>
	<scriptlinenum>2230</scriptlinenum>
</errorentry>

<errorentry>
	<datetime>2012-11-28 11:33:44</datetime>
	<errornum>E_NOTICE</errornum>
	<errormsg>Undefined index:  2/index.php?akcja=art_kontakt</errormsg>
	<scriptname>/mod/art/class.art.php</scriptname>
	<scriptlinenum>2230</scriptlinenum>
</errorentry>

<errorentry>
	<datetime>2012-11-28 11:33:44</datetime>
	<errornum>E_NOTICE</errornum>
	<errormsg>Undefined index:  2/index.php</errormsg>
	<scriptname>/mod/art/class.art.php</scriptname>
	<scriptlinenum>2230</scriptlinenum>
</errorentry>

<errorentry>
	<datetime>2012-11-28 11:34:17</datetime>
	<errornum>E_NOTICE</errornum>
	<errormsg>Undefined index:  3/index.php</errormsg>
	<scriptname>/mod/art/class.art.php</scriptname>
	<scriptlinenum>2230</scriptlinenum>
</errorentry>

<errorentry>
	<datetime>2012-11-28 11:34:24</datetime>
	<errornum>E_NOTICE</errornum>
	<errormsg>Undefined index:  3/index.php?akcja=art_kontakt</errormsg>
	<scriptname>/mod/art/class.art.php</scriptname>
	<scriptlinenum>2230</scriptlinenum>
</errorentry>

<errorentry>
	<datetime>2012-11-28 11:34:24</datetime>
	<errornum>E_NOTICE</errornum>
	<errormsg>Undefined index:  3/index.php?akcja=art_oferta</errormsg>
	<scriptname>/mod/art/class.art.php</scriptname>
	<scriptlinenum>2230</scriptlinenum>
</errorentry>

<errorentry>
	<datetime>2012-11-28 11:34:24</datetime>
	<errornum>E_NOTICE</errornum>
	<errormsg>Undefined index:  3/index.php?akcja=art_pokoje</errormsg>
	<scriptname>/mod/art/class.art.php</scriptname>
	<scriptlinenum>2230</scriptlinenum>
</errorentry>

<errorentry>
	<datetime>2012-11-28 11:34:24</datetime>
	<errornum>E_NOTICE</errornum>
	<errormsg>Undefined index:  3/index.php?akcja=art_galeria</errormsg>
	<scriptname>/mod/art/class.art.php</scriptname>
	<scriptlinenum>2230</scriptlinenum>
</errorentry>

<errorentry>
	<datetime>2012-11-28 11:34:24</datetime>
	<errornum>E_NOTICE</errornum>
	<errormsg>Undefined index:  3/index.php?akcja=art_restauracja</errormsg>
	<scriptname>/mod/art/class.art.php</scriptname>
	<scriptlinenum>2230</scriptlinenum>
</errorentry>

<errorentry>
	<datetime>2012-11-28 11:34:25</datetime>
	<errornum>E_NOTICE</errornum>
	<errormsg>Undefined index:  3/index.php?akcja=art_menu</errormsg>
	<scriptname>/mod/art/class.art.php</scriptname>
	<scriptlinenum>2230</scriptlinenum>
</errorentry>

<errorentry>
	<datetime>2012-11-28 11:34:26</datetime>
	<errornum>E_NOTICE</errornum>
	<errormsg>Undefined index:  1/index.php</errormsg>
	<scriptname>/mod/art/class.art.php</scriptname>
	<scriptlinenum>2230</scriptlinenum>
</errorentry>

<errorentry>
	<datetime>2012-11-28 11:34:31</datetime>
	<errornum>E_NOTICE</errornum>
	<errormsg>Undefined index:  1/index.php?akcja=art_pokoje</errormsg>
	<scriptname>/mod/art/class.art.php</scriptname>
	<scriptlinenum>2230</scriptlinenum>
</errorentry>

<errorentry>
	<datetime>2012-11-28 11:34:31</datetime>
	<errornum>E_NOTICE</errornum>
	<errormsg>Undefined index:  1/index.php?akcja=art_kontakt</errormsg>
	<scriptname>/mod/art/class.art.php</scriptname>
	<scriptlinenum>2230</scriptlinenum>
</errorentry>

<errorentry>
	<datetime>2012-11-28 11:34:31</datetime>
	<errornum>E_NOTICE</errornum>
	<errormsg>Undefined index:  2/index.php?akcja=art_restauracja</errormsg>
	<scriptname>/mod/art/class.art.php</scriptname>
	<scriptlinenum>2230</scriptlinenum>
</errorentry>

<errorentry>
	<datetime>2012-11-28 11:34:31</datetime>
	<errornum>E_NOTICE</errornum>
	<errormsg>Undefined index:  1/index.php?akcja=art_oferta</errormsg>
	<scriptname>/mod/art/class.art.php</scriptname>
	<scriptlinenum>2230</scriptlinenum>
</errorentry>

<errorentry>
	<datetime>2012-11-28 11:34:32</datetime>
	<errornum>E_NOTICE</errornum>
	<errormsg>Undefined index:  1/index.php?akcja=art_galeria</errormsg>
	<scriptname>/mod/art/class.art.php</scriptname>
	<scriptlinenum>2230</scriptlinenum>
</errorentry>

<errorentry>
	<datetime>2012-11-28 11:34:32</datetime>
	<errornum>E_NOTICE</errornum>
	<errormsg>Undefined index:  1/index.php?akcja=art_restauracja</errormsg>
	<scriptname>/mod/art/class.art.php</scriptname>
	<scriptlinenum>2230</scriptlinenum>
</errorentry>

<errorentry>
	<datetime>2012-11-28 11:34:32</datetime>
	<errornum>E_NOTICE</errornum>
	<errormsg>Undefined index:  1/index.php?akcja=art_menu</errormsg>
	<scriptname>/mod/art/class.art.php</scriptname>
	<scriptlinenum>2230</scriptlinenum>
</errorentry>

<errorentry>
	<datetime>2012-11-28 11:34:39</datetime>
	<errornum>E_NOTICE</errornum>
	<errormsg>Undefined index:  3/index.php</errormsg>
	<scriptname>/mod/art/class.art.php</scriptname>
	<scriptlinenum>2230</scriptlinenum>
</errorentry>

<errorentry>
	<datetime>2012-11-28 11:34:39</datetime>
	<errornum>E_NOTICE</errornum>
	<errormsg>Undefined index:  3/index.php?akcja=art_kontakt</errormsg>
	<scriptname>/mod/art/class.art.php</scriptname>
	<scriptlinenum>2230</scriptlinenum>
</errorentry>

<errorentry>
	<datetime>2012-11-28 11:34:50</datetime>
	<errornum>E_NOTICE</errornum>
	<errormsg>Undefined index:  3/index.php?akcja=art_pokoje</errormsg>
	<scriptname>/mod/art/class.art.php</scriptname>
	<scriptlinenum>2230</scriptlinenum>
</errorentry>

<errorentry>
	<datetime>2012-11-28 11:34:50</datetime>
	<errornum>E_NOTICE</errornum>
	<errormsg>Undefined index:  3/index.php?akcja=art_restauracja</errormsg>
	<scriptname>/mod/art/class.art.php</scriptname>
	<scriptlinenum>2230</scriptlinenum>
</errorentry>

<errorentry>
	<datetime>2012-11-28 11:34:50</datetime>
	<errornum>E_NOTICE</errornum>
	<errormsg>Undefined index:  3/index.php?akcja=art_menu</errormsg>
	<scriptname>/mod/art/class.art.php</scriptname>
	<scriptlinenum>2230</scriptlinenum>
</errorentry>

<errorentry>
	<datetime>2012-11-28 11:34:51</datetime>
	<errornum>E_NOTICE</errornum>
	<errormsg>Undefined index:  3/index.php?akcja=art_galeria</errormsg>
	<scriptname>/mod/art/class.art.php</scriptname>
	<scriptlinenum>2230</scriptlinenum>
</errorentry>

<errorentry>
	<datetime>2012-11-28 11:35:00</datetime>
	<errornum>E_NOTICE</errornum>
	<errormsg>Undefined index:  3/index.php?akcja=art_oferta</errormsg>
	<scriptname>/mod/art/class.art.php</scriptname>
	<scriptlinenum>2230</scriptlinenum>
</errorentry>

