<errorentry>
	<datetime>2012-11-14 12:35:52</datetime>
	<errornum>E_NOTICE</errornum>
	<errormsg>Undefined index:  2/index.php</errormsg>
	<scriptname>/mod/art/class.art.php</scriptname>
	<scriptlinenum>2230</scriptlinenum>
</errorentry>

<errorentry>
	<datetime>2012-11-14 12:35:54</datetime>
	<errornum>E_NOTICE</errornum>
	<errormsg>Undefined index:  2/index.php?akcja=art_pokoje</errormsg>
	<scriptname>/mod/art/class.art.php</scriptname>
	<scriptlinenum>2230</scriptlinenum>
</errorentry>

<errorentry>
	<datetime>2012-11-14 12:35:54</datetime>
	<errornum>E_NOTICE</errornum>
	<errormsg>Undefined index:  2/index.php?akcja=art_kontakt</errormsg>
	<scriptname>/mod/art/class.art.php</scriptname>
	<scriptlinenum>2230</scriptlinenum>
</errorentry>

<errorentry>
	<datetime>2012-11-14 12:35:54</datetime>
	<errornum>E_NOTICE</errornum>
	<errormsg>Undefined index:  2/index.php?akcja=art_oferta</errormsg>
	<scriptname>/mod/art/class.art.php</scriptname>
	<scriptlinenum>2230</scriptlinenum>
</errorentry>

<errorentry>
	<datetime>2012-11-14 12:35:55</datetime>
	<errornum>E_NOTICE</errornum>
	<errormsg>Undefined index:  2/index.php?akcja=art_galeria</errormsg>
	<scriptname>/mod/art/class.art.php</scriptname>
	<scriptlinenum>2230</scriptlinenum>
</errorentry>

<errorentry>
	<datetime>2012-11-14 12:35:55</datetime>
	<errornum>E_NOTICE</errornum>
	<errormsg>Undefined index:  2/index.php?akcja=art_menu</errormsg>
	<scriptname>/mod/art/class.art.php</scriptname>
	<scriptlinenum>2230</scriptlinenum>
</errorentry>

<errorentry>
	<datetime>2012-11-14 12:35:57</datetime>
	<errornum>E_NOTICE</errornum>
	<errormsg>Undefined index:  2/index.php?akcja=art_restauracja</errormsg>
	<scriptname>/mod/art/class.art.php</scriptname>
	<scriptlinenum>2230</scriptlinenum>
</errorentry>

