<errorentry>
	<datetime>2013-08-06 09:25:51</datetime>
	<errornum>E_NOTICE</errornum>
	<errormsg>Undefined index:  /proc/self/environ</errormsg>
	<scriptname>/mod/art/class.art.php</scriptname>
	<scriptlinenum>2230</scriptlinenum>
</errorentry>

<errorentry>
	<datetime>2013-08-06 09:25:52</datetime>
	<errornum>E_NOTICE</errornum>
	<errormsg>Undefined index:  /proc/self/environ</errormsg>
	<scriptname>/mod/art/class.art.php</scriptname>
	<scriptlinenum>2230</scriptlinenum>
</errorentry>

<errorentry>
	<datetime>2013-08-06 09:25:52</datetime>
	<errornum>E_NOTICE</errornum>
	<errormsg>Undefined index:  ../../../../../../../../../../proc/self/environ</errormsg>
	<scriptname>/mod/art/class.art.php</scriptname>
	<scriptlinenum>2230</scriptlinenum>
</errorentry>

<errorentry>
	<datetime>2013-08-06 09:25:52</datetime>
	<errornum>E_NOTICE</errornum>
	<errormsg>Undefined index:  /../../../../../../../../../../proc/self/environ</errormsg>
	<scriptname>/mod/art/class.art.php</scriptname>
	<scriptlinenum>2230</scriptlinenum>
</errorentry>

<errorentry>
	<datetime>2013-08-06 09:25:52</datetime>
	<errornum>E_NOTICE</errornum>
	<errormsg>Undefined index:  /etc/passwd</errormsg>
	<scriptname>/mod/art/class.art.php</scriptname>
	<scriptlinenum>2230</scriptlinenum>
</errorentry>

<errorentry>
	<datetime>2013-08-06 09:25:52</datetime>
	<errornum>E_NOTICE</errornum>
	<errormsg>Undefined index:  /etc/passwd</errormsg>
	<scriptname>/mod/art/class.art.php</scriptname>
	<scriptlinenum>2230</scriptlinenum>
</errorentry>

<errorentry>
	<datetime>2013-08-06 09:25:52</datetime>
	<errornum>E_NOTICE</errornum>
	<errormsg>Undefined index:  ../../../../../../../../../../etc/passwd</errormsg>
	<scriptname>/mod/art/class.art.php</scriptname>
	<scriptlinenum>2230</scriptlinenum>
</errorentry>

<errorentry>
	<datetime>2013-08-06 09:25:52</datetime>
	<errornum>E_NOTICE</errornum>
	<errormsg>Undefined index:  /../../../../../../../../../../etc/passwd</errormsg>
	<scriptname>/mod/art/class.art.php</scriptname>
	<scriptlinenum>2230</scriptlinenum>
</errorentry>

<errorentry>
	<datetime>2013-08-06 09:25:53</datetime>
	<errornum>E_NOTICE</errornum>
	<errormsg>Undefined index:  ../../../../../../../../../../etc/passwd</errormsg>
	<scriptname>/mod/art/class.art.php</scriptname>
	<scriptlinenum>2230</scriptlinenum>
</errorentry>

<errorentry>
	<datetime>2013-08-06 09:25:53</datetime>
	<errornum>E_NOTICE</errornum>
	<errormsg>Undefined index:  /../../../../../../../../../../etc/passwd</errormsg>
	<scriptname>/mod/art/class.art.php</scriptname>
	<scriptlinenum>2230</scriptlinenum>
</errorentry>

