<errorentry>
	<datetime>2017-03-01 19:19:12</datetime>
	<errornum>E_NOTICE</errornum>
	<errormsg>Undefined index:  10</errormsg>
	<scriptname>/arkadia/mod/art/class.art.php</scriptname>
	<scriptlinenum>2230</scriptlinenum>
</errorentry>

<errorentry>
	<datetime>2017-03-01 22:12:32</datetime>
	<errornum>E_NOTICE</errornum>
	<errormsg>Undefined index:  9</errormsg>
	<scriptname>/arkadia/mod/art/class.art.php</scriptname>
	<scriptlinenum>2230</scriptlinenum>
</errorentry>

<errorentry>
	<datetime>2017-03-01 22:12:33</datetime>
	<errornum>E_NOTICE</errornum>
	<errormsg>Undefined index:  10</errormsg>
	<scriptname>/arkadia/mod/art/class.art.php</scriptname>
	<scriptlinenum>2230</scriptlinenum>
</errorentry>

<errorentry>
	<datetime>2017-03-01 22:12:44</datetime>
	<errornum>E_NOTICE</errornum>
	<errormsg>Undefined index:  8</errormsg>
	<scriptname>/arkadia/mod/art/class.art.php</scriptname>
	<scriptlinenum>2230</scriptlinenum>
</errorentry>

