<errorentry>
	<datetime>2017-06-04 11:07:43</datetime>
	<errornum>E_NOTICE</errornum>
	<errormsg>Undefined index:  8</errormsg>
	<scriptname>/arkadia/mod/art/class.art.php</scriptname>
	<scriptlinenum>2230</scriptlinenum>
</errorentry>

<errorentry>
	<datetime>2017-06-04 11:07:44</datetime>
	<errornum>E_NOTICE</errornum>
	<errormsg>Undefined index:  9</errormsg>
	<scriptname>/arkadia/mod/art/class.art.php</scriptname>
	<scriptlinenum>2230</scriptlinenum>
</errorentry>

<errorentry>
	<datetime>2017-06-04 11:07:51</datetime>
	<errornum>E_NOTICE</errornum>
	<errormsg>Undefined index:  10</errormsg>
	<scriptname>/arkadia/mod/art/class.art.php</scriptname>
	<scriptlinenum>2230</scriptlinenum>
</errorentry>

<errorentry>
	<datetime>2017-06-04 11:08:02</datetime>
	<errornum>E_NOTICE</errornum>
	<errormsg>Undefined index:  8</errormsg>
	<scriptname>/arkadia/mod/art/class.art.php</scriptname>
	<scriptlinenum>2230</scriptlinenum>
</errorentry>

<errorentry>
	<datetime>2017-06-04 11:08:04</datetime>
	<errornum>E_NOTICE</errornum>
	<errormsg>Undefined index:  9</errormsg>
	<scriptname>/arkadia/mod/art/class.art.php</scriptname>
	<scriptlinenum>2230</scriptlinenum>
</errorentry>

<errorentry>
	<datetime>2017-06-04 12:45:04</datetime>
	<errornum>E_NOTICE</errornum>
	<errormsg>Undefined index:  9</errormsg>
	<scriptname>/arkadia/mod/art/class.art.php</scriptname>
	<scriptlinenum>2230</scriptlinenum>
</errorentry>

