<errorentry>
	<datetime>2017-05-29 04:00:31</datetime>
	<errornum>E_NOTICE</errornum>
	<errormsg>Undefined index:  8</errormsg>
	<scriptname>/arkadia/mod/art/class.art.php</scriptname>
	<scriptlinenum>2230</scriptlinenum>
</errorentry>

<errorentry>
	<datetime>2017-05-29 04:00:42</datetime>
	<errornum>E_NOTICE</errornum>
	<errormsg>Undefined index:  9</errormsg>
	<scriptname>/arkadia/mod/art/class.art.php</scriptname>
	<scriptlinenum>2230</scriptlinenum>
</errorentry>

<errorentry>
	<datetime>2017-05-29 04:00:43</datetime>
	<errornum>E_NOTICE</errornum>
	<errormsg>Undefined index:  10</errormsg>
	<scriptname>/arkadia/mod/art/class.art.php</scriptname>
	<scriptlinenum>2230</scriptlinenum>
</errorentry>

<errorentry>
	<datetime>2017-05-29 22:10:59</datetime>
	<errornum>E_NOTICE</errornum>
	<errormsg>Undefined index:  8</errormsg>
	<scriptname>/arkadia/mod/art/class.art.php</scriptname>
	<scriptlinenum>2230</scriptlinenum>
</errorentry>

