<errorentry>
	<datetime>2017-11-11 23:43:49</datetime>
	<errornum>E_NOTICE</errornum>
	<errormsg>Undefined index: 8</errormsg>
	<scriptname>/arkadia/mod/art/class.art.php</scriptname>
	<scriptlinenum>2230</scriptlinenum>
</errorentry>

<errorentry>
	<datetime>2017-11-11 23:43:51</datetime>
	<errornum>E_NOTICE</errornum>
	<errormsg>Undefined index: 9</errormsg>
	<scriptname>/arkadia/mod/art/class.art.php</scriptname>
	<scriptlinenum>2230</scriptlinenum>
</errorentry>

<errorentry>
	<datetime>2017-11-11 23:43:56</datetime>
	<errornum>E_NOTICE</errornum>
	<errormsg>Undefined index: 10</errormsg>
	<scriptname>/arkadia/mod/art/class.art.php</scriptname>
	<scriptlinenum>2230</scriptlinenum>
</errorentry>

<errorentry>
	<datetime>2017-11-11 23:44:07</datetime>
	<errornum>E_NOTICE</errornum>
	<errormsg>Undefined index: 8</errormsg>
	<scriptname>/arkadia/mod/art/class.art.php</scriptname>
	<scriptlinenum>2230</scriptlinenum>
</errorentry>

<errorentry>
	<datetime>2017-11-11 23:44:08</datetime>
	<errornum>E_NOTICE</errornum>
	<errormsg>Undefined index: 9</errormsg>
	<scriptname>/arkadia/mod/art/class.art.php</scriptname>
	<scriptlinenum>2230</scriptlinenum>
</errorentry>

