<errorentry>
	<datetime>2018-02-25 12:19:44</datetime>
	<errornum>E_NOTICE</errornum>
	<errormsg>Undefined index:  2' and char(124)+user+char(124)=0 and ''='</errormsg>
	<scriptname>/mod/art/class.art.php</scriptname>
	<scriptlinenum>2230</scriptlinenum>
</errorentry>

<errorentry>
	<datetime>2018-02-25 12:19:44</datetime>
	<errornum>E_NOTICE</errornum>
	<errormsg>Undefined index:  2 and char(124)+user+char(124)=0</errormsg>
	<scriptname>/mod/art/class.art.php</scriptname>
	<scriptlinenum>2230</scriptlinenum>
</errorentry>

<errorentry>
	<datetime>2018-02-25 12:19:45</datetime>
	<errornum>E_NOTICE</errornum>
	<errormsg>Undefined index:  2' and char(124)+user+char(124)=0 and '%'='</errormsg>
	<scriptname>/mod/art/class.art.php</scriptname>
	<scriptlinenum>2230</scriptlinenum>
</errorentry>

<errorentry>
	<datetime>2018-02-25 12:19:45</datetime>
	<errornum>E_NOTICE</errornum>
	<errormsg>Undefined index:  2 and 1=1</errormsg>
	<scriptname>/mod/art/class.art.php</scriptname>
	<scriptlinenum>2230</scriptlinenum>
</errorentry>

<errorentry>
	<datetime>2018-02-25 12:19:45</datetime>
	<errornum>E_NOTICE</errornum>
	<errormsg>Undefined index:  2 and 1=2</errormsg>
	<scriptname>/mod/art/class.art.php</scriptname>
	<scriptlinenum>2230</scriptlinenum>
</errorentry>

<errorentry>
	<datetime>2018-02-25 12:19:46</datetime>
	<errornum>E_NOTICE</errornum>
	<errormsg>Undefined index:  2' and 1=1 and ''='</errormsg>
	<scriptname>/mod/art/class.art.php</scriptname>
	<scriptlinenum>2230</scriptlinenum>
</errorentry>

