<errorentry>
	<datetime>2018-01-11 11:38:20</datetime>
	<errornum>E_NOTICE</errornum>
	<errormsg>Undefined index:  2 and 5=6 union select 0x5E5B7D7E --</errormsg>
	<scriptname>/mod/art/class.art.php</scriptname>
	<scriptlinenum>2230</scriptlinenum>
</errorentry>

<errorentry>
	<datetime>2018-01-11 11:38:21</datetime>
	<errornum>E_NOTICE</errornum>
	<errormsg>Undefined index:  2' and 5=6 union select 0x5E5B7D7E -- And '6'='6</errormsg>
	<scriptname>/mod/art/class.art.php</scriptname>
	<scriptlinenum>2230</scriptlinenum>
</errorentry>

<errorentry>
	<datetime>2018-01-11 11:38:21</datetime>
	<errornum>E_NOTICE</errornum>
	<errormsg>Undefined index:  2 and 5=6 union select 0x5E5B7D7E,0x5E5B7D7E --</errormsg>
	<scriptname>/mod/art/class.art.php</scriptname>
	<scriptlinenum>2230</scriptlinenum>
</errorentry>

<errorentry>
	<datetime>2018-01-11 11:38:22</datetime>
	<errornum>E_NOTICE</errornum>
	<errormsg>Undefined index:  2' and 5=6 union select 0x5E5B7D7E,0x5E5B7D7E -- And '6'='6</errormsg>
	<scriptname>/mod/art/class.art.php</scriptname>
	<scriptlinenum>2230</scriptlinenum>
</errorentry>

<errorentry>
	<datetime>2018-01-11 11:38:23</datetime>
	<errornum>E_NOTICE</errornum>
	<errormsg>Undefined index:  2 and 5=6 union select 0x5E5B7D7E,0x5E5B7D7E,0x5E5B7D7E --</errormsg>
	<scriptname>/mod/art/class.art.php</scriptname>
	<scriptlinenum>2230</scriptlinenum>
</errorentry>

<errorentry>
	<datetime>2018-01-11 11:38:24</datetime>
	<errornum>E_NOTICE</errornum>
	<errormsg>Undefined index:  2' and 5=6 union select 0x5E5B7D7E,0x5E5B7D7E,0x5E5B7D7E -- And '6'='6</errormsg>
	<scriptname>/mod/art/class.art.php</scriptname>
	<scriptlinenum>2230</scriptlinenum>
</errorentry>

<errorentry>
	<datetime>2018-01-11 11:38:25</datetime>
	<errornum>E_NOTICE</errornum>
	<errormsg>Undefined index:  2 and 5=6 union select 0x5E5B7D7E,0x5E5B7D7E,0x5E5B7D7E,0x5E5B7D7E --</errormsg>
	<scriptname>/mod/art/class.art.php</scriptname>
	<scriptlinenum>2230</scriptlinenum>
</errorentry>

<errorentry>
	<datetime>2018-01-11 11:38:26</datetime>
	<errornum>E_NOTICE</errornum>
	<errormsg>Undefined index:  2' and 5=6 union select 0x5E5B7D7E,0x5E5B7D7E,0x5E5B7D7E,0x5E5B7D7E -- And '6'='6</errormsg>
	<scriptname>/mod/art/class.art.php</scriptname>
	<scriptlinenum>2230</scriptlinenum>
</errorentry>

<errorentry>
	<datetime>2018-01-11 11:38:27</datetime>
	<errornum>E_NOTICE</errornum>
	<errormsg>Undefined index:  2 and 5=6 union select 0x5E5B7D7E,0x5E5B7D7E,0x5E5B7D7E,0x5E5B7D7E,0x5E5B7D7E --</errormsg>
	<scriptname>/mod/art/class.art.php</scriptname>
	<scriptlinenum>2230</scriptlinenum>
</errorentry>

<errorentry>
	<datetime>2018-01-11 11:38:27</datetime>
	<errornum>E_NOTICE</errornum>
	<errormsg>Undefined index:  2' and 5=6 union select 0x5E5B7D7E,0x5E5B7D7E,0x5E5B7D7E,0x5E5B7D7E,0x5E5B7D7E -- And '6'='6</errormsg>
	<scriptname>/mod/art/class.art.php</scriptname>
	<scriptlinenum>2230</scriptlinenum>
</errorentry>

<errorentry>
	<datetime>2018-01-11 11:38:28</datetime>
	<errornum>E_NOTICE</errornum>
	<errormsg>Undefined index:  2 and 5=6 union select 0x5E5B7D7E,0x5E5B7D7E,0x5E5B7D7E,0x5E5B7D7E,0x5E5B7D7E,0x5E5B7D7E --</errormsg>
	<scriptname>/mod/art/class.art.php</scriptname>
	<scriptlinenum>2230</scriptlinenum>
</errorentry>

<errorentry>
	<datetime>2018-01-11 11:38:29</datetime>
	<errornum>E_NOTICE</errornum>
	<errormsg>Undefined index:  2' and 5=6 union select 0x5E5B7D7E,0x5E5B7D7E,0x5E5B7D7E,0x5E5B7D7E,0x5E5B7D7E,0x5E5B7D7E -- And '6'='6</errormsg>
	<scriptname>/mod/art/class.art.php</scriptname>
	<scriptlinenum>2230</scriptlinenum>
</errorentry>

<errorentry>
	<datetime>2018-01-11 11:38:30</datetime>
	<errornum>E_NOTICE</errornum>
	<errormsg>Undefined index:  2 and 5=6 union select 0x5E5B7D7E,0x5E5B7D7E,0x5E5B7D7E,0x5E5B7D7E,0x5E5B7D7E,0x5E5B7D7E,0x5E5B7D7E --</errormsg>
	<scriptname>/mod/art/class.art.php</scriptname>
	<scriptlinenum>2230</scriptlinenum>
</errorentry>

<errorentry>
	<datetime>2018-01-11 11:38:32</datetime>
	<errornum>E_NOTICE</errornum>
	<errormsg>Undefined index:  2' and 5=6 union select 0x5E5B7D7E,0x5E5B7D7E,0x5E5B7D7E,0x5E5B7D7E,0x5E5B7D7E,0x5E5B7D7E,0x5E5B7D7E -- And '6'='6</errormsg>
	<scriptname>/mod/art/class.art.php</scriptname>
	<scriptlinenum>2230</scriptlinenum>
</errorentry>

<errorentry>
	<datetime>2018-01-11 11:38:33</datetime>
	<errornum>E_NOTICE</errornum>
	<errormsg>Undefined index:  2 and 5=6 union select 0x5E5B7D7E,0x5E5B7D7E,0x5E5B7D7E,0x5E5B7D7E,0x5E5B7D7E,0x5E5B7D7E,0x5E5B7D7E,0x5E5B7D7E --</errormsg>
	<scriptname>/mod/art/class.art.php</scriptname>
	<scriptlinenum>2230</scriptlinenum>
</errorentry>

<errorentry>
	<datetime>2018-01-11 11:38:34</datetime>
	<errornum>E_NOTICE</errornum>
	<errormsg>Undefined index:  2' and 5=6 union select 0x5E5B7D7E,0x5E5B7D7E,0x5E5B7D7E,0x5E5B7D7E,0x5E5B7D7E,0x5E5B7D7E,0x5E5B7D7E,0x5E5B7D7E -- And '6'='6</errormsg>
	<scriptname>/mod/art/class.art.php</scriptname>
	<scriptlinenum>2230</scriptlinenum>
</errorentry>

<errorentry>
	<datetime>2018-01-11 11:38:35</datetime>
	<errornum>E_NOTICE</errornum>
	<errormsg>Undefined index:  2 and 5=6 union select 0x5E5B7D7E,0x5E5B7D7E,0x5E5B7D7E,0x5E5B7D7E,0x5E5B7D7E,0x5E5B7D7E,0x5E5B7D7E,0x5E5B7D7E,0x5E5B7D7E --</errormsg>
	<scriptname>/mod/art/class.art.php</scriptname>
	<scriptlinenum>2230</scriptlinenum>
</errorentry>

<errorentry>
	<datetime>2018-01-11 11:38:36</datetime>
	<errornum>E_NOTICE</errornum>
	<errormsg>Undefined index:  2' and 5=6 union select 0x5E5B7D7E,0x5E5B7D7E,0x5E5B7D7E,0x5E5B7D7E,0x5E5B7D7E,0x5E5B7D7E,0x5E5B7D7E,0x5E5B7D7E,0x5E5B7D7E -- And '6'='6</errormsg>
	<scriptname>/mod/art/class.art.php</scriptname>
	<scriptlinenum>2230</scriptlinenum>
</errorentry>

<errorentry>
	<datetime>2018-01-11 11:38:38</datetime>
	<errornum>E_NOTICE</errornum>
	<errormsg>Undefined index:  2 and 5=6 union select 0x5E5B7D7E,0x5E5B7D7E,0x5E5B7D7E,0x5E5B7D7E,0x5E5B7D7E,0x5E5B7D7E,0x5E5B7D7E,0x5E5B7D7E,0x5E5B7D7E,0x5E5B7D7E --</errormsg>
	<scriptname>/mod/art/class.art.php</scriptname>
	<scriptlinenum>2230</scriptlinenum>
</errorentry>

<errorentry>
	<datetime>2018-01-11 11:38:39</datetime>
	<errornum>E_NOTICE</errornum>
	<errormsg>Undefined index:  2' and 5=6 union select 0x5E5B7D7E,0x5E5B7D7E,0x5E5B7D7E,0x5E5B7D7E,0x5E5B7D7E,0x5E5B7D7E,0x5E5B7D7E,0x5E5B7D7E,0x5E5B7D7E,0x5E5B7D7E -- And '6'='6</errormsg>
	<scriptname>/mod/art/class.art.php</scriptname>
	<scriptlinenum>2230</scriptlinenum>
</errorentry>

<errorentry>
	<datetime>2018-01-11 11:38:40</datetime>
	<errornum>E_NOTICE</errornum>
	<errormsg>Undefined index:  2 and 5=6 union select 0x5E5B7D7E,0x5E5B7D7E,0x5E5B7D7E,0x5E5B7D7E,0x5E5B7D7E,0x5E5B7D7E,0x5E5B7D7E,0x5E5B7D7E,0x5E5B7D7E,0x5E5B7D7E,0x5E5B7D7E --</errormsg>
	<scriptname>/mod/art/class.art.php</scriptname>
	<scriptlinenum>2230</scriptlinenum>
</errorentry>

<errorentry>
	<datetime>2018-01-11 11:38:41</datetime>
	<errornum>E_NOTICE</errornum>
	<errormsg>Undefined index:  2' and 5=6 union select 0x5E5B7D7E,0x5E5B7D7E,0x5E5B7D7E,0x5E5B7D7E,0x5E5B7D7E,0x5E5B7D7E,0x5E5B7D7E,0x5E5B7D7E,0x5E5B7D7E,0x5E5B7D7E,0x5E5B7D7E -- And '6'='6</errormsg>
	<scriptname>/mod/art/class.art.php</scriptname>
	<scriptlinenum>2230</scriptlinenum>
</errorentry>

<errorentry>
	<datetime>2018-01-11 11:38:42</datetime>
	<errornum>E_NOTICE</errornum>
	<errormsg>Undefined index:  2 and 5=6 union select 0x5E5B7D7E,0x5E5B7D7E,0x5E5B7D7E,0x5E5B7D7E,0x5E5B7D7E,0x5E5B7D7E,0x5E5B7D7E,0x5E5B7D7E,0x5E5B7D7E,0x5E5B7D7E,0x5E5B7D7E,0x5E5B7D7E --</errormsg>
	<scriptname>/mod/art/class.art.php</scriptname>
	<scriptlinenum>2230</scriptlinenum>
</errorentry>

<errorentry>
	<datetime>2018-01-11 11:38:44</datetime>
	<errornum>E_NOTICE</errornum>
	<errormsg>Undefined index:  2' and 5=6 union select 0x5E5B7D7E,0x5E5B7D7E,0x5E5B7D7E,0x5E5B7D7E,0x5E5B7D7E,0x5E5B7D7E,0x5E5B7D7E,0x5E5B7D7E,0x5E5B7D7E,0x5E5B7D7E,0x5E5B7D7E,0x5E5B7D7E -- And '6'='6</errormsg>
	<scriptname>/mod/art/class.art.php</scriptname>
	<scriptlinenum>2230</scriptlinenum>
</errorentry>

<errorentry>
	<datetime>2018-01-11 11:38:45</datetime>
	<errornum>E_NOTICE</errornum>
	<errormsg>Undefined index:  2 and 5=6 union select 0x5E5B7D7E,0x5E5B7D7E,0x5E5B7D7E,0x5E5B7D7E,0x5E5B7D7E,0x5E5B7D7E,0x5E5B7D7E,0x5E5B7D7E,0x5E5B7D7E,0x5E5B7D7E,0x5E5B7D7E,0x5E5B7D7E,0x5E5B7D7E --</errormsg>
	<scriptname>/mod/art/class.art.php</scriptname>
	<scriptlinenum>2230</scriptlinenum>
</errorentry>

<errorentry>
	<datetime>2018-01-11 11:38:46</datetime>
	<errornum>E_NOTICE</errornum>
	<errormsg>Undefined index:  2' and 5=6 union select 0x5E5B7D7E,0x5E5B7D7E,0x5E5B7D7E,0x5E5B7D7E,0x5E5B7D7E,0x5E5B7D7E,0x5E5B7D7E,0x5E5B7D7E,0x5E5B7D7E,0x5E5B7D7E,0x5E5B7D7E,0x5E5B7D7E,0x5E5B7D7E -- And '6'='6</errormsg>
	<scriptname>/mod/art/class.art.php</scriptname>
	<scriptlinenum>2230</scriptlinenum>
</errorentry>

<errorentry>
	<datetime>2018-01-11 11:38:48</datetime>
	<errornum>E_NOTICE</errornum>
	<errormsg>Undefined index:  2 and 5=6 union select 0x5E5B7D7E,0x5E5B7D7E,0x5E5B7D7E,0x5E5B7D7E,0x5E5B7D7E,0x5E5B7D7E,0x5E5B7D7E,0x5E5B7D7E,0x5E5B7D7E,0x5E5B7D7E,0x5E5B7D7E,0x5E5B7D7E,0x5E5B7D7E,0x5E5B7D7E --</errormsg>
	<scriptname>/mod/art/class.art.php</scriptname>
	<scriptlinenum>2230</scriptlinenum>
</errorentry>

<errorentry>
	<datetime>2018-01-11 11:38:49</datetime>
	<errornum>E_NOTICE</errornum>
	<errormsg>Undefined index:  2' and 5=6 union select 0x5E5B7D7E,0x5E5B7D7E,0x5E5B7D7E,0x5E5B7D7E,0x5E5B7D7E,0x5E5B7D7E,0x5E5B7D7E,0x5E5B7D7E,0x5E5B7D7E,0x5E5B7D7E,0x5E5B7D7E,0x5E5B7D7E,0x5E5B7D7E,0x5E5B7D7E -- And '6'='6</errormsg>
	<scriptname>/mod/art/class.art.php</scriptname>
	<scriptlinenum>2230</scriptlinenum>
</errorentry>

<errorentry>
	<datetime>2018-01-11 11:38:50</datetime>
	<errornum>E_NOTICE</errornum>
	<errormsg>Undefined index:  2 and 5=6 union select 0x5E5B7D7E,0x5E5B7D7E,0x5E5B7D7E,0x5E5B7D7E,0x5E5B7D7E,0x5E5B7D7E,0x5E5B7D7E,0x5E5B7D7E,0x5E5B7D7E,0x5E5B7D7E,0x5E5B7D7E,0x5E5B7D7E,0x5E5B7D7E,0x5E5B7D7E,0x5E5B7D7E --</errormsg>
	<scriptname>/mod/art/class.art.php</scriptname>
	<scriptlinenum>2230</scriptlinenum>
</errorentry>

<errorentry>
	<datetime>2018-01-11 11:38:52</datetime>
	<errornum>E_NOTICE</errornum>
	<errormsg>Undefined index:  2' and 5=6 union select 0x5E5B7D7E,0x5E5B7D7E,0x5E5B7D7E,0x5E5B7D7E,0x5E5B7D7E,0x5E5B7D7E,0x5E5B7D7E,0x5E5B7D7E,0x5E5B7D7E,0x5E5B7D7E,0x5E5B7D7E,0x5E5B7D7E,0x5E5B7D7E,0x5E5B7D7E,0x5E5B7D7E -- And '6'='6</errormsg>
	<scriptname>/mod/art/class.art.php</scriptname>
	<scriptlinenum>2230</scriptlinenum>
</errorentry>

<errorentry>
	<datetime>2018-01-11 11:38:53</datetime>
	<errornum>E_NOTICE</errornum>
	<errormsg>Undefined index:  2 and 5=6 union select 0x5E5B7D7E,0x5E5B7D7E,0x5E5B7D7E,0x5E5B7D7E,0x5E5B7D7E,0x5E5B7D7E,0x5E5B7D7E,0x5E5B7D7E,0x5E5B7D7E,0x5E5B7D7E,0x5E5B7D7E,0x5E5B7D7E,0x5E5B7D7E,0x5E5B7D7E,0x5E5B7D7E,0x5E5B7D7E --</errormsg>
	<scriptname>/mod/art/class.art.php</scriptname>
	<scriptlinenum>2230</scriptlinenum>
</errorentry>

<errorentry>
	<datetime>2018-01-11 11:38:54</datetime>
	<errornum>E_NOTICE</errornum>
	<errormsg>Undefined index:  2' and 5=6 union select 0x5E5B7D7E,0x5E5B7D7E,0x5E5B7D7E,0x5E5B7D7E,0x5E5B7D7E,0x5E5B7D7E,0x5E5B7D7E,0x5E5B7D7E,0x5E5B7D7E,0x5E5B7D7E,0x5E5B7D7E,0x5E5B7D7E,0x5E5B7D7E,0x5E5B7D7E,0x5E5B7D7E,0x5E5B7D7E -- And '6'='6</errormsg>
	<scriptname>/mod/art/class.art.php</scriptname>
	<scriptlinenum>2230</scriptlinenum>
</errorentry>

<errorentry>
	<datetime>2018-01-11 11:38:56</datetime>
	<errornum>E_NOTICE</errornum>
	<errormsg>Undefined index:  2 and 5=6 union select 0x5E5B7D7E,0x5E5B7D7E,0x5E5B7D7E,0x5E5B7D7E,0x5E5B7D7E,0x5E5B7D7E,0x5E5B7D7E,0x5E5B7D7E,0x5E5B7D7E,0x5E5B7D7E,0x5E5B7D7E,0x5E5B7D7E,0x5E5B7D7E,0x5E5B7D7E,0x5E5B7D7E,0x5E5B7D7E,0x5E5B7D7E --</errormsg>
	<scriptname>/mod/art/class.art.php</scriptname>
	<scriptlinenum>2230</scriptlinenum>
</errorentry>

<errorentry>
	<datetime>2018-01-11 11:38:58</datetime>
	<errornum>E_NOTICE</errornum>
	<errormsg>Undefined index:  2' and 5=6 union select 0x5E5B7D7E,0x5E5B7D7E,0x5E5B7D7E,0x5E5B7D7E,0x5E5B7D7E,0x5E5B7D7E,0x5E5B7D7E,0x5E5B7D7E,0x5E5B7D7E,0x5E5B7D7E,0x5E5B7D7E,0x5E5B7D7E,0x5E5B7D7E,0x5E5B7D7E,0x5E5B7D7E,0x5E5B7D7E,0x5E5B7D7E -- And '6'='6</errormsg>
	<scriptname>/mod/art/class.art.php</scriptname>
	<scriptlinenum>2230</scriptlinenum>
</errorentry>

<errorentry>
	<datetime>2018-01-11 11:38:59</datetime>
	<errornum>E_NOTICE</errornum>
	<errormsg>Undefined index:  2 and 5=6 union select 0x5E5B7D7E,0x5E5B7D7E,0x5E5B7D7E,0x5E5B7D7E,0x5E5B7D7E,0x5E5B7D7E,0x5E5B7D7E,0x5E5B7D7E,0x5E5B7D7E,0x5E5B7D7E,0x5E5B7D7E,0x5E5B7D7E,0x5E5B7D7E,0x5E5B7D7E,0x5E5B7D7E,0x5E5B7D7E,0x5E5B7D7E,0x5E5B7D7E --</errormsg>
	<scriptname>/mod/art/class.art.php</scriptname>
	<scriptlinenum>2230</scriptlinenum>
</errorentry>

<errorentry>
	<datetime>2018-01-11 11:39:01</datetime>
	<errornum>E_NOTICE</errornum>
	<errormsg>Undefined index:  2' and 5=6 union select 0x5E5B7D7E,0x5E5B7D7E,0x5E5B7D7E,0x5E5B7D7E,0x5E5B7D7E,0x5E5B7D7E,0x5E5B7D7E,0x5E5B7D7E,0x5E5B7D7E,0x5E5B7D7E,0x5E5B7D7E,0x5E5B7D7E,0x5E5B7D7E,0x5E5B7D7E,0x5E5B7D7E,0x5E5B7D7E,0x5E5B7D7E,0x5E5B7D7E -- And '6'='6</errormsg>
	<scriptname>/mod/art/class.art.php</scriptname>
	<scriptlinenum>2230</scriptlinenum>
</errorentry>

<errorentry>
	<datetime>2018-01-11 11:39:02</datetime>
	<errornum>E_NOTICE</errornum>
	<errormsg>Undefined index:  2 and 5=6 union select 0x5E5B7D7E,0x5E5B7D7E,0x5E5B7D7E,0x5E5B7D7E,0x5E5B7D7E,0x5E5B7D7E,0x5E5B7D7E,0x5E5B7D7E,0x5E5B7D7E,0x5E5B7D7E,0x5E5B7D7E,0x5E5B7D7E,0x5E5B7D7E,0x5E5B7D7E,0x5E5B7D7E,0x5E5B7D7E,0x5E5B7D7E,0x5E5B7D7E,0x5E5B7D7E --</errormsg>
	<scriptname>/mod/art/class.art.php</scriptname>
	<scriptlinenum>2230</scriptlinenum>
</errorentry>

<errorentry>
	<datetime>2018-01-11 11:39:03</datetime>
	<errornum>E_NOTICE</errornum>
	<errormsg>Undefined index:  2' and 5=6 union select 0x5E5B7D7E,0x5E5B7D7E,0x5E5B7D7E,0x5E5B7D7E,0x5E5B7D7E,0x5E5B7D7E,0x5E5B7D7E,0x5E5B7D7E,0x5E5B7D7E,0x5E5B7D7E,0x5E5B7D7E,0x5E5B7D7E,0x5E5B7D7E,0x5E5B7D7E,0x5E5B7D7E,0x5E5B7D7E,0x5E5B7D7E,0x5E5B7D7E,0x5E5B7D7E -- And '6'='6</errormsg>
	<scriptname>/mod/art/class.art.php</scriptname>
	<scriptlinenum>2230</scriptlinenum>
</errorentry>

<errorentry>
	<datetime>2018-01-11 11:39:04</datetime>
	<errornum>E_NOTICE</errornum>
	<errormsg>Undefined index:  2 and 5=6 union select 0x5E5B7D7E,0x5E5B7D7E,0x5E5B7D7E,0x5E5B7D7E,0x5E5B7D7E,0x5E5B7D7E,0x5E5B7D7E,0x5E5B7D7E,0x5E5B7D7E,0x5E5B7D7E,0x5E5B7D7E,0x5E5B7D7E,0x5E5B7D7E,0x5E5B7D7E,0x5E5B7D7E,0x5E5B7D7E,0x5E5B7D7E,0x5E5B7D7E,0x5E5B7D7E,0x5E5B7D7E --</errormsg>
	<scriptname>/mod/art/class.art.php</scriptname>
	<scriptlinenum>2230</scriptlinenum>
</errorentry>

<errorentry>
	<datetime>2018-01-11 11:39:05</datetime>
	<errornum>E_NOTICE</errornum>
	<errormsg>Undefined index:  2' and 5=6 union select 0x5E5B7D7E,0x5E5B7D7E,0x5E5B7D7E,0x5E5B7D7E,0x5E5B7D7E,0x5E5B7D7E,0x5E5B7D7E,0x5E5B7D7E,0x5E5B7D7E,0x5E5B7D7E,0x5E5B7D7E,0x5E5B7D7E,0x5E5B7D7E,0x5E5B7D7E,0x5E5B7D7E,0x5E5B7D7E,0x5E5B7D7E,0x5E5B7D7E,0x5E5B7D7E,0x5E5B7D7E -- And '6'='6</errormsg>
	<scriptname>/mod/art/class.art.php</scriptname>
	<scriptlinenum>2230</scriptlinenum>
</errorentry>

<errorentry>
	<datetime>2018-01-11 11:39:07</datetime>
	<errornum>E_NOTICE</errornum>
	<errormsg>Undefined index:  2 and 5=6 union select 0x5E5B7D7E,0x5E5B7D7E,0x5E5B7D7E,0x5E5B7D7E,0x5E5B7D7E,0x5E5B7D7E,0x5E5B7D7E,0x5E5B7D7E,0x5E5B7D7E,0x5E5B7D7E,0x5E5B7D7E,0x5E5B7D7E,0x5E5B7D7E,0x5E5B7D7E,0x5E5B7D7E,0x5E5B7D7E,0x5E5B7D7E,0x5E5B7D7E,0x5E5B7D7E,0x5E5B7D7E,0x5E5B7D7E --</errormsg>
	<scriptname>/mod/art/class.art.php</scriptname>
	<scriptlinenum>2230</scriptlinenum>
</errorentry>

<errorentry>
	<datetime>2018-01-11 11:39:08</datetime>
	<errornum>E_NOTICE</errornum>
	<errormsg>Undefined index:  2' and 5=6 union select 0x5E5B7D7E,0x5E5B7D7E,0x5E5B7D7E,0x5E5B7D7E,0x5E5B7D7E,0x5E5B7D7E,0x5E5B7D7E,0x5E5B7D7E,0x5E5B7D7E,0x5E5B7D7E,0x5E5B7D7E,0x5E5B7D7E,0x5E5B7D7E,0x5E5B7D7E,0x5E5B7D7E,0x5E5B7D7E,0x5E5B7D7E,0x5E5B7D7E,0x5E5B7D7E,0x5E5B7D7E,0x5E5B7D7E -- And '6'='6</errormsg>
	<scriptname>/mod/art/class.art.php</scriptname>
	<scriptlinenum>2230</scriptlinenum>
</errorentry>

<errorentry>
	<datetime>2018-01-11 11:39:09</datetime>
	<errornum>E_NOTICE</errornum>
	<errormsg>Undefined index:  2 and 5=6 union select 0x5E5B7D7E,0x5E5B7D7E,0x5E5B7D7E,0x5E5B7D7E,0x5E5B7D7E,0x5E5B7D7E,0x5E5B7D7E,0x5E5B7D7E,0x5E5B7D7E,0x5E5B7D7E,0x5E5B7D7E,0x5E5B7D7E,0x5E5B7D7E,0x5E5B7D7E,0x5E5B7D7E,0x5E5B7D7E,0x5E5B7D7E,0x5E5B7D7E,0x5E5B7D7E,0x5E5B7D7E,0x5E5B7D7E,0x5E5B7D7E --</errormsg>
	<scriptname>/mod/art/class.art.php</scriptname>
	<scriptlinenum>2230</scriptlinenum>
</errorentry>

<errorentry>
	<datetime>2018-01-11 11:39:10</datetime>
	<errornum>E_NOTICE</errornum>
	<errormsg>Undefined index:  2' and 5=6 union select 0x5E5B7D7E,0x5E5B7D7E,0x5E5B7D7E,0x5E5B7D7E,0x5E5B7D7E,0x5E5B7D7E,0x5E5B7D7E,0x5E5B7D7E,0x5E5B7D7E,0x5E5B7D7E,0x5E5B7D7E,0x5E5B7D7E,0x5E5B7D7E,0x5E5B7D7E,0x5E5B7D7E,0x5E5B7D7E,0x5E5B7D7E,0x5E5B7D7E,0x5E5B7D7E,0x5E5B7D7E,0x5E5B7D7E,0x5E5B7D7E -- And '6'='6</errormsg>
	<scriptname>/mod/art/class.art.php</scriptname>
	<scriptlinenum>2230</scriptlinenum>
</errorentry>

<errorentry>
	<datetime>2018-01-11 11:39:11</datetime>
	<errornum>E_NOTICE</errornum>
	<errormsg>Undefined index:  2 and 5=6 union select 0x5E5B7D7E,0x5E5B7D7E,0x5E5B7D7E,0x5E5B7D7E,0x5E5B7D7E,0x5E5B7D7E,0x5E5B7D7E,0x5E5B7D7E,0x5E5B7D7E,0x5E5B7D7E,0x5E5B7D7E,0x5E5B7D7E,0x5E5B7D7E,0x5E5B7D7E,0x5E5B7D7E,0x5E5B7D7E,0x5E5B7D7E,0x5E5B7D7E,0x5E5B7D7E,0x5E5B7D7E,0x5E5B7D7E,0x5E5B7D7E,0x5E5B7D7E --</errormsg>
	<scriptname>/mod/art/class.art.php</scriptname>
	<scriptlinenum>2230</scriptlinenum>
</errorentry>

<errorentry>
	<datetime>2018-01-11 11:39:12</datetime>
	<errornum>E_NOTICE</errornum>
	<errormsg>Undefined index:  2' and 5=6 union select 0x5E5B7D7E,0x5E5B7D7E,0x5E5B7D7E,0x5E5B7D7E,0x5E5B7D7E,0x5E5B7D7E,0x5E5B7D7E,0x5E5B7D7E,0x5E5B7D7E,0x5E5B7D7E,0x5E5B7D7E,0x5E5B7D7E,0x5E5B7D7E,0x5E5B7D7E,0x5E5B7D7E,0x5E5B7D7E,0x5E5B7D7E,0x5E5B7D7E,0x5E5B7D7E,0x5E5B7D7E,0x5E5B7D7E,0x5E5B7D7E,0x5E5B7D7E -- And '6'='6</errormsg>
	<scriptname>/mod/art/class.art.php</scriptname>
	<scriptlinenum>2230</scriptlinenum>
</errorentry>

<errorentry>
	<datetime>2018-01-11 11:39:13</datetime>
	<errornum>E_NOTICE</errornum>
	<errormsg>Undefined index:  2 and 5=6 union select 0x5E5B7D7E,0x5E5B7D7E,0x5E5B7D7E,0x5E5B7D7E,0x5E5B7D7E,0x5E5B7D7E,0x5E5B7D7E,0x5E5B7D7E,0x5E5B7D7E,0x5E5B7D7E,0x5E5B7D7E,0x5E5B7D7E,0x5E5B7D7E,0x5E5B7D7E,0x5E5B7D7E,0x5E5B7D7E,0x5E5B7D7E,0x5E5B7D7E,0x5E5B7D7E,0x5E5B7D7E,0x5E5B7D7E,0x5E5B7D7E,0x5E5B7D7E,0x5E5B7D7E --</errormsg>
	<scriptname>/mod/art/class.art.php</scriptname>
	<scriptlinenum>2230</scriptlinenum>
</errorentry>

<errorentry>
	<datetime>2018-01-11 11:39:14</datetime>
	<errornum>E_NOTICE</errornum>
	<errormsg>Undefined index:  2' and 5=6 union select 0x5E5B7D7E,0x5E5B7D7E,0x5E5B7D7E,0x5E5B7D7E,0x5E5B7D7E,0x5E5B7D7E,0x5E5B7D7E,0x5E5B7D7E,0x5E5B7D7E,0x5E5B7D7E,0x5E5B7D7E,0x5E5B7D7E,0x5E5B7D7E,0x5E5B7D7E,0x5E5B7D7E,0x5E5B7D7E,0x5E5B7D7E,0x5E5B7D7E,0x5E5B7D7E,0x5E5B7D7E,0x5E5B7D7E,0x5E5B7D7E,0x5E5B7D7E,0x5E5B7D7E -- And '6'='6</errormsg>
	<scriptname>/mod/art/class.art.php</scriptname>
	<scriptlinenum>2230</scriptlinenum>
</errorentry>

<errorentry>
	<datetime>2018-01-11 11:39:15</datetime>
	<errornum>E_NOTICE</errornum>
	<errormsg>Undefined index:  2 and 5=6 union select 0x5E5B7D7E,0x5E5B7D7E,0x5E5B7D7E,0x5E5B7D7E,0x5E5B7D7E,0x5E5B7D7E,0x5E5B7D7E,0x5E5B7D7E,0x5E5B7D7E,0x5E5B7D7E,0x5E5B7D7E,0x5E5B7D7E,0x5E5B7D7E,0x5E5B7D7E,0x5E5B7D7E,0x5E5B7D7E,0x5E5B7D7E,0x5E5B7D7E,0x5E5B7D7E,0x5E5B7D7E,0x5E5B7D7E,0x5E5B7D7E,0x5E5B7D7E,0x5E5B7D7E,0x5E5B7D7E --</errormsg>
	<scriptname>/mod/art/class.art.php</scriptname>
	<scriptlinenum>2230</scriptlinenum>
</errorentry>

<errorentry>
	<datetime>2018-01-11 11:39:16</datetime>
	<errornum>E_NOTICE</errornum>
	<errormsg>Undefined index:  2' and 5=6 union select 0x5E5B7D7E,0x5E5B7D7E,0x5E5B7D7E,0x5E5B7D7E,0x5E5B7D7E,0x5E5B7D7E,0x5E5B7D7E,0x5E5B7D7E,0x5E5B7D7E,0x5E5B7D7E,0x5E5B7D7E,0x5E5B7D7E,0x5E5B7D7E,0x5E5B7D7E,0x5E5B7D7E,0x5E5B7D7E,0x5E5B7D7E,0x5E5B7D7E,0x5E5B7D7E,0x5E5B7D7E,0x5E5B7D7E,0x5E5B7D7E,0x5E5B7D7E,0x5E5B7D7E,0x5E5B7D7E -- And '6'='6</errormsg>
	<scriptname>/mod/art/class.art.php</scriptname>
	<scriptlinenum>2230</scriptlinenum>
</errorentry>

<errorentry>
	<datetime>2018-01-11 11:39:17</datetime>
	<errornum>E_NOTICE</errornum>
	<errormsg>Undefined index:  2 and 5=6 union select 0x5E5B7D7E,0x5E5B7D7E,0x5E5B7D7E,0x5E5B7D7E,0x5E5B7D7E,0x5E5B7D7E,0x5E5B7D7E,0x5E5B7D7E,0x5E5B7D7E,0x5E5B7D7E,0x5E5B7D7E,0x5E5B7D7E,0x5E5B7D7E,0x5E5B7D7E,0x5E5B7D7E,0x5E5B7D7E,0x5E5B7D7E,0x5E5B7D7E,0x5E5B7D7E,0x5E5B7D7E,0x5E5B7D7E,0x5E5B7D7E,0x5E5B7D7E,0x5E5B7D7E,0x5E5B7D7E,0x5E5B7D7E --</errormsg>
	<scriptname>/mod/art/class.art.php</scriptname>
	<scriptlinenum>2230</scriptlinenum>
</errorentry>

<errorentry>
	<datetime>2018-01-11 11:39:19</datetime>
	<errornum>E_NOTICE</errornum>
	<errormsg>Undefined index:  2' and 5=6 union select 0x5E5B7D7E,0x5E5B7D7E,0x5E5B7D7E,0x5E5B7D7E,0x5E5B7D7E,0x5E5B7D7E,0x5E5B7D7E,0x5E5B7D7E,0x5E5B7D7E,0x5E5B7D7E,0x5E5B7D7E,0x5E5B7D7E,0x5E5B7D7E,0x5E5B7D7E,0x5E5B7D7E,0x5E5B7D7E,0x5E5B7D7E,0x5E5B7D7E,0x5E5B7D7E,0x5E5B7D7E,0x5E5B7D7E,0x5E5B7D7E,0x5E5B7D7E,0x5E5B7D7E,0x5E5B7D7E,0x5E5B7D7E -- And '6'='6</errormsg>
	<scriptname>/mod/art/class.art.php</scriptname>
	<scriptlinenum>2230</scriptlinenum>
</errorentry>

<errorentry>
	<datetime>2018-01-11 11:39:20</datetime>
	<errornum>E_NOTICE</errornum>
	<errormsg>Undefined index:  2 and 5=6 union select 0x5E5B7D7E,0x5E5B7D7E,0x5E5B7D7E,0x5E5B7D7E,0x5E5B7D7E,0x5E5B7D7E,0x5E5B7D7E,0x5E5B7D7E,0x5E5B7D7E,0x5E5B7D7E,0x5E5B7D7E,0x5E5B7D7E,0x5E5B7D7E,0x5E5B7D7E,0x5E5B7D7E,0x5E5B7D7E,0x5E5B7D7E,0x5E5B7D7E,0x5E5B7D7E,0x5E5B7D7E,0x5E5B7D7E,0x5E5B7D7E,0x5E5B7D7E,0x5E5B7D7E,0x5E5B7D7E,0x5E5B7D7E,0x5E5B7D7E --</errormsg>
	<scriptname>/mod/art/class.art.php</scriptname>
	<scriptlinenum>2230</scriptlinenum>
</errorentry>

<errorentry>
	<datetime>2018-01-11 11:39:22</datetime>
	<errornum>E_NOTICE</errornum>
	<errormsg>Undefined index:  2' and 5=6 union select 0x5E5B7D7E,0x5E5B7D7E,0x5E5B7D7E,0x5E5B7D7E,0x5E5B7D7E,0x5E5B7D7E,0x5E5B7D7E,0x5E5B7D7E,0x5E5B7D7E,0x5E5B7D7E,0x5E5B7D7E,0x5E5B7D7E,0x5E5B7D7E,0x5E5B7D7E,0x5E5B7D7E,0x5E5B7D7E,0x5E5B7D7E,0x5E5B7D7E,0x5E5B7D7E,0x5E5B7D7E,0x5E5B7D7E,0x5E5B7D7E,0x5E5B7D7E,0x5E5B7D7E,0x5E5B7D7E,0x5E5B7D7E,0x5E5B7D7E -- And '6'='6</errormsg>
	<scriptname>/mod/art/class.art.php</scriptname>
	<scriptlinenum>2230</scriptlinenum>
</errorentry>

<errorentry>
	<datetime>2018-01-11 11:39:25</datetime>
	<errornum>E_NOTICE</errornum>
	<errormsg>Undefined index:  2 and 5=6 union select 0x5E5B7D7E,0x5E5B7D7E,0x5E5B7D7E,0x5E5B7D7E,0x5E5B7D7E,0x5E5B7D7E,0x5E5B7D7E,0x5E5B7D7E,0x5E5B7D7E,0x5E5B7D7E,0x5E5B7D7E,0x5E5B7D7E,0x5E5B7D7E,0x5E5B7D7E,0x5E5B7D7E,0x5E5B7D7E,0x5E5B7D7E,0x5E5B7D7E,0x5E5B7D7E,0x5E5B7D7E,0x5E5B7D7E,0x5E5B7D7E,0x5E5B7D7E,0x5E5B7D7E,0x5E5B7D7E,0x5E5B7D7E,0x5E5B7D7E,0x5E5B7D7E --</errormsg>
	<scriptname>/mod/art/class.art.php</scriptname>
	<scriptlinenum>2230</scriptlinenum>
</errorentry>

<errorentry>
	<datetime>2018-01-11 11:39:27</datetime>
	<errornum>E_NOTICE</errornum>
	<errormsg>Undefined index:  2' and 5=6 union select 0x5E5B7D7E,0x5E5B7D7E,0x5E5B7D7E,0x5E5B7D7E,0x5E5B7D7E,0x5E5B7D7E,0x5E5B7D7E,0x5E5B7D7E,0x5E5B7D7E,0x5E5B7D7E,0x5E5B7D7E,0x5E5B7D7E,0x5E5B7D7E,0x5E5B7D7E,0x5E5B7D7E,0x5E5B7D7E,0x5E5B7D7E,0x5E5B7D7E,0x5E5B7D7E,0x5E5B7D7E,0x5E5B7D7E,0x5E5B7D7E,0x5E5B7D7E,0x5E5B7D7E,0x5E5B7D7E,0x5E5B7D7E,0x5E5B7D7E,0x5E5B7D7E -- And '6'='6</errormsg>
	<scriptname>/mod/art/class.art.php</scriptname>
	<scriptlinenum>2230</scriptlinenum>
</errorentry>

<errorentry>
	<datetime>2018-01-11 11:39:29</datetime>
	<errornum>E_NOTICE</errornum>
	<errormsg>Undefined index:  2 and 5=6 union select 0x5E5B7D7E,0x5E5B7D7E,0x5E5B7D7E,0x5E5B7D7E,0x5E5B7D7E,0x5E5B7D7E,0x5E5B7D7E,0x5E5B7D7E,0x5E5B7D7E,0x5E5B7D7E,0x5E5B7D7E,0x5E5B7D7E,0x5E5B7D7E,0x5E5B7D7E,0x5E5B7D7E,0x5E5B7D7E,0x5E5B7D7E,0x5E5B7D7E,0x5E5B7D7E,0x5E5B7D7E,0x5E5B7D7E,0x5E5B7D7E,0x5E5B7D7E,0x5E5B7D7E,0x5E5B7D7E,0x5E5B7D7E,0x5E5B7D7E,0x5E5B7D7E,0x5E5B7D7E --</errormsg>
	<scriptname>/mod/art/class.art.php</scriptname>
	<scriptlinenum>2230</scriptlinenum>
</errorentry>

<errorentry>
	<datetime>2018-01-11 11:39:31</datetime>
	<errornum>E_NOTICE</errornum>
	<errormsg>Undefined index:  2' and 5=6 union select 0x5E5B7D7E,0x5E5B7D7E,0x5E5B7D7E,0x5E5B7D7E,0x5E5B7D7E,0x5E5B7D7E,0x5E5B7D7E,0x5E5B7D7E,0x5E5B7D7E,0x5E5B7D7E,0x5E5B7D7E,0x5E5B7D7E,0x5E5B7D7E,0x5E5B7D7E,0x5E5B7D7E,0x5E5B7D7E,0x5E5B7D7E,0x5E5B7D7E,0x5E5B7D7E,0x5E5B7D7E,0x5E5B7D7E,0x5E5B7D7E,0x5E5B7D7E,0x5E5B7D7E,0x5E5B7D7E,0x5E5B7D7E,0x5E5B7D7E,0x5E5B7D7E,0x5E5B7D7E -- And '6'='6</errormsg>
	<scriptname>/mod/art/class.art.php</scriptname>
	<scriptlinenum>2230</scriptlinenum>
</errorentry>

<errorentry>
	<datetime>2018-01-11 11:39:33</datetime>
	<errornum>E_NOTICE</errornum>
	<errormsg>Undefined index:  2 and 5=6 union select 0x5E5B7D7E,0x5E5B7D7E,0x5E5B7D7E,0x5E5B7D7E,0x5E5B7D7E,0x5E5B7D7E,0x5E5B7D7E,0x5E5B7D7E,0x5E5B7D7E,0x5E5B7D7E,0x5E5B7D7E,0x5E5B7D7E,0x5E5B7D7E,0x5E5B7D7E,0x5E5B7D7E,0x5E5B7D7E,0x5E5B7D7E,0x5E5B7D7E,0x5E5B7D7E,0x5E5B7D7E,0x5E5B7D7E,0x5E5B7D7E,0x5E5B7D7E,0x5E5B7D7E,0x5E5B7D7E,0x5E5B7D7E,0x5E5B7D7E,0x5E5B7D7E,0x5E5B7D7E,0x5E5B7D7E --</errormsg>
	<scriptname>/mod/art/class.art.php</scriptname>
	<scriptlinenum>2230</scriptlinenum>
</errorentry>

<errorentry>
	<datetime>2018-01-11 11:39:34</datetime>
	<errornum>E_NOTICE</errornum>
	<errormsg>Undefined index:  2' and 5=6 union select 0x5E5B7D7E,0x5E5B7D7E,0x5E5B7D7E,0x5E5B7D7E,0x5E5B7D7E,0x5E5B7D7E,0x5E5B7D7E,0x5E5B7D7E,0x5E5B7D7E,0x5E5B7D7E,0x5E5B7D7E,0x5E5B7D7E,0x5E5B7D7E,0x5E5B7D7E,0x5E5B7D7E,0x5E5B7D7E,0x5E5B7D7E,0x5E5B7D7E,0x5E5B7D7E,0x5E5B7D7E,0x5E5B7D7E,0x5E5B7D7E,0x5E5B7D7E,0x5E5B7D7E,0x5E5B7D7E,0x5E5B7D7E,0x5E5B7D7E,0x5E5B7D7E,0x5E5B7D7E,0x5E5B7D7E -- And '6'='6</errormsg>
	<scriptname>/mod/art/class.art.php</scriptname>
	<scriptlinenum>2230</scriptlinenum>
</errorentry>

<errorentry>
	<datetime>2018-01-11 11:39:36</datetime>
	<errornum>E_NOTICE</errornum>
	<errormsg>Undefined index:  2 and 5=6 union select 0x5E5B7D7E,0x5E5B7D7E,0x5E5B7D7E,0x5E5B7D7E,0x5E5B7D7E,0x5E5B7D7E,0x5E5B7D7E,0x5E5B7D7E,0x5E5B7D7E,0x5E5B7D7E,0x5E5B7D7E,0x5E5B7D7E,0x5E5B7D7E,0x5E5B7D7E,0x5E5B7D7E,0x5E5B7D7E,0x5E5B7D7E,0x5E5B7D7E,0x5E5B7D7E,0x5E5B7D7E,0x5E5B7D7E,0x5E5B7D7E,0x5E5B7D7E,0x5E5B7D7E,0x5E5B7D7E,0x5E5B7D7E,0x5E5B7D7E,0x5E5B7D7E,0x5E5B7D7E,0x5E5B7D7E,0x5E5B7D7E --</errormsg>
	<scriptname>/mod/art/class.art.php</scriptname>
	<scriptlinenum>2230</scriptlinenum>
</errorentry>

<errorentry>
	<datetime>2018-01-11 11:39:38</datetime>
	<errornum>E_NOTICE</errornum>
	<errormsg>Undefined index:  2' and 5=6 union select 0x5E5B7D7E,0x5E5B7D7E,0x5E5B7D7E,0x5E5B7D7E,0x5E5B7D7E,0x5E5B7D7E,0x5E5B7D7E,0x5E5B7D7E,0x5E5B7D7E,0x5E5B7D7E,0x5E5B7D7E,0x5E5B7D7E,0x5E5B7D7E,0x5E5B7D7E,0x5E5B7D7E,0x5E5B7D7E,0x5E5B7D7E,0x5E5B7D7E,0x5E5B7D7E,0x5E5B7D7E,0x5E5B7D7E,0x5E5B7D7E,0x5E5B7D7E,0x5E5B7D7E,0x5E5B7D7E,0x5E5B7D7E,0x5E5B7D7E,0x5E5B7D7E,0x5E5B7D7E,0x5E5B7D7E,0x5E5B7D7E -- And '6'='6</errormsg>
	<scriptname>/mod/art/class.art.php</scriptname>
	<scriptlinenum>2230</scriptlinenum>
</errorentry>

<errorentry>
	<datetime>2018-01-11 11:39:39</datetime>
	<errornum>E_NOTICE</errornum>
	<errormsg>Undefined index:  2 and 5=6 union select 0x5E5B7D7E,0x5E5B7D7E,0x5E5B7D7E,0x5E5B7D7E,0x5E5B7D7E,0x5E5B7D7E,0x5E5B7D7E,0x5E5B7D7E,0x5E5B7D7E,0x5E5B7D7E,0x5E5B7D7E,0x5E5B7D7E,0x5E5B7D7E,0x5E5B7D7E,0x5E5B7D7E,0x5E5B7D7E,0x5E5B7D7E,0x5E5B7D7E,0x5E5B7D7E,0x5E5B7D7E,0x5E5B7D7E,0x5E5B7D7E,0x5E5B7D7E,0x5E5B7D7E,0x5E5B7D7E,0x5E5B7D7E,0x5E5B7D7E,0x5E5B7D7E,0x5E5B7D7E,0x5E5B7D7E,0x5E5B7D7E,0x5E5B7D7E --</errormsg>
	<scriptname>/mod/art/class.art.php</scriptname>
	<scriptlinenum>2230</scriptlinenum>
</errorentry>

<errorentry>
	<datetime>2018-01-11 11:39:41</datetime>
	<errornum>E_NOTICE</errornum>
	<errormsg>Undefined index:  2' and 5=6 union select 0x5E5B7D7E,0x5E5B7D7E,0x5E5B7D7E,0x5E5B7D7E,0x5E5B7D7E,0x5E5B7D7E,0x5E5B7D7E,0x5E5B7D7E,0x5E5B7D7E,0x5E5B7D7E,0x5E5B7D7E,0x5E5B7D7E,0x5E5B7D7E,0x5E5B7D7E,0x5E5B7D7E,0x5E5B7D7E,0x5E5B7D7E,0x5E5B7D7E,0x5E5B7D7E,0x5E5B7D7E,0x5E5B7D7E,0x5E5B7D7E,0x5E5B7D7E,0x5E5B7D7E,0x5E5B7D7E,0x5E5B7D7E,0x5E5B7D7E,0x5E5B7D7E,0x5E5B7D7E,0x5E5B7D7E,0x5E5B7D7E,0x5E5B7D7E -- And '6'='6</errormsg>
	<scriptname>/mod/art/class.art.php</scriptname>
	<scriptlinenum>2230</scriptlinenum>
</errorentry>

<errorentry>
	<datetime>2018-01-11 11:39:43</datetime>
	<errornum>E_NOTICE</errornum>
	<errormsg>Undefined index:  2 and 5=6 union select 0x5E5B7D7E,0x5E5B7D7E,0x5E5B7D7E,0x5E5B7D7E,0x5E5B7D7E,0x5E5B7D7E,0x5E5B7D7E,0x5E5B7D7E,0x5E5B7D7E,0x5E5B7D7E,0x5E5B7D7E,0x5E5B7D7E,0x5E5B7D7E,0x5E5B7D7E,0x5E5B7D7E,0x5E5B7D7E,0x5E5B7D7E,0x5E5B7D7E,0x5E5B7D7E,0x5E5B7D7E,0x5E5B7D7E,0x5E5B7D7E,0x5E5B7D7E,0x5E5B7D7E,0x5E5B7D7E,0x5E5B7D7E,0x5E5B7D7E,0x5E5B7D7E,0x5E5B7D7E,0x5E5B7D7E,0x5E5B7D7E,0x5E5B7D7E,0x5E5B7D7E --</errormsg>
	<scriptname>/mod/art/class.art.php</scriptname>
	<scriptlinenum>2230</scriptlinenum>
</errorentry>

<errorentry>
	<datetime>2018-01-11 11:39:45</datetime>
	<errornum>E_NOTICE</errornum>
	<errormsg>Undefined index:  2' and 5=6 union select 0x5E5B7D7E,0x5E5B7D7E,0x5E5B7D7E,0x5E5B7D7E,0x5E5B7D7E,0x5E5B7D7E,0x5E5B7D7E,0x5E5B7D7E,0x5E5B7D7E,0x5E5B7D7E,0x5E5B7D7E,0x5E5B7D7E,0x5E5B7D7E,0x5E5B7D7E,0x5E5B7D7E,0x5E5B7D7E,0x5E5B7D7E,0x5E5B7D7E,0x5E5B7D7E,0x5E5B7D7E,0x5E5B7D7E,0x5E5B7D7E,0x5E5B7D7E,0x5E5B7D7E,0x5E5B7D7E,0x5E5B7D7E,0x5E5B7D7E,0x5E5B7D7E,0x5E5B7D7E,0x5E5B7D7E,0x5E5B7D7E,0x5E5B7D7E,0x5E5B7D7E -- And '6'='6</errormsg>
	<scriptname>/mod/art/class.art.php</scriptname>
	<scriptlinenum>2230</scriptlinenum>
</errorentry>

<errorentry>
	<datetime>2018-01-11 11:39:46</datetime>
	<errornum>E_NOTICE</errornum>
	<errormsg>Undefined index:  2 and 5=6 union select 0x5E5B7D7E,0x5E5B7D7E,0x5E5B7D7E,0x5E5B7D7E,0x5E5B7D7E,0x5E5B7D7E,0x5E5B7D7E,0x5E5B7D7E,0x5E5B7D7E,0x5E5B7D7E,0x5E5B7D7E,0x5E5B7D7E,0x5E5B7D7E,0x5E5B7D7E,0x5E5B7D7E,0x5E5B7D7E,0x5E5B7D7E,0x5E5B7D7E,0x5E5B7D7E,0x5E5B7D7E,0x5E5B7D7E,0x5E5B7D7E,0x5E5B7D7E,0x5E5B7D7E,0x5E5B7D7E,0x5E5B7D7E,0x5E5B7D7E,0x5E5B7D7E,0x5E5B7D7E,0x5E5B7D7E,0x5E5B7D7E,0x5E5B7D7E,0x5E5B7D7E,0x5E5B7D7E --</errormsg>
	<scriptname>/mod/art/class.art.php</scriptname>
	<scriptlinenum>2230</scriptlinenum>
</errorentry>

<errorentry>
	<datetime>2018-01-11 11:39:48</datetime>
	<errornum>E_NOTICE</errornum>
	<errormsg>Undefined index:  2' and 5=6 union select 0x5E5B7D7E,0x5E5B7D7E,0x5E5B7D7E,0x5E5B7D7E,0x5E5B7D7E,0x5E5B7D7E,0x5E5B7D7E,0x5E5B7D7E,0x5E5B7D7E,0x5E5B7D7E,0x5E5B7D7E,0x5E5B7D7E,0x5E5B7D7E,0x5E5B7D7E,0x5E5B7D7E,0x5E5B7D7E,0x5E5B7D7E,0x5E5B7D7E,0x5E5B7D7E,0x5E5B7D7E,0x5E5B7D7E,0x5E5B7D7E,0x5E5B7D7E,0x5E5B7D7E,0x5E5B7D7E,0x5E5B7D7E,0x5E5B7D7E,0x5E5B7D7E,0x5E5B7D7E,0x5E5B7D7E,0x5E5B7D7E,0x5E5B7D7E,0x5E5B7D7E,0x5E5B7D7E -- And '6'='6</errormsg>
	<scriptname>/mod/art/class.art.php</scriptname>
	<scriptlinenum>2230</scriptlinenum>
</errorentry>

<errorentry>
	<datetime>2018-01-11 11:39:49</datetime>
	<errornum>E_NOTICE</errornum>
	<errormsg>Undefined index:  2 and 5=6 union select 0x5E5B7D7E,0x5E5B7D7E,0x5E5B7D7E,0x5E5B7D7E,0x5E5B7D7E,0x5E5B7D7E,0x5E5B7D7E,0x5E5B7D7E,0x5E5B7D7E,0x5E5B7D7E,0x5E5B7D7E,0x5E5B7D7E,0x5E5B7D7E,0x5E5B7D7E,0x5E5B7D7E,0x5E5B7D7E,0x5E5B7D7E,0x5E5B7D7E,0x5E5B7D7E,0x5E5B7D7E,0x5E5B7D7E,0x5E5B7D7E,0x5E5B7D7E,0x5E5B7D7E,0x5E5B7D7E,0x5E5B7D7E,0x5E5B7D7E,0x5E5B7D7E,0x5E5B7D7E,0x5E5B7D7E,0x5E5B7D7E,0x5E5B7D7E,0x5E5B7D7E,0x5E5B7D7E,0x5E5B7D7E --</errormsg>
	<scriptname>/mod/art/class.art.php</scriptname>
	<scriptlinenum>2230</scriptlinenum>
</errorentry>

<errorentry>
	<datetime>2018-01-11 11:39:51</datetime>
	<errornum>E_NOTICE</errornum>
	<errormsg>Undefined index:  2' and 5=6 union select 0x5E5B7D7E,0x5E5B7D7E,0x5E5B7D7E,0x5E5B7D7E,0x5E5B7D7E,0x5E5B7D7E,0x5E5B7D7E,0x5E5B7D7E,0x5E5B7D7E,0x5E5B7D7E,0x5E5B7D7E,0x5E5B7D7E,0x5E5B7D7E,0x5E5B7D7E,0x5E5B7D7E,0x5E5B7D7E,0x5E5B7D7E,0x5E5B7D7E,0x5E5B7D7E,0x5E5B7D7E,0x5E5B7D7E,0x5E5B7D7E,0x5E5B7D7E,0x5E5B7D7E,0x5E5B7D7E,0x5E5B7D7E,0x5E5B7D7E,0x5E5B7D7E,0x5E5B7D7E,0x5E5B7D7E,0x5E5B7D7E,0x5E5B7D7E,0x5E5B7D7E,0x5E5B7D7E,0x5E5B7D7E -- And '6'='6</errormsg>
	<scriptname>/mod/art/class.art.php</scriptname>
	<scriptlinenum>2230</scriptlinenum>
</errorentry>

<errorentry>
	<datetime>2018-01-11 11:39:53</datetime>
	<errornum>E_NOTICE</errornum>
	<errormsg>Undefined index:  2 and 5=6 union select 0x5E5B7D7E,0x5E5B7D7E,0x5E5B7D7E,0x5E5B7D7E,0x5E5B7D7E,0x5E5B7D7E,0x5E5B7D7E,0x5E5B7D7E,0x5E5B7D7E,0x5E5B7D7E,0x5E5B7D7E,0x5E5B7D7E,0x5E5B7D7E,0x5E5B7D7E,0x5E5B7D7E,0x5E5B7D7E,0x5E5B7D7E,0x5E5B7D7E,0x5E5B7D7E,0x5E5B7D7E,0x5E5B7D7E,0x5E5B7D7E,0x5E5B7D7E,0x5E5B7D7E,0x5E5B7D7E,0x5E5B7D7E,0x5E5B7D7E,0x5E5B7D7E,0x5E5B7D7E,0x5E5B7D7E,0x5E5B7D7E,0x5E5B7D7E,0x5E5B7D7E,0x5E5B7D7E,0x5E5B7D7E,0x5E5B7D7E --</errormsg>
	<scriptname>/mod/art/class.art.php</scriptname>
	<scriptlinenum>2230</scriptlinenum>
</errorentry>

<errorentry>
	<datetime>2018-01-11 11:39:54</datetime>
	<errornum>E_NOTICE</errornum>
	<errormsg>Undefined index:  2' and 5=6 union select 0x5E5B7D7E,0x5E5B7D7E,0x5E5B7D7E,0x5E5B7D7E,0x5E5B7D7E,0x5E5B7D7E,0x5E5B7D7E,0x5E5B7D7E,0x5E5B7D7E,0x5E5B7D7E,0x5E5B7D7E,0x5E5B7D7E,0x5E5B7D7E,0x5E5B7D7E,0x5E5B7D7E,0x5E5B7D7E,0x5E5B7D7E,0x5E5B7D7E,0x5E5B7D7E,0x5E5B7D7E,0x5E5B7D7E,0x5E5B7D7E,0x5E5B7D7E,0x5E5B7D7E,0x5E5B7D7E,0x5E5B7D7E,0x5E5B7D7E,0x5E5B7D7E,0x5E5B7D7E,0x5E5B7D7E,0x5E5B7D7E,0x5E5B7D7E,0x5E5B7D7E,0x5E5B7D7E,0x5E5B7D7E,0x5E5B7D7E -- And '6'='6</errormsg>
	<scriptname>/mod/art/class.art.php</scriptname>
	<scriptlinenum>2230</scriptlinenum>
</errorentry>

<errorentry>
	<datetime>2018-01-11 11:39:58</datetime>
	<errornum>E_NOTICE</errornum>
	<errormsg>Undefined index:  2 and 5=6 union select 0x5E5B7D7E,0x5E5B7D7E,0x5E5B7D7E,0x5E5B7D7E,0x5E5B7D7E,0x5E5B7D7E,0x5E5B7D7E,0x5E5B7D7E,0x5E5B7D7E,0x5E5B7D7E,0x5E5B7D7E,0x5E5B7D7E,0x5E5B7D7E,0x5E5B7D7E,0x5E5B7D7E,0x5E5B7D7E,0x5E5B7D7E,0x5E5B7D7E,0x5E5B7D7E,0x5E5B7D7E,0x5E5B7D7E,0x5E5B7D7E,0x5E5B7D7E,0x5E5B7D7E,0x5E5B7D7E,0x5E5B7D7E,0x5E5B7D7E,0x5E5B7D7E,0x5E5B7D7E,0x5E5B7D7E,0x5E5B7D7E,0x5E5B7D7E,0x5E5B7D7E,0x5E5B7D7E,0x5E5B7D7E,0x5E5B7D7E,0x5E5B7D7E --</errormsg>
	<scriptname>/mod/art/class.art.php</scriptname>
	<scriptlinenum>2230</scriptlinenum>
</errorentry>

<errorentry>
	<datetime>2018-01-11 11:39:59</datetime>
	<errornum>E_NOTICE</errornum>
	<errormsg>Undefined index:  2' and 5=6 union select 0x5E5B7D7E,0x5E5B7D7E,0x5E5B7D7E,0x5E5B7D7E,0x5E5B7D7E,0x5E5B7D7E,0x5E5B7D7E,0x5E5B7D7E,0x5E5B7D7E,0x5E5B7D7E,0x5E5B7D7E,0x5E5B7D7E,0x5E5B7D7E,0x5E5B7D7E,0x5E5B7D7E,0x5E5B7D7E,0x5E5B7D7E,0x5E5B7D7E,0x5E5B7D7E,0x5E5B7D7E,0x5E5B7D7E,0x5E5B7D7E,0x5E5B7D7E,0x5E5B7D7E,0x5E5B7D7E,0x5E5B7D7E,0x5E5B7D7E,0x5E5B7D7E,0x5E5B7D7E,0x5E5B7D7E,0x5E5B7D7E,0x5E5B7D7E,0x5E5B7D7E,0x5E5B7D7E,0x5E5B7D7E,0x5E5B7D7E,0x5E5B7D7E -- And '6'='6</errormsg>
	<scriptname>/mod/art/class.art.php</scriptname>
	<scriptlinenum>2230</scriptlinenum>
</errorentry>

<errorentry>
	<datetime>2018-01-11 11:40:07</datetime>
	<errornum>E_NOTICE</errornum>
	<errormsg>Undefined index:  2 and 5=6 union select 0x5E5B7D7E,0x5E5B7D7E,0x5E5B7D7E,0x5E5B7D7E,0x5E5B7D7E,0x5E5B7D7E,0x5E5B7D7E,0x5E5B7D7E,0x5E5B7D7E,0x5E5B7D7E,0x5E5B7D7E,0x5E5B7D7E,0x5E5B7D7E,0x5E5B7D7E,0x5E5B7D7E,0x5E5B7D7E,0x5E5B7D7E,0x5E5B7D7E,0x5E5B7D7E,0x5E5B7D7E,0x5E5B7D7E,0x5E5B7D7E,0x5E5B7D7E,0x5E5B7D7E,0x5E5B7D7E,0x5E5B7D7E,0x5E5B7D7E,0x5E5B7D7E,0x5E5B7D7E,0x5E5B7D7E,0x5E5B7D7E,0x5E5B7D7E,0x5E5B7D7E,0x5E5B7D7E,0x5E5B7D7E,0x5E5B7D7E,0x5E5B7D7E,0x5E5B7D7E --</errormsg>
	<scriptname>/mod/art/class.art.php</scriptname>
	<scriptlinenum>2230</scriptlinenum>
</errorentry>

<errorentry>
	<datetime>2018-01-11 11:40:09</datetime>
	<errornum>E_NOTICE</errornum>
	<errormsg>Undefined index:  2' and 5=6 union select 0x5E5B7D7E,0x5E5B7D7E,0x5E5B7D7E,0x5E5B7D7E,0x5E5B7D7E,0x5E5B7D7E,0x5E5B7D7E,0x5E5B7D7E,0x5E5B7D7E,0x5E5B7D7E,0x5E5B7D7E,0x5E5B7D7E,0x5E5B7D7E,0x5E5B7D7E,0x5E5B7D7E,0x5E5B7D7E,0x5E5B7D7E,0x5E5B7D7E,0x5E5B7D7E,0x5E5B7D7E,0x5E5B7D7E,0x5E5B7D7E,0x5E5B7D7E,0x5E5B7D7E,0x5E5B7D7E,0x5E5B7D7E,0x5E5B7D7E,0x5E5B7D7E,0x5E5B7D7E,0x5E5B7D7E,0x5E5B7D7E,0x5E5B7D7E,0x5E5B7D7E,0x5E5B7D7E,0x5E5B7D7E,0x5E5B7D7E,0x5E5B7D7E,0x5E5B7D7E -- And '6'='6</errormsg>
	<scriptname>/mod/art/class.art.php</scriptname>
	<scriptlinenum>2230</scriptlinenum>
</errorentry>

<errorentry>
	<datetime>2018-01-11 11:40:12</datetime>
	<errornum>E_NOTICE</errornum>
	<errormsg>Undefined index:  2 and 5=6 union select 0x5E5B7D7E,0x5E5B7D7E,0x5E5B7D7E,0x5E5B7D7E,0x5E5B7D7E,0x5E5B7D7E,0x5E5B7D7E,0x5E5B7D7E,0x5E5B7D7E,0x5E5B7D7E,0x5E5B7D7E,0x5E5B7D7E,0x5E5B7D7E,0x5E5B7D7E,0x5E5B7D7E,0x5E5B7D7E,0x5E5B7D7E,0x5E5B7D7E,0x5E5B7D7E,0x5E5B7D7E,0x5E5B7D7E,0x5E5B7D7E,0x5E5B7D7E,0x5E5B7D7E,0x5E5B7D7E,0x5E5B7D7E,0x5E5B7D7E,0x5E5B7D7E,0x5E5B7D7E,0x5E5B7D7E,0x5E5B7D7E,0x5E5B7D7E,0x5E5B7D7E,0x5E5B7D7E,0x5E5B7D7E,0x5E5B7D7E,0x5E5B7D7E,0x5E5B7D7E,0x5E5B7D7E --</errormsg>
	<scriptname>/mod/art/class.art.php</scriptname>
	<scriptlinenum>2230</scriptlinenum>
</errorentry>

<errorentry>
	<datetime>2018-01-11 11:40:14</datetime>
	<errornum>E_NOTICE</errornum>
	<errormsg>Undefined index:  2' and 5=6 union select 0x5E5B7D7E,0x5E5B7D7E,0x5E5B7D7E,0x5E5B7D7E,0x5E5B7D7E,0x5E5B7D7E,0x5E5B7D7E,0x5E5B7D7E,0x5E5B7D7E,0x5E5B7D7E,0x5E5B7D7E,0x5E5B7D7E,0x5E5B7D7E,0x5E5B7D7E,0x5E5B7D7E,0x5E5B7D7E,0x5E5B7D7E,0x5E5B7D7E,0x5E5B7D7E,0x5E5B7D7E,0x5E5B7D7E,0x5E5B7D7E,0x5E5B7D7E,0x5E5B7D7E,0x5E5B7D7E,0x5E5B7D7E,0x5E5B7D7E,0x5E5B7D7E,0x5E5B7D7E,0x5E5B7D7E,0x5E5B7D7E,0x5E5B7D7E,0x5E5B7D7E,0x5E5B7D7E,0x5E5B7D7E,0x5E5B7D7E,0x5E5B7D7E,0x5E5B7D7E,0x5E5B7D7E -- And '6'='6</errormsg>
	<scriptname>/mod/art/class.art.php</scriptname>
	<scriptlinenum>2230</scriptlinenum>
</errorentry>

<errorentry>
	<datetime>2018-01-11 11:40:16</datetime>
	<errornum>E_NOTICE</errornum>
	<errormsg>Undefined index:  2 and 5=6 union select 0x5E5B7D7E,0x5E5B7D7E,0x5E5B7D7E,0x5E5B7D7E,0x5E5B7D7E,0x5E5B7D7E,0x5E5B7D7E,0x5E5B7D7E,0x5E5B7D7E,0x5E5B7D7E,0x5E5B7D7E,0x5E5B7D7E,0x5E5B7D7E,0x5E5B7D7E,0x5E5B7D7E,0x5E5B7D7E,0x5E5B7D7E,0x5E5B7D7E,0x5E5B7D7E,0x5E5B7D7E,0x5E5B7D7E,0x5E5B7D7E,0x5E5B7D7E,0x5E5B7D7E,0x5E5B7D7E,0x5E5B7D7E,0x5E5B7D7E,0x5E5B7D7E,0x5E5B7D7E,0x5E5B7D7E,0x5E5B7D7E,0x5E5B7D7E,0x5E5B7D7E,0x5E5B7D7E,0x5E5B7D7E,0x5E5B7D7E,0x5E5B7D7E,0x5E5B7D7E,0x5E5B7D7E,0x5E5B7D7E --</errormsg>
	<scriptname>/mod/art/class.art.php</scriptname>
	<scriptlinenum>2230</scriptlinenum>
</errorentry>

<errorentry>
	<datetime>2018-01-11 11:40:17</datetime>
	<errornum>E_NOTICE</errornum>
	<errormsg>Undefined index:  2' and 5=6 union select 0x5E5B7D7E,0x5E5B7D7E,0x5E5B7D7E,0x5E5B7D7E,0x5E5B7D7E,0x5E5B7D7E,0x5E5B7D7E,0x5E5B7D7E,0x5E5B7D7E,0x5E5B7D7E,0x5E5B7D7E,0x5E5B7D7E,0x5E5B7D7E,0x5E5B7D7E,0x5E5B7D7E,0x5E5B7D7E,0x5E5B7D7E,0x5E5B7D7E,0x5E5B7D7E,0x5E5B7D7E,0x5E5B7D7E,0x5E5B7D7E,0x5E5B7D7E,0x5E5B7D7E,0x5E5B7D7E,0x5E5B7D7E,0x5E5B7D7E,0x5E5B7D7E,0x5E5B7D7E,0x5E5B7D7E,0x5E5B7D7E,0x5E5B7D7E,0x5E5B7D7E,0x5E5B7D7E,0x5E5B7D7E,0x5E5B7D7E,0x5E5B7D7E,0x5E5B7D7E,0x5E5B7D7E,0x5E5B7D7E -- And '6'='6</errormsg>
	<scriptname>/mod/art/class.art.php</scriptname>
	<scriptlinenum>2230</scriptlinenum>
</errorentry>

<errorentry>
	<datetime>2018-01-11 11:40:18</datetime>
	<errornum>E_NOTICE</errornum>
	<errormsg>Undefined index:  2 and 5=6 union select 0x5E5B7D7E,0x5E5B7D7E,0x5E5B7D7E,0x5E5B7D7E,0x5E5B7D7E,0x5E5B7D7E,0x5E5B7D7E,0x5E5B7D7E,0x5E5B7D7E,0x5E5B7D7E,0x5E5B7D7E,0x5E5B7D7E,0x5E5B7D7E,0x5E5B7D7E,0x5E5B7D7E,0x5E5B7D7E,0x5E5B7D7E,0x5E5B7D7E,0x5E5B7D7E,0x5E5B7D7E,0x5E5B7D7E,0x5E5B7D7E,0x5E5B7D7E,0x5E5B7D7E,0x5E5B7D7E,0x5E5B7D7E,0x5E5B7D7E,0x5E5B7D7E,0x5E5B7D7E,0x5E5B7D7E,0x5E5B7D7E,0x5E5B7D7E,0x5E5B7D7E,0x5E5B7D7E,0x5E5B7D7E,0x5E5B7D7E,0x5E5B7D7E,0x5E5B7D7E,0x5E5B7D7E,0x5E5B7D7E,0x5E5B7D7E --</errormsg>
	<scriptname>/mod/art/class.art.php</scriptname>
	<scriptlinenum>2230</scriptlinenum>
</errorentry>

<errorentry>
	<datetime>2018-01-11 11:40:20</datetime>
	<errornum>E_NOTICE</errornum>
	<errormsg>Undefined index:  2' and 5=6 union select 0x5E5B7D7E,0x5E5B7D7E,0x5E5B7D7E,0x5E5B7D7E,0x5E5B7D7E,0x5E5B7D7E,0x5E5B7D7E,0x5E5B7D7E,0x5E5B7D7E,0x5E5B7D7E,0x5E5B7D7E,0x5E5B7D7E,0x5E5B7D7E,0x5E5B7D7E,0x5E5B7D7E,0x5E5B7D7E,0x5E5B7D7E,0x5E5B7D7E,0x5E5B7D7E,0x5E5B7D7E,0x5E5B7D7E,0x5E5B7D7E,0x5E5B7D7E,0x5E5B7D7E,0x5E5B7D7E,0x5E5B7D7E,0x5E5B7D7E,0x5E5B7D7E,0x5E5B7D7E,0x5E5B7D7E,0x5E5B7D7E,0x5E5B7D7E,0x5E5B7D7E,0x5E5B7D7E,0x5E5B7D7E,0x5E5B7D7E,0x5E5B7D7E,0x5E5B7D7E,0x5E5B7D7E,0x5E5B7D7E,0x5E5B7D7E -- And '6'='6</errormsg>
	<scriptname>/mod/art/class.art.php</scriptname>
	<scriptlinenum>2230</scriptlinenum>
</errorentry>

<errorentry>
	<datetime>2018-01-11 11:40:22</datetime>
	<errornum>E_NOTICE</errornum>
	<errormsg>Undefined index:  2 and 5=6 union select 0x5E5B7D7E,0x5E5B7D7E,0x5E5B7D7E,0x5E5B7D7E,0x5E5B7D7E,0x5E5B7D7E,0x5E5B7D7E,0x5E5B7D7E,0x5E5B7D7E,0x5E5B7D7E,0x5E5B7D7E,0x5E5B7D7E,0x5E5B7D7E,0x5E5B7D7E,0x5E5B7D7E,0x5E5B7D7E,0x5E5B7D7E,0x5E5B7D7E,0x5E5B7D7E,0x5E5B7D7E,0x5E5B7D7E,0x5E5B7D7E,0x5E5B7D7E,0x5E5B7D7E,0x5E5B7D7E,0x5E5B7D7E,0x5E5B7D7E,0x5E5B7D7E,0x5E5B7D7E,0x5E5B7D7E,0x5E5B7D7E,0x5E5B7D7E,0x5E5B7D7E,0x5E5B7D7E,0x5E5B7D7E,0x5E5B7D7E,0x5E5B7D7E,0x5E5B7D7E,0x5E5B7D7E,0x5E5B7D7E,0x5E5B7D7E,0x5E5B7D7E --</errormsg>
	<scriptname>/mod/art/class.art.php</scriptname>
	<scriptlinenum>2230</scriptlinenum>
</errorentry>

<errorentry>
	<datetime>2018-01-11 11:40:23</datetime>
	<errornum>E_NOTICE</errornum>
	<errormsg>Undefined index:  2' and 5=6 union select 0x5E5B7D7E,0x5E5B7D7E,0x5E5B7D7E,0x5E5B7D7E,0x5E5B7D7E,0x5E5B7D7E,0x5E5B7D7E,0x5E5B7D7E,0x5E5B7D7E,0x5E5B7D7E,0x5E5B7D7E,0x5E5B7D7E,0x5E5B7D7E,0x5E5B7D7E,0x5E5B7D7E,0x5E5B7D7E,0x5E5B7D7E,0x5E5B7D7E,0x5E5B7D7E,0x5E5B7D7E,0x5E5B7D7E,0x5E5B7D7E,0x5E5B7D7E,0x5E5B7D7E,0x5E5B7D7E,0x5E5B7D7E,0x5E5B7D7E,0x5E5B7D7E,0x5E5B7D7E,0x5E5B7D7E,0x5E5B7D7E,0x5E5B7D7E,0x5E5B7D7E,0x5E5B7D7E,0x5E5B7D7E,0x5E5B7D7E,0x5E5B7D7E,0x5E5B7D7E,0x5E5B7D7E,0x5E5B7D7E,0x5E5B7D7E,0x5E5B7D7E -- And '6'='6</errormsg>
	<scriptname>/mod/art/class.art.php</scriptname>
	<scriptlinenum>2230</scriptlinenum>
</errorentry>

<errorentry>
	<datetime>2018-01-11 11:40:25</datetime>
	<errornum>E_NOTICE</errornum>
	<errormsg>Undefined index:  2 and 5=6 union select 0x5E5B7D7E,0x5E5B7D7E,0x5E5B7D7E,0x5E5B7D7E,0x5E5B7D7E,0x5E5B7D7E,0x5E5B7D7E,0x5E5B7D7E,0x5E5B7D7E,0x5E5B7D7E,0x5E5B7D7E,0x5E5B7D7E,0x5E5B7D7E,0x5E5B7D7E,0x5E5B7D7E,0x5E5B7D7E,0x5E5B7D7E,0x5E5B7D7E,0x5E5B7D7E,0x5E5B7D7E,0x5E5B7D7E,0x5E5B7D7E,0x5E5B7D7E,0x5E5B7D7E,0x5E5B7D7E,0x5E5B7D7E,0x5E5B7D7E,0x5E5B7D7E,0x5E5B7D7E,0x5E5B7D7E,0x5E5B7D7E,0x5E5B7D7E,0x5E5B7D7E,0x5E5B7D7E,0x5E5B7D7E,0x5E5B7D7E,0x5E5B7D7E,0x5E5B7D7E,0x5E5B7D7E,0x5E5B7D7E,0x5E5B7D7E,0x5E5B7D7E,0x5E5B7D7E --</errormsg>
	<scriptname>/mod/art/class.art.php</scriptname>
	<scriptlinenum>2230</scriptlinenum>
</errorentry>

<errorentry>
	<datetime>2018-01-11 11:40:27</datetime>
	<errornum>E_NOTICE</errornum>
	<errormsg>Undefined index:  2' and 5=6 union select 0x5E5B7D7E,0x5E5B7D7E,0x5E5B7D7E,0x5E5B7D7E,0x5E5B7D7E,0x5E5B7D7E,0x5E5B7D7E,0x5E5B7D7E,0x5E5B7D7E,0x5E5B7D7E,0x5E5B7D7E,0x5E5B7D7E,0x5E5B7D7E,0x5E5B7D7E,0x5E5B7D7E,0x5E5B7D7E,0x5E5B7D7E,0x5E5B7D7E,0x5E5B7D7E,0x5E5B7D7E,0x5E5B7D7E,0x5E5B7D7E,0x5E5B7D7E,0x5E5B7D7E,0x5E5B7D7E,0x5E5B7D7E,0x5E5B7D7E,0x5E5B7D7E,0x5E5B7D7E,0x5E5B7D7E,0x5E5B7D7E,0x5E5B7D7E,0x5E5B7D7E,0x5E5B7D7E,0x5E5B7D7E,0x5E5B7D7E,0x5E5B7D7E,0x5E5B7D7E,0x5E5B7D7E,0x5E5B7D7E,0x5E5B7D7E,0x5E5B7D7E,0x5E5B7D7E -- And '6'='6</errormsg>
	<scriptname>/mod/art/class.art.php</scriptname>
	<scriptlinenum>2230</scriptlinenum>
</errorentry>

<errorentry>
	<datetime>2018-01-11 11:40:33</datetime>
	<errornum>E_NOTICE</errornum>
	<errormsg>Undefined index:  2 and 5=6 union select 0x5E5B7D7E,0x5E5B7D7E,0x5E5B7D7E,0x5E5B7D7E,0x5E5B7D7E,0x5E5B7D7E,0x5E5B7D7E,0x5E5B7D7E,0x5E5B7D7E,0x5E5B7D7E,0x5E5B7D7E,0x5E5B7D7E,0x5E5B7D7E,0x5E5B7D7E,0x5E5B7D7E,0x5E5B7D7E,0x5E5B7D7E,0x5E5B7D7E,0x5E5B7D7E,0x5E5B7D7E,0x5E5B7D7E,0x5E5B7D7E,0x5E5B7D7E,0x5E5B7D7E,0x5E5B7D7E,0x5E5B7D7E,0x5E5B7D7E,0x5E5B7D7E,0x5E5B7D7E,0x5E5B7D7E,0x5E5B7D7E,0x5E5B7D7E,0x5E5B7D7E,0x5E5B7D7E,0x5E5B7D7E,0x5E5B7D7E,0x5E5B7D7E,0x5E5B7D7E,0x5E5B7D7E,0x5E5B7D7E,0x5E5B7D7E,0x5E5B7D7E,0x5E5B7D7E,0x5E5B7D7E --</errormsg>
	<scriptname>/mod/art/class.art.php</scriptname>
	<scriptlinenum>2230</scriptlinenum>
</errorentry>

<errorentry>
	<datetime>2018-01-11 11:40:36</datetime>
	<errornum>E_NOTICE</errornum>
	<errormsg>Undefined index:  2' and 5=6 union select 0x5E5B7D7E,0x5E5B7D7E,0x5E5B7D7E,0x5E5B7D7E,0x5E5B7D7E,0x5E5B7D7E,0x5E5B7D7E,0x5E5B7D7E,0x5E5B7D7E,0x5E5B7D7E,0x5E5B7D7E,0x5E5B7D7E,0x5E5B7D7E,0x5E5B7D7E,0x5E5B7D7E,0x5E5B7D7E,0x5E5B7D7E,0x5E5B7D7E,0x5E5B7D7E,0x5E5B7D7E,0x5E5B7D7E,0x5E5B7D7E,0x5E5B7D7E,0x5E5B7D7E,0x5E5B7D7E,0x5E5B7D7E,0x5E5B7D7E,0x5E5B7D7E,0x5E5B7D7E,0x5E5B7D7E,0x5E5B7D7E,0x5E5B7D7E,0x5E5B7D7E,0x5E5B7D7E,0x5E5B7D7E,0x5E5B7D7E,0x5E5B7D7E,0x5E5B7D7E,0x5E5B7D7E,0x5E5B7D7E,0x5E5B7D7E,0x5E5B7D7E,0x5E5B7D7E,0x5E5B7D7E -- And '6'='6</errormsg>
	<scriptname>/mod/art/class.art.php</scriptname>
	<scriptlinenum>2230</scriptlinenum>
</errorentry>

<errorentry>
	<datetime>2018-01-11 11:40:38</datetime>
	<errornum>E_NOTICE</errornum>
	<errormsg>Undefined index:  2 and 5=6 union select 0x5E5B7D7E,0x5E5B7D7E,0x5E5B7D7E,0x5E5B7D7E,0x5E5B7D7E,0x5E5B7D7E,0x5E5B7D7E,0x5E5B7D7E,0x5E5B7D7E,0x5E5B7D7E,0x5E5B7D7E,0x5E5B7D7E,0x5E5B7D7E,0x5E5B7D7E,0x5E5B7D7E,0x5E5B7D7E,0x5E5B7D7E,0x5E5B7D7E,0x5E5B7D7E,0x5E5B7D7E,0x5E5B7D7E,0x5E5B7D7E,0x5E5B7D7E,0x5E5B7D7E,0x5E5B7D7E,0x5E5B7D7E,0x5E5B7D7E,0x5E5B7D7E,0x5E5B7D7E,0x5E5B7D7E,0x5E5B7D7E,0x5E5B7D7E,0x5E5B7D7E,0x5E5B7D7E,0x5E5B7D7E,0x5E5B7D7E,0x5E5B7D7E,0x5E5B7D7E,0x5E5B7D7E,0x5E5B7D7E,0x5E5B7D7E,0x5E5B7D7E,0x5E5B7D7E,0x5E5B7D7E,0x5E5B7D7E --</errormsg>
	<scriptname>/mod/art/class.art.php</scriptname>
	<scriptlinenum>2230</scriptlinenum>
</errorentry>

<errorentry>
	<datetime>2018-01-11 11:40:39</datetime>
	<errornum>E_NOTICE</errornum>
	<errormsg>Undefined index:  2' and 5=6 union select 0x5E5B7D7E,0x5E5B7D7E,0x5E5B7D7E,0x5E5B7D7E,0x5E5B7D7E,0x5E5B7D7E,0x5E5B7D7E,0x5E5B7D7E,0x5E5B7D7E,0x5E5B7D7E,0x5E5B7D7E,0x5E5B7D7E,0x5E5B7D7E,0x5E5B7D7E,0x5E5B7D7E,0x5E5B7D7E,0x5E5B7D7E,0x5E5B7D7E,0x5E5B7D7E,0x5E5B7D7E,0x5E5B7D7E,0x5E5B7D7E,0x5E5B7D7E,0x5E5B7D7E,0x5E5B7D7E,0x5E5B7D7E,0x5E5B7D7E,0x5E5B7D7E,0x5E5B7D7E,0x5E5B7D7E,0x5E5B7D7E,0x5E5B7D7E,0x5E5B7D7E,0x5E5B7D7E,0x5E5B7D7E,0x5E5B7D7E,0x5E5B7D7E,0x5E5B7D7E,0x5E5B7D7E,0x5E5B7D7E,0x5E5B7D7E,0x5E5B7D7E,0x5E5B7D7E,0x5E5B7D7E,0x5E5B7D7E -- And '6'='6</errormsg>
	<scriptname>/mod/art/class.art.php</scriptname>
	<scriptlinenum>2230</scriptlinenum>
</errorentry>

<errorentry>
	<datetime>2018-01-11 11:40:42</datetime>
	<errornum>E_NOTICE</errornum>
	<errormsg>Undefined index:  2 and 5=6 union select 0x5E5B7D7E,0x5E5B7D7E,0x5E5B7D7E,0x5E5B7D7E,0x5E5B7D7E,0x5E5B7D7E,0x5E5B7D7E,0x5E5B7D7E,0x5E5B7D7E,0x5E5B7D7E,0x5E5B7D7E,0x5E5B7D7E,0x5E5B7D7E,0x5E5B7D7E,0x5E5B7D7E,0x5E5B7D7E,0x5E5B7D7E,0x5E5B7D7E,0x5E5B7D7E,0x5E5B7D7E,0x5E5B7D7E,0x5E5B7D7E,0x5E5B7D7E,0x5E5B7D7E,0x5E5B7D7E,0x5E5B7D7E,0x5E5B7D7E,0x5E5B7D7E,0x5E5B7D7E,0x5E5B7D7E,0x5E5B7D7E,0x5E5B7D7E,0x5E5B7D7E,0x5E5B7D7E,0x5E5B7D7E,0x5E5B7D7E,0x5E5B7D7E,0x5E5B7D7E,0x5E5B7D7E,0x5E5B7D7E,0x5E5B7D7E,0x5E5B7D7E,0x5E5B7D7E,0x5E5B7D7E,0x5E5B7D7E,0x5E5B7D7E --</errormsg>
	<scriptname>/mod/art/class.art.php</scriptname>
	<scriptlinenum>2230</scriptlinenum>
</errorentry>

<errorentry>
	<datetime>2018-01-11 11:40:43</datetime>
	<errornum>E_NOTICE</errornum>
	<errormsg>Undefined index:  2' and 5=6 union select 0x5E5B7D7E,0x5E5B7D7E,0x5E5B7D7E,0x5E5B7D7E,0x5E5B7D7E,0x5E5B7D7E,0x5E5B7D7E,0x5E5B7D7E,0x5E5B7D7E,0x5E5B7D7E,0x5E5B7D7E,0x5E5B7D7E,0x5E5B7D7E,0x5E5B7D7E,0x5E5B7D7E,0x5E5B7D7E,0x5E5B7D7E,0x5E5B7D7E,0x5E5B7D7E,0x5E5B7D7E,0x5E5B7D7E,0x5E5B7D7E,0x5E5B7D7E,0x5E5B7D7E,0x5E5B7D7E,0x5E5B7D7E,0x5E5B7D7E,0x5E5B7D7E,0x5E5B7D7E,0x5E5B7D7E,0x5E5B7D7E,0x5E5B7D7E,0x5E5B7D7E,0x5E5B7D7E,0x5E5B7D7E,0x5E5B7D7E,0x5E5B7D7E,0x5E5B7D7E,0x5E5B7D7E,0x5E5B7D7E,0x5E5B7D7E,0x5E5B7D7E,0x5E5B7D7E,0x5E5B7D7E,0x5E5B7D7E,0x5E5B7D7E -- And '6'='6</errormsg>
	<scriptname>/mod/art/class.art.php</scriptname>
	<scriptlinenum>2230</scriptlinenum>
</errorentry>

<errorentry>
	<datetime>2018-01-11 11:40:45</datetime>
	<errornum>E_NOTICE</errornum>
	<errormsg>Undefined index:  2 and 5=6 union select 0x5E5B7D7E,0x5E5B7D7E,0x5E5B7D7E,0x5E5B7D7E,0x5E5B7D7E,0x5E5B7D7E,0x5E5B7D7E,0x5E5B7D7E,0x5E5B7D7E,0x5E5B7D7E,0x5E5B7D7E,0x5E5B7D7E,0x5E5B7D7E,0x5E5B7D7E,0x5E5B7D7E,0x5E5B7D7E,0x5E5B7D7E,0x5E5B7D7E,0x5E5B7D7E,0x5E5B7D7E,0x5E5B7D7E,0x5E5B7D7E,0x5E5B7D7E,0x5E5B7D7E,0x5E5B7D7E,0x5E5B7D7E,0x5E5B7D7E,0x5E5B7D7E,0x5E5B7D7E,0x5E5B7D7E,0x5E5B7D7E,0x5E5B7D7E,0x5E5B7D7E,0x5E5B7D7E,0x5E5B7D7E,0x5E5B7D7E,0x5E5B7D7E,0x5E5B7D7E,0x5E5B7D7E,0x5E5B7D7E,0x5E5B7D7E,0x5E5B7D7E,0x5E5B7D7E,0x5E5B7D7E,0x5E5B7D7E,0x5E5B7D7E,0x5E5B7D7E --</errormsg>
	<scriptname>/mod/art/class.art.php</scriptname>
	<scriptlinenum>2230</scriptlinenum>
</errorentry>

<errorentry>
	<datetime>2018-01-11 11:40:47</datetime>
	<errornum>E_NOTICE</errornum>
	<errormsg>Undefined index:  2' and 5=6 union select 0x5E5B7D7E,0x5E5B7D7E,0x5E5B7D7E,0x5E5B7D7E,0x5E5B7D7E,0x5E5B7D7E,0x5E5B7D7E,0x5E5B7D7E,0x5E5B7D7E,0x5E5B7D7E,0x5E5B7D7E,0x5E5B7D7E,0x5E5B7D7E,0x5E5B7D7E,0x5E5B7D7E,0x5E5B7D7E,0x5E5B7D7E,0x5E5B7D7E,0x5E5B7D7E,0x5E5B7D7E,0x5E5B7D7E,0x5E5B7D7E,0x5E5B7D7E,0x5E5B7D7E,0x5E5B7D7E,0x5E5B7D7E,0x5E5B7D7E,0x5E5B7D7E,0x5E5B7D7E,0x5E5B7D7E,0x5E5B7D7E,0x5E5B7D7E,0x5E5B7D7E,0x5E5B7D7E,0x5E5B7D7E,0x5E5B7D7E,0x5E5B7D7E,0x5E5B7D7E,0x5E5B7D7E,0x5E5B7D7E,0x5E5B7D7E,0x5E5B7D7E,0x5E5B7D7E,0x5E5B7D7E,0x5E5B7D7E,0x5E5B7D7E,0x5E5B7D7E -- And '6'='6</errormsg>
	<scriptname>/mod/art/class.art.php</scriptname>
	<scriptlinenum>2230</scriptlinenum>
</errorentry>

<errorentry>
	<datetime>2018-01-11 11:40:48</datetime>
	<errornum>E_NOTICE</errornum>
	<errormsg>Undefined index:  2 and 5=6 union select 0x5E5B7D7E,0x5E5B7D7E,0x5E5B7D7E,0x5E5B7D7E,0x5E5B7D7E,0x5E5B7D7E,0x5E5B7D7E,0x5E5B7D7E,0x5E5B7D7E,0x5E5B7D7E,0x5E5B7D7E,0x5E5B7D7E,0x5E5B7D7E,0x5E5B7D7E,0x5E5B7D7E,0x5E5B7D7E,0x5E5B7D7E,0x5E5B7D7E,0x5E5B7D7E,0x5E5B7D7E,0x5E5B7D7E,0x5E5B7D7E,0x5E5B7D7E,0x5E5B7D7E,0x5E5B7D7E,0x5E5B7D7E,0x5E5B7D7E,0x5E5B7D7E,0x5E5B7D7E,0x5E5B7D7E,0x5E5B7D7E,0x5E5B7D7E,0x5E5B7D7E,0x5E5B7D7E,0x5E5B7D7E,0x5E5B7D7E,0x5E5B7D7E,0x5E5B7D7E,0x5E5B7D7E,0x5E5B7D7E,0x5E5B7D7E,0x5E5B7D7E,0x5E5B7D7E,0x5E5B7D7E,0x5E5B7D7E,0x5E5B7D7E,0x5E5B7D7E,0x5E5B7D7E --</errormsg>
	<scriptname>/mod/art/class.art.php</scriptname>
	<scriptlinenum>2230</scriptlinenum>
</errorentry>

<errorentry>
	<datetime>2018-01-11 11:40:50</datetime>
	<errornum>E_NOTICE</errornum>
	<errormsg>Undefined index:  2' and 5=6 union select 0x5E5B7D7E,0x5E5B7D7E,0x5E5B7D7E,0x5E5B7D7E,0x5E5B7D7E,0x5E5B7D7E,0x5E5B7D7E,0x5E5B7D7E,0x5E5B7D7E,0x5E5B7D7E,0x5E5B7D7E,0x5E5B7D7E,0x5E5B7D7E,0x5E5B7D7E,0x5E5B7D7E,0x5E5B7D7E,0x5E5B7D7E,0x5E5B7D7E,0x5E5B7D7E,0x5E5B7D7E,0x5E5B7D7E,0x5E5B7D7E,0x5E5B7D7E,0x5E5B7D7E,0x5E5B7D7E,0x5E5B7D7E,0x5E5B7D7E,0x5E5B7D7E,0x5E5B7D7E,0x5E5B7D7E,0x5E5B7D7E,0x5E5B7D7E,0x5E5B7D7E,0x5E5B7D7E,0x5E5B7D7E,0x5E5B7D7E,0x5E5B7D7E,0x5E5B7D7E,0x5E5B7D7E,0x5E5B7D7E,0x5E5B7D7E,0x5E5B7D7E,0x5E5B7D7E,0x5E5B7D7E,0x5E5B7D7E,0x5E5B7D7E,0x5E5B7D7E,0x5E5B7D7E -- And '6'='6</errormsg>
	<scriptname>/mod/art/class.art.php</scriptname>
	<scriptlinenum>2230</scriptlinenum>
</errorentry>

<errorentry>
	<datetime>2018-01-11 11:40:51</datetime>
	<errornum>E_NOTICE</errornum>
	<errormsg>Undefined index:  2 and 5=6 union select 0x5E5B7D7E,0x5E5B7D7E,0x5E5B7D7E,0x5E5B7D7E,0x5E5B7D7E,0x5E5B7D7E,0x5E5B7D7E,0x5E5B7D7E,0x5E5B7D7E,0x5E5B7D7E,0x5E5B7D7E,0x5E5B7D7E,0x5E5B7D7E,0x5E5B7D7E,0x5E5B7D7E,0x5E5B7D7E,0x5E5B7D7E,0x5E5B7D7E,0x5E5B7D7E,0x5E5B7D7E,0x5E5B7D7E,0x5E5B7D7E,0x5E5B7D7E,0x5E5B7D7E,0x5E5B7D7E,0x5E5B7D7E,0x5E5B7D7E,0x5E5B7D7E,0x5E5B7D7E,0x5E5B7D7E,0x5E5B7D7E,0x5E5B7D7E,0x5E5B7D7E,0x5E5B7D7E,0x5E5B7D7E,0x5E5B7D7E,0x5E5B7D7E,0x5E5B7D7E,0x5E5B7D7E,0x5E5B7D7E,0x5E5B7D7E,0x5E5B7D7E,0x5E5B7D7E,0x5E5B7D7E,0x5E5B7D7E,0x5E5B7D7E,0x5E5B7D7E,0x5E5B7D7E,0x5E5B7D7E --</errormsg>
	<scriptname>/mod/art/class.art.php</scriptname>
	<scriptlinenum>2230</scriptlinenum>
</errorentry>

<errorentry>
	<datetime>2018-01-11 11:40:53</datetime>
	<errornum>E_NOTICE</errornum>
	<errormsg>Undefined index:  2' and 5=6 union select 0x5E5B7D7E,0x5E5B7D7E,0x5E5B7D7E,0x5E5B7D7E,0x5E5B7D7E,0x5E5B7D7E,0x5E5B7D7E,0x5E5B7D7E,0x5E5B7D7E,0x5E5B7D7E,0x5E5B7D7E,0x5E5B7D7E,0x5E5B7D7E,0x5E5B7D7E,0x5E5B7D7E,0x5E5B7D7E,0x5E5B7D7E,0x5E5B7D7E,0x5E5B7D7E,0x5E5B7D7E,0x5E5B7D7E,0x5E5B7D7E,0x5E5B7D7E,0x5E5B7D7E,0x5E5B7D7E,0x5E5B7D7E,0x5E5B7D7E,0x5E5B7D7E,0x5E5B7D7E,0x5E5B7D7E,0x5E5B7D7E,0x5E5B7D7E,0x5E5B7D7E,0x5E5B7D7E,0x5E5B7D7E,0x5E5B7D7E,0x5E5B7D7E,0x5E5B7D7E,0x5E5B7D7E,0x5E5B7D7E,0x5E5B7D7E,0x5E5B7D7E,0x5E5B7D7E,0x5E5B7D7E,0x5E5B7D7E,0x5E5B7D7E,0x5E5B7D7E,0x5E5B7D7E,0x5E5B7D7E -- And '6'='6</errormsg>
	<scriptname>/mod/art/class.art.php</scriptname>
	<scriptlinenum>2230</scriptlinenum>
</errorentry>

<errorentry>
	<datetime>2018-01-11 11:40:54</datetime>
	<errornum>E_NOTICE</errornum>
	<errormsg>Undefined index:  2 and 5=6 union select 0x5E5B7D7E,0x5E5B7D7E,0x5E5B7D7E,0x5E5B7D7E,0x5E5B7D7E,0x5E5B7D7E,0x5E5B7D7E,0x5E5B7D7E,0x5E5B7D7E,0x5E5B7D7E,0x5E5B7D7E,0x5E5B7D7E,0x5E5B7D7E,0x5E5B7D7E,0x5E5B7D7E,0x5E5B7D7E,0x5E5B7D7E,0x5E5B7D7E,0x5E5B7D7E,0x5E5B7D7E,0x5E5B7D7E,0x5E5B7D7E,0x5E5B7D7E,0x5E5B7D7E,0x5E5B7D7E,0x5E5B7D7E,0x5E5B7D7E,0x5E5B7D7E,0x5E5B7D7E,0x5E5B7D7E,0x5E5B7D7E,0x5E5B7D7E,0x5E5B7D7E,0x5E5B7D7E,0x5E5B7D7E,0x5E5B7D7E,0x5E5B7D7E,0x5E5B7D7E,0x5E5B7D7E,0x5E5B7D7E,0x5E5B7D7E,0x5E5B7D7E,0x5E5B7D7E,0x5E5B7D7E,0x5E5B7D7E,0x5E5B7D7E,0x5E5B7D7E,0x5E5B7D7E,0x5E5B7D7E,0x5E5B7D7E --</errormsg>
	<scriptname>/mod/art/class.art.php</scriptname>
	<scriptlinenum>2230</scriptlinenum>
</errorentry>

<errorentry>
	<datetime>2018-01-11 11:40:56</datetime>
	<errornum>E_NOTICE</errornum>
	<errormsg>Undefined index:  2' and 5=6 union select 0x5E5B7D7E,0x5E5B7D7E,0x5E5B7D7E,0x5E5B7D7E,0x5E5B7D7E,0x5E5B7D7E,0x5E5B7D7E,0x5E5B7D7E,0x5E5B7D7E,0x5E5B7D7E,0x5E5B7D7E,0x5E5B7D7E,0x5E5B7D7E,0x5E5B7D7E,0x5E5B7D7E,0x5E5B7D7E,0x5E5B7D7E,0x5E5B7D7E,0x5E5B7D7E,0x5E5B7D7E,0x5E5B7D7E,0x5E5B7D7E,0x5E5B7D7E,0x5E5B7D7E,0x5E5B7D7E,0x5E5B7D7E,0x5E5B7D7E,0x5E5B7D7E,0x5E5B7D7E,0x5E5B7D7E,0x5E5B7D7E,0x5E5B7D7E,0x5E5B7D7E,0x5E5B7D7E,0x5E5B7D7E,0x5E5B7D7E,0x5E5B7D7E,0x5E5B7D7E,0x5E5B7D7E,0x5E5B7D7E,0x5E5B7D7E,0x5E5B7D7E,0x5E5B7D7E,0x5E5B7D7E,0x5E5B7D7E,0x5E5B7D7E,0x5E5B7D7E,0x5E5B7D7E,0x5E5B7D7E,0x5E5B7D7E -- And '6'='6</errormsg>
	<scriptname>/mod/art/class.art.php</scriptname>
	<scriptlinenum>2230</scriptlinenum>
</errorentry>

