<errorentry>
	<datetime>2019-09-28 03:30:11</datetime>
	<errornum>E_NOTICE</errornum>
	<errormsg>Undefined index: 6'</errormsg>
	<scriptname>/mod/art/class.art.php</scriptname>
	<scriptlinenum>2230</scriptlinenum>
</errorentry>

<errorentry>
	<datetime>2019-09-28 03:44:17</datetime>
	<errornum>E_NOTICE</errornum>
	<errormsg>Undefined index: 6'</errormsg>
	<scriptname>/mod/art/class.art.php</scriptname>
	<scriptlinenum>2230</scriptlinenum>
</errorentry>

<errorentry>
	<datetime>2019-09-28 05:06:15</datetime>
	<errornum>E_NOTICE</errornum>
	<errormsg>Undefined index: 3/wp-login.php?d=d3cc4a</errormsg>
	<scriptname>/mod/art/class.art.php</scriptname>
	<scriptlinenum>2230</scriptlinenum>
</errorentry>

