<errorentry>
	<datetime>2021-12-14 06:21:42</datetime>
	<errornum>E_WARNING</errornum>
	<errormsg>A non-numeric value encountered</errormsg>
	<scriptname>/mod/art/class.art.php</scriptname>
	<scriptlinenum>247</scriptlinenum>
</errorentry>

<errorentry>
	<datetime>2021-12-14 07:10:07</datetime>
	<errornum>E_WARNING</errornum>
	<errormsg>A non-numeric value encountered</errormsg>
	<scriptname>/mod/art/class.art.php</scriptname>
	<scriptlinenum>247</scriptlinenum>
</errorentry>

<errorentry>
	<datetime>2021-12-14 08:42:09</datetime>
	<errornum>E_WARNING</errornum>
	<errormsg>A non-numeric value encountered</errormsg>
	<scriptname>/mod/art/class.art.php</scriptname>
	<scriptlinenum>247</scriptlinenum>
</errorentry>

<errorentry>
	<datetime>2021-12-14 12:03:49</datetime>
	<errornum>E_WARNING</errornum>
	<errormsg>A non-numeric value encountered</errormsg>
	<scriptname>/mod/art/class.art.php</scriptname>
	<scriptlinenum>247</scriptlinenum>
</errorentry>

<errorentry>
	<datetime>2021-12-14 12:05:15</datetime>
	<errornum>E_WARNING</errornum>
	<errormsg>A non-numeric value encountered</errormsg>
	<scriptname>/mod/art/class.art.php</scriptname>
	<scriptlinenum>247</scriptlinenum>
</errorentry>

<errorentry>
	<datetime>2021-12-14 12:42:32</datetime>
	<errornum>E_WARNING</errornum>
	<errormsg>A non-numeric value encountered</errormsg>
	<scriptname>/mod/art/class.art.php</scriptname>
	<scriptlinenum>247</scriptlinenum>
</errorentry>

<errorentry>
	<datetime>2021-12-14 12:48:24</datetime>
	<errornum>E_WARNING</errornum>
	<errormsg>A non-numeric value encountered</errormsg>
	<scriptname>/mod/art/class.art.php</scriptname>
	<scriptlinenum>247</scriptlinenum>
</errorentry>

<errorentry>
	<datetime>2021-12-14 12:59:57</datetime>
	<errornum>E_WARNING</errornum>
	<errormsg>A non-numeric value encountered</errormsg>
	<scriptname>/mod/art/class.art.php</scriptname>
	<scriptlinenum>247</scriptlinenum>
</errorentry>

<errorentry>
	<datetime>2021-12-14 12:59:57</datetime>
	<errornum>E_WARNING</errornum>
	<errormsg>A non-numeric value encountered</errormsg>
	<scriptname>/klasy/class.nawig.php</scriptname>
	<scriptlinenum>142</scriptlinenum>
</errorentry>

<errorentry>
	<datetime>2021-12-14 12:59:57</datetime>
	<errornum>E_WARNING</errornum>
	<errormsg>A non-numeric value encountered</errormsg>
	<scriptname>/klasy/class.nawig.php</scriptname>
	<scriptlinenum>142</scriptlinenum>
</errorentry>

<errorentry>
	<datetime>2021-12-14 12:59:57</datetime>
	<errornum>E_WARNING</errornum>
	<errormsg>A non-numeric value encountered</errormsg>
	<scriptname>/klasy/class.nawig.php</scriptname>
	<scriptlinenum>142</scriptlinenum>
</errorentry>

<errorentry>
	<datetime>2021-12-14 12:59:57</datetime>
	<errornum>E_WARNING</errornum>
	<errormsg>A non-numeric value encountered</errormsg>
	<scriptname>/klasy/class.nawig.php</scriptname>
	<scriptlinenum>142</scriptlinenum>
</errorentry>

<errorentry>
	<datetime>2021-12-14 13:00:23</datetime>
	<errornum>E_WARNING</errornum>
	<errormsg>A non-numeric value encountered</errormsg>
	<scriptname>/mod/art/class.art.php</scriptname>
	<scriptlinenum>247</scriptlinenum>
</errorentry>

<errorentry>
	<datetime>2021-12-14 13:00:23</datetime>
	<errornum>E_WARNING</errornum>
	<errormsg>A non-numeric value encountered</errormsg>
	<scriptname>/klasy/class.nawig.php</scriptname>
	<scriptlinenum>142</scriptlinenum>
</errorentry>

<errorentry>
	<datetime>2021-12-14 13:00:23</datetime>
	<errornum>E_WARNING</errornum>
	<errormsg>A non-numeric value encountered</errormsg>
	<scriptname>/klasy/class.nawig.php</scriptname>
	<scriptlinenum>142</scriptlinenum>
</errorentry>

<errorentry>
	<datetime>2021-12-14 13:00:23</datetime>
	<errornum>E_WARNING</errornum>
	<errormsg>A non-numeric value encountered</errormsg>
	<scriptname>/klasy/class.nawig.php</scriptname>
	<scriptlinenum>142</scriptlinenum>
</errorentry>

<errorentry>
	<datetime>2021-12-14 13:00:23</datetime>
	<errornum>E_WARNING</errornum>
	<errormsg>A non-numeric value encountered</errormsg>
	<scriptname>/klasy/class.nawig.php</scriptname>
	<scriptlinenum>142</scriptlinenum>
</errorentry>

<errorentry>
	<datetime>2021-12-14 13:00:26</datetime>
	<errornum>E_WARNING</errornum>
	<errormsg>A non-numeric value encountered</errormsg>
	<scriptname>/mod/art/class.art.php</scriptname>
	<scriptlinenum>247</scriptlinenum>
</errorentry>

<errorentry>
	<datetime>2021-12-14 13:00:26</datetime>
	<errornum>E_WARNING</errornum>
	<errormsg>A non-numeric value encountered</errormsg>
	<scriptname>/klasy/class.nawig.php</scriptname>
	<scriptlinenum>142</scriptlinenum>
</errorentry>

<errorentry>
	<datetime>2021-12-14 13:00:26</datetime>
	<errornum>E_WARNING</errornum>
	<errormsg>A non-numeric value encountered</errormsg>
	<scriptname>/klasy/class.nawig.php</scriptname>
	<scriptlinenum>142</scriptlinenum>
</errorentry>

<errorentry>
	<datetime>2021-12-14 13:00:26</datetime>
	<errornum>E_WARNING</errornum>
	<errormsg>A non-numeric value encountered</errormsg>
	<scriptname>/klasy/class.nawig.php</scriptname>
	<scriptlinenum>142</scriptlinenum>
</errorentry>

<errorentry>
	<datetime>2021-12-14 13:00:26</datetime>
	<errornum>E_WARNING</errornum>
	<errormsg>A non-numeric value encountered</errormsg>
	<scriptname>/klasy/class.nawig.php</scriptname>
	<scriptlinenum>142</scriptlinenum>
</errorentry>

<errorentry>
	<datetime>2021-12-14 13:00:29</datetime>
	<errornum>E_WARNING</errornum>
	<errormsg>A non-numeric value encountered</errormsg>
	<scriptname>/mod/art/class.art.php</scriptname>
	<scriptlinenum>247</scriptlinenum>
</errorentry>

<errorentry>
	<datetime>2021-12-14 13:00:29</datetime>
	<errornum>E_WARNING</errornum>
	<errormsg>A non-numeric value encountered</errormsg>
	<scriptname>/klasy/class.nawig.php</scriptname>
	<scriptlinenum>142</scriptlinenum>
</errorentry>

<errorentry>
	<datetime>2021-12-14 13:00:29</datetime>
	<errornum>E_WARNING</errornum>
	<errormsg>A non-numeric value encountered</errormsg>
	<scriptname>/klasy/class.nawig.php</scriptname>
	<scriptlinenum>142</scriptlinenum>
</errorentry>

<errorentry>
	<datetime>2021-12-14 13:00:29</datetime>
	<errornum>E_WARNING</errornum>
	<errormsg>A non-numeric value encountered</errormsg>
	<scriptname>/klasy/class.nawig.php</scriptname>
	<scriptlinenum>142</scriptlinenum>
</errorentry>

<errorentry>
	<datetime>2021-12-14 13:00:29</datetime>
	<errornum>E_WARNING</errornum>
	<errormsg>A non-numeric value encountered</errormsg>
	<scriptname>/klasy/class.nawig.php</scriptname>
	<scriptlinenum>142</scriptlinenum>
</errorentry>

<errorentry>
	<datetime>2021-12-14 13:00:31</datetime>
	<errornum>E_WARNING</errornum>
	<errormsg>A non-numeric value encountered</errormsg>
	<scriptname>/mod/art/class.art.php</scriptname>
	<scriptlinenum>247</scriptlinenum>
</errorentry>

<errorentry>
	<datetime>2021-12-14 13:00:31</datetime>
	<errornum>E_WARNING</errornum>
	<errormsg>A non-numeric value encountered</errormsg>
	<scriptname>/klasy/class.nawig.php</scriptname>
	<scriptlinenum>142</scriptlinenum>
</errorentry>

<errorentry>
	<datetime>2021-12-14 13:00:31</datetime>
	<errornum>E_WARNING</errornum>
	<errormsg>A non-numeric value encountered</errormsg>
	<scriptname>/klasy/class.nawig.php</scriptname>
	<scriptlinenum>142</scriptlinenum>
</errorentry>

<errorentry>
	<datetime>2021-12-14 13:00:31</datetime>
	<errornum>E_WARNING</errornum>
	<errormsg>A non-numeric value encountered</errormsg>
	<scriptname>/klasy/class.nawig.php</scriptname>
	<scriptlinenum>142</scriptlinenum>
</errorentry>

<errorentry>
	<datetime>2021-12-14 13:00:31</datetime>
	<errornum>E_WARNING</errornum>
	<errormsg>A non-numeric value encountered</errormsg>
	<scriptname>/klasy/class.nawig.php</scriptname>
	<scriptlinenum>142</scriptlinenum>
</errorentry>

<errorentry>
	<datetime>2021-12-14 13:22:03</datetime>
	<errornum>E_WARNING</errornum>
	<errormsg>A non-numeric value encountered</errormsg>
	<scriptname>/mod/art/class.art.php</scriptname>
	<scriptlinenum>247</scriptlinenum>
</errorentry>

<errorentry>
	<datetime>2021-12-14 14:02:46</datetime>
	<errornum>E_WARNING</errornum>
	<errormsg>A non-numeric value encountered</errormsg>
	<scriptname>/mod/art/class.art.php</scriptname>
	<scriptlinenum>247</scriptlinenum>
</errorentry>

<errorentry>
	<datetime>2021-12-14 14:34:00</datetime>
	<errornum>E_WARNING</errornum>
	<errormsg>A non-numeric value encountered</errormsg>
	<scriptname>/mod/art/class.art.php</scriptname>
	<scriptlinenum>247</scriptlinenum>
</errorentry>

<errorentry>
	<datetime>2021-12-14 15:13:36</datetime>
	<errornum>E_WARNING</errornum>
	<errormsg>A non-numeric value encountered</errormsg>
	<scriptname>/mod/art/class.art.php</scriptname>
	<scriptlinenum>247</scriptlinenum>
</errorentry>

<errorentry>
	<datetime>2021-12-14 17:41:42</datetime>
	<errornum>E_WARNING</errornum>
	<errormsg>A non-numeric value encountered</errormsg>
	<scriptname>/mod/art/class.art.php</scriptname>
	<scriptlinenum>247</scriptlinenum>
</errorentry>

<errorentry>
	<datetime>2021-12-14 17:42:21</datetime>
	<errornum>E_WARNING</errornum>
	<errormsg>A non-numeric value encountered</errormsg>
	<scriptname>/mod/art/class.art.php</scriptname>
	<scriptlinenum>247</scriptlinenum>
</errorentry>

<errorentry>
	<datetime>2021-12-14 19:06:40</datetime>
	<errornum>E_WARNING</errornum>
	<errormsg>A non-numeric value encountered</errormsg>
	<scriptname>/mod/art/class.art.php</scriptname>
	<scriptlinenum>247</scriptlinenum>
</errorentry>

<errorentry>
	<datetime>2021-12-14 19:44:55</datetime>
	<errornum>E_NOTICE</errornum>
	<errormsg>Undefined index: 2/favicon.ico</errormsg>
	<scriptname>/mod/art/class.art.php</scriptname>
	<scriptlinenum>2230</scriptlinenum>
</errorentry>

<errorentry>
	<datetime>2021-12-14 19:58:43</datetime>
	<errornum>E_WARNING</errornum>
	<errormsg>A non-numeric value encountered</errormsg>
	<scriptname>/mod/art/class.art.php</scriptname>
	<scriptlinenum>247</scriptlinenum>
</errorentry>

<errorentry>
	<datetime>2021-12-14 19:58:57</datetime>
	<errornum>E_WARNING</errornum>
	<errormsg>A non-numeric value encountered</errormsg>
	<scriptname>/mod/art/class.art.php</scriptname>
	<scriptlinenum>247</scriptlinenum>
</errorentry>

<errorentry>
	<datetime>2021-12-14 19:59:53</datetime>
	<errornum>E_WARNING</errornum>
	<errormsg>A non-numeric value encountered</errormsg>
	<scriptname>/mod/art/class.art.php</scriptname>
	<scriptlinenum>247</scriptlinenum>
</errorentry>

<errorentry>
	<datetime>2021-12-14 20:00:28</datetime>
	<errornum>E_WARNING</errornum>
	<errormsg>A non-numeric value encountered</errormsg>
	<scriptname>/mod/art/class.art.php</scriptname>
	<scriptlinenum>247</scriptlinenum>
</errorentry>

<errorentry>
	<datetime>2021-12-14 20:04:35</datetime>
	<errornum>E_WARNING</errornum>
	<errormsg>A non-numeric value encountered</errormsg>
	<scriptname>/mod/art/class.art.php</scriptname>
	<scriptlinenum>247</scriptlinenum>
</errorentry>

<errorentry>
	<datetime>2021-12-14 20:04:35</datetime>
	<errornum>E_WARNING</errornum>
	<errormsg>A non-numeric value encountered</errormsg>
	<scriptname>/mod/art/class.art.php</scriptname>
	<scriptlinenum>247</scriptlinenum>
</errorentry>

<errorentry>
	<datetime>2021-12-14 20:07:50</datetime>
	<errornum>E_WARNING</errornum>
	<errormsg>A non-numeric value encountered</errormsg>
	<scriptname>/mod/art/class.art.php</scriptname>
	<scriptlinenum>247</scriptlinenum>
</errorentry>

<errorentry>
	<datetime>2021-12-14 20:09:29</datetime>
	<errornum>E_WARNING</errornum>
	<errormsg>A non-numeric value encountered</errormsg>
	<scriptname>/mod/art/class.art.php</scriptname>
	<scriptlinenum>247</scriptlinenum>
</errorentry>

<errorentry>
	<datetime>2021-12-14 20:10:48</datetime>
	<errornum>E_WARNING</errornum>
	<errormsg>A non-numeric value encountered</errormsg>
	<scriptname>/mod/art/class.art.php</scriptname>
	<scriptlinenum>247</scriptlinenum>
</errorentry>

<errorentry>
	<datetime>2021-12-14 21:16:26</datetime>
	<errornum>E_WARNING</errornum>
	<errormsg>A non-numeric value encountered</errormsg>
	<scriptname>/mod/art/class.art.php</scriptname>
	<scriptlinenum>247</scriptlinenum>
</errorentry>

<errorentry>
	<datetime>2021-12-14 21:16:56</datetime>
	<errornum>E_WARNING</errornum>
	<errormsg>A non-numeric value encountered</errormsg>
	<scriptname>/mod/art/class.art.php</scriptname>
	<scriptlinenum>247</scriptlinenum>
</errorentry>

