<errorentry>
	<datetime>2022-07-30 00:03:14</datetime>
	<errornum>E_WARNING</errornum>
	<errormsg>A non-numeric value encountered</errormsg>
	<scriptname>/mod/art/class.art.php</scriptname>
	<scriptlinenum>247</scriptlinenum>
</errorentry>

<errorentry>
	<datetime>2022-07-30 00:05:23</datetime>
	<errornum>E_WARNING</errornum>
	<errormsg>A non-numeric value encountered</errormsg>
	<scriptname>/mod/art/class.art.php</scriptname>
	<scriptlinenum>247</scriptlinenum>
</errorentry>

<errorentry>
	<datetime>2022-07-30 00:06:02</datetime>
	<errornum>E_WARNING</errornum>
	<errormsg>A non-numeric value encountered</errormsg>
	<scriptname>/mod/art/class.art.php</scriptname>
	<scriptlinenum>247</scriptlinenum>
</errorentry>

<errorentry>
	<datetime>2022-07-30 00:06:02</datetime>
	<errornum>E_WARNING</errornum>
	<errormsg>A non-numeric value encountered</errormsg>
	<scriptname>/klasy/class.nawig.php</scriptname>
	<scriptlinenum>142</scriptlinenum>
</errorentry>

<errorentry>
	<datetime>2022-07-30 00:06:02</datetime>
	<errornum>E_WARNING</errornum>
	<errormsg>A non-numeric value encountered</errormsg>
	<scriptname>/klasy/class.nawig.php</scriptname>
	<scriptlinenum>142</scriptlinenum>
</errorentry>

<errorentry>
	<datetime>2022-07-30 00:06:02</datetime>
	<errornum>E_WARNING</errornum>
	<errormsg>A non-numeric value encountered</errormsg>
	<scriptname>/klasy/class.nawig.php</scriptname>
	<scriptlinenum>142</scriptlinenum>
</errorentry>

<errorentry>
	<datetime>2022-07-30 00:06:02</datetime>
	<errornum>E_WARNING</errornum>
	<errormsg>A non-numeric value encountered</errormsg>
	<scriptname>/klasy/class.nawig.php</scriptname>
	<scriptlinenum>142</scriptlinenum>
</errorentry>

<errorentry>
	<datetime>2022-07-30 00:06:35</datetime>
	<errornum>E_WARNING</errornum>
	<errormsg>A non-numeric value encountered</errormsg>
	<scriptname>/mod/art/class.art.php</scriptname>
	<scriptlinenum>247</scriptlinenum>
</errorentry>

<errorentry>
	<datetime>2022-07-30 00:06:35</datetime>
	<errornum>E_WARNING</errornum>
	<errormsg>A non-numeric value encountered</errormsg>
	<scriptname>/klasy/class.nawig.php</scriptname>
	<scriptlinenum>142</scriptlinenum>
</errorentry>

<errorentry>
	<datetime>2022-07-30 00:06:51</datetime>
	<errornum>E_WARNING</errornum>
	<errormsg>A non-numeric value encountered</errormsg>
	<scriptname>/mod/art/class.art.php</scriptname>
	<scriptlinenum>247</scriptlinenum>
</errorentry>

<errorentry>
	<datetime>2022-07-30 00:07:06</datetime>
	<errornum>E_WARNING</errornum>
	<errormsg>A non-numeric value encountered</errormsg>
	<scriptname>/mod/art/class.art.php</scriptname>
	<scriptlinenum>247</scriptlinenum>
</errorentry>

<errorentry>
	<datetime>2022-07-30 00:08:03</datetime>
	<errornum>E_WARNING</errornum>
	<errormsg>A non-numeric value encountered</errormsg>
	<scriptname>/mod/art/class.art.php</scriptname>
	<scriptlinenum>247</scriptlinenum>
</errorentry>

<errorentry>
	<datetime>2022-07-30 00:09:41</datetime>
	<errornum>E_WARNING</errornum>
	<errormsg>A non-numeric value encountered</errormsg>
	<scriptname>/mod/art/class.art.php</scriptname>
	<scriptlinenum>247</scriptlinenum>
</errorentry>

<errorentry>
	<datetime>2022-07-30 00:10:00</datetime>
	<errornum>E_WARNING</errornum>
	<errormsg>A non-numeric value encountered</errormsg>
	<scriptname>/mod/art/class.art.php</scriptname>
	<scriptlinenum>247</scriptlinenum>
</errorentry>

<errorentry>
	<datetime>2022-07-30 00:11:07</datetime>
	<errornum>E_WARNING</errornum>
	<errormsg>A non-numeric value encountered</errormsg>
	<scriptname>/mod/art/class.art.php</scriptname>
	<scriptlinenum>247</scriptlinenum>
</errorentry>

<errorentry>
	<datetime>2022-07-30 00:12:14</datetime>
	<errornum>E_WARNING</errornum>
	<errormsg>A non-numeric value encountered</errormsg>
	<scriptname>/mod/art/class.art.php</scriptname>
	<scriptlinenum>247</scriptlinenum>
</errorentry>

<errorentry>
	<datetime>2022-07-30 00:12:29</datetime>
	<errornum>E_WARNING</errornum>
	<errormsg>A non-numeric value encountered</errormsg>
	<scriptname>/mod/art/class.art.php</scriptname>
	<scriptlinenum>247</scriptlinenum>
</errorentry>

<errorentry>
	<datetime>2022-07-30 00:12:56</datetime>
	<errornum>E_WARNING</errornum>
	<errormsg>A non-numeric value encountered</errormsg>
	<scriptname>/mod/art/class.art.php</scriptname>
	<scriptlinenum>247</scriptlinenum>
</errorentry>

<errorentry>
	<datetime>2022-07-30 00:12:56</datetime>
	<errornum>E_WARNING</errornum>
	<errormsg>A non-numeric value encountered</errormsg>
	<scriptname>/klasy/class.nawig.php</scriptname>
	<scriptlinenum>142</scriptlinenum>
</errorentry>

<errorentry>
	<datetime>2022-07-30 00:12:56</datetime>
	<errornum>E_WARNING</errornum>
	<errormsg>A non-numeric value encountered</errormsg>
	<scriptname>/klasy/class.nawig.php</scriptname>
	<scriptlinenum>142</scriptlinenum>
</errorentry>

<errorentry>
	<datetime>2022-07-30 00:12:56</datetime>
	<errornum>E_WARNING</errornum>
	<errormsg>A non-numeric value encountered</errormsg>
	<scriptname>/klasy/class.nawig.php</scriptname>
	<scriptlinenum>142</scriptlinenum>
</errorentry>

<errorentry>
	<datetime>2022-07-30 00:12:56</datetime>
	<errornum>E_WARNING</errornum>
	<errormsg>A non-numeric value encountered</errormsg>
	<scriptname>/klasy/class.nawig.php</scriptname>
	<scriptlinenum>142</scriptlinenum>
</errorentry>

<errorentry>
	<datetime>2022-07-30 00:13:13</datetime>
	<errornum>E_WARNING</errornum>
	<errormsg>A non-numeric value encountered</errormsg>
	<scriptname>/mod/art/class.art.php</scriptname>
	<scriptlinenum>247</scriptlinenum>
</errorentry>

<errorentry>
	<datetime>2022-07-30 00:14:44</datetime>
	<errornum>E_WARNING</errornum>
	<errormsg>A non-numeric value encountered</errormsg>
	<scriptname>/mod/art/class.art.php</scriptname>
	<scriptlinenum>247</scriptlinenum>
</errorentry>

<errorentry>
	<datetime>2022-07-30 03:01:20</datetime>
	<errornum>E_WARNING</errornum>
	<errormsg>A non-numeric value encountered</errormsg>
	<scriptname>/mod/art/class.art.php</scriptname>
	<scriptlinenum>247</scriptlinenum>
</errorentry>

<errorentry>
	<datetime>2022-07-30 03:01:22</datetime>
	<errornum>E_WARNING</errornum>
	<errormsg>A non-numeric value encountered</errormsg>
	<scriptname>/mod/art/class.art.php</scriptname>
	<scriptlinenum>247</scriptlinenum>
</errorentry>

<errorentry>
	<datetime>2022-07-30 03:01:27</datetime>
	<errornum>E_WARNING</errornum>
	<errormsg>A non-numeric value encountered</errormsg>
	<scriptname>/mod/art/class.art.php</scriptname>
	<scriptlinenum>247</scriptlinenum>
</errorentry>

<errorentry>
	<datetime>2022-07-30 03:13:17</datetime>
	<errornum>E_WARNING</errornum>
	<errormsg>A non-numeric value encountered</errormsg>
	<scriptname>/mod/art/class.art.php</scriptname>
	<scriptlinenum>247</scriptlinenum>
</errorentry>

<errorentry>
	<datetime>2022-07-30 03:13:26</datetime>
	<errornum>E_WARNING</errornum>
	<errormsg>A non-numeric value encountered</errormsg>
	<scriptname>/mod/art/class.art.php</scriptname>
	<scriptlinenum>247</scriptlinenum>
</errorentry>

<errorentry>
	<datetime>2022-07-30 03:13:32</datetime>
	<errornum>E_WARNING</errornum>
	<errormsg>A non-numeric value encountered</errormsg>
	<scriptname>/mod/art/class.art.php</scriptname>
	<scriptlinenum>247</scriptlinenum>
</errorentry>

<errorentry>
	<datetime>2022-07-30 03:29:22</datetime>
	<errornum>E_WARNING</errornum>
	<errormsg>A non-numeric value encountered</errormsg>
	<scriptname>/mod/art/class.art.php</scriptname>
	<scriptlinenum>247</scriptlinenum>
</errorentry>

<errorentry>
	<datetime>2022-07-30 03:29:23</datetime>
	<errornum>E_WARNING</errornum>
	<errormsg>A non-numeric value encountered</errormsg>
	<scriptname>/mod/art/class.art.php</scriptname>
	<scriptlinenum>247</scriptlinenum>
</errorentry>

<errorentry>
	<datetime>2022-07-30 03:31:47</datetime>
	<errornum>E_WARNING</errornum>
	<errormsg>A non-numeric value encountered</errormsg>
	<scriptname>/mod/art/class.art.php</scriptname>
	<scriptlinenum>247</scriptlinenum>
</errorentry>

<errorentry>
	<datetime>2022-07-30 03:31:48</datetime>
	<errornum>E_WARNING</errornum>
	<errormsg>A non-numeric value encountered</errormsg>
	<scriptname>/mod/art/class.art.php</scriptname>
	<scriptlinenum>247</scriptlinenum>
</errorentry>

<errorentry>
	<datetime>2022-07-30 03:31:48</datetime>
	<errornum>E_WARNING</errornum>
	<errormsg>A non-numeric value encountered</errormsg>
	<scriptname>/klasy/class.nawig.php</scriptname>
	<scriptlinenum>142</scriptlinenum>
</errorentry>

<errorentry>
	<datetime>2022-07-30 03:31:48</datetime>
	<errornum>E_WARNING</errornum>
	<errormsg>A non-numeric value encountered</errormsg>
	<scriptname>/klasy/class.nawig.php</scriptname>
	<scriptlinenum>142</scriptlinenum>
</errorentry>

<errorentry>
	<datetime>2022-07-30 03:31:48</datetime>
	<errornum>E_WARNING</errornum>
	<errormsg>A non-numeric value encountered</errormsg>
	<scriptname>/klasy/class.nawig.php</scriptname>
	<scriptlinenum>142</scriptlinenum>
</errorentry>

<errorentry>
	<datetime>2022-07-30 03:31:48</datetime>
	<errornum>E_WARNING</errornum>
	<errormsg>A non-numeric value encountered</errormsg>
	<scriptname>/klasy/class.nawig.php</scriptname>
	<scriptlinenum>142</scriptlinenum>
</errorentry>

<errorentry>
	<datetime>2022-07-30 03:31:50</datetime>
	<errornum>E_WARNING</errornum>
	<errormsg>A non-numeric value encountered</errormsg>
	<scriptname>/mod/art/class.art.php</scriptname>
	<scriptlinenum>247</scriptlinenum>
</errorentry>

<errorentry>
	<datetime>2022-07-30 03:31:50</datetime>
	<errornum>E_WARNING</errornum>
	<errormsg>A non-numeric value encountered</errormsg>
	<scriptname>/klasy/class.nawig.php</scriptname>
	<scriptlinenum>142</scriptlinenum>
</errorentry>

<errorentry>
	<datetime>2022-07-30 03:31:50</datetime>
	<errornum>E_WARNING</errornum>
	<errormsg>A non-numeric value encountered</errormsg>
	<scriptname>/klasy/class.nawig.php</scriptname>
	<scriptlinenum>142</scriptlinenum>
</errorentry>

<errorentry>
	<datetime>2022-07-30 03:31:50</datetime>
	<errornum>E_WARNING</errornum>
	<errormsg>A non-numeric value encountered</errormsg>
	<scriptname>/klasy/class.nawig.php</scriptname>
	<scriptlinenum>142</scriptlinenum>
</errorentry>

<errorentry>
	<datetime>2022-07-30 03:31:50</datetime>
	<errornum>E_WARNING</errornum>
	<errormsg>A non-numeric value encountered</errormsg>
	<scriptname>/klasy/class.nawig.php</scriptname>
	<scriptlinenum>142</scriptlinenum>
</errorentry>

<errorentry>
	<datetime>2022-07-30 03:31:50</datetime>
	<errornum>E_WARNING</errornum>
	<errormsg>A non-numeric value encountered</errormsg>
	<scriptname>/mod/art/class.art.php</scriptname>
	<scriptlinenum>247</scriptlinenum>
</errorentry>

<errorentry>
	<datetime>2022-07-30 03:31:50</datetime>
	<errornum>E_WARNING</errornum>
	<errormsg>A non-numeric value encountered</errormsg>
	<scriptname>/mod/art/class.art.php</scriptname>
	<scriptlinenum>247</scriptlinenum>
</errorentry>

<errorentry>
	<datetime>2022-07-30 03:31:50</datetime>
	<errornum>E_WARNING</errornum>
	<errormsg>A non-numeric value encountered</errormsg>
	<scriptname>/klasy/class.nawig.php</scriptname>
	<scriptlinenum>142</scriptlinenum>
</errorentry>

<errorentry>
	<datetime>2022-07-30 03:31:52</datetime>
	<errornum>E_WARNING</errornum>
	<errormsg>A non-numeric value encountered</errormsg>
	<scriptname>/mod/art/class.art.php</scriptname>
	<scriptlinenum>247</scriptlinenum>
</errorentry>

<errorentry>
	<datetime>2022-07-30 03:31:54</datetime>
	<errornum>E_WARNING</errornum>
	<errormsg>A non-numeric value encountered</errormsg>
	<scriptname>/mod/art/class.art.php</scriptname>
	<scriptlinenum>247</scriptlinenum>
</errorentry>

<errorentry>
	<datetime>2022-07-30 03:31:56</datetime>
	<errornum>E_WARNING</errornum>
	<errormsg>A non-numeric value encountered</errormsg>
	<scriptname>/mod/art/class.art.php</scriptname>
	<scriptlinenum>247</scriptlinenum>
</errorentry>

<errorentry>
	<datetime>2022-07-30 03:31:57</datetime>
	<errornum>E_WARNING</errornum>
	<errormsg>A non-numeric value encountered</errormsg>
	<scriptname>/mod/art/class.art.php</scriptname>
	<scriptlinenum>247</scriptlinenum>
</errorentry>

<errorentry>
	<datetime>2022-07-30 03:31:57</datetime>
	<errornum>E_WARNING</errornum>
	<errormsg>A non-numeric value encountered</errormsg>
	<scriptname>/mod/art/class.art.php</scriptname>
	<scriptlinenum>247</scriptlinenum>
</errorentry>

<errorentry>
	<datetime>2022-07-30 03:31:59</datetime>
	<errornum>E_WARNING</errornum>
	<errormsg>A non-numeric value encountered</errormsg>
	<scriptname>/mod/art/class.art.php</scriptname>
	<scriptlinenum>247</scriptlinenum>
</errorentry>

<errorentry>
	<datetime>2022-07-30 03:32:28</datetime>
	<errornum>E_WARNING</errornum>
	<errormsg>A non-numeric value encountered</errormsg>
	<scriptname>/mod/art/class.art.php</scriptname>
	<scriptlinenum>247</scriptlinenum>
</errorentry>

<errorentry>
	<datetime>2022-07-30 03:32:32</datetime>
	<errornum>E_WARNING</errornum>
	<errormsg>A non-numeric value encountered</errormsg>
	<scriptname>/mod/art/class.art.php</scriptname>
	<scriptlinenum>247</scriptlinenum>
</errorentry>

<errorentry>
	<datetime>2022-07-30 05:31:52</datetime>
	<errornum>E_WARNING</errornum>
	<errormsg>A non-numeric value encountered</errormsg>
	<scriptname>/mod/art/class.art.php</scriptname>
	<scriptlinenum>247</scriptlinenum>
</errorentry>

<errorentry>
	<datetime>2022-07-30 11:39:55</datetime>
	<errornum>E_WARNING</errornum>
	<errormsg>A non-numeric value encountered</errormsg>
	<scriptname>/mod/art/class.art.php</scriptname>
	<scriptlinenum>247</scriptlinenum>
</errorentry>

<errorentry>
	<datetime>2022-07-30 11:48:58</datetime>
	<errornum>E_WARNING</errornum>
	<errormsg>A non-numeric value encountered</errormsg>
	<scriptname>/mod/art/class.art.php</scriptname>
	<scriptlinenum>247</scriptlinenum>
</errorentry>

<errorentry>
	<datetime>2022-07-30 12:07:17</datetime>
	<errornum>E_WARNING</errornum>
	<errormsg>A non-numeric value encountered</errormsg>
	<scriptname>/mod/art/class.art.php</scriptname>
	<scriptlinenum>247</scriptlinenum>
</errorentry>

<errorentry>
	<datetime>2022-07-30 13:20:41</datetime>
	<errornum>E_WARNING</errornum>
	<errormsg>A non-numeric value encountered</errormsg>
	<scriptname>/mod/art/class.art.php</scriptname>
	<scriptlinenum>247</scriptlinenum>
</errorentry>

<errorentry>
	<datetime>2022-07-30 13:23:35</datetime>
	<errornum>E_WARNING</errornum>
	<errormsg>A non-numeric value encountered</errormsg>
	<scriptname>/mod/art/class.art.php</scriptname>
	<scriptlinenum>247</scriptlinenum>
</errorentry>

<errorentry>
	<datetime>2022-07-30 13:23:51</datetime>
	<errornum>E_WARNING</errornum>
	<errormsg>A non-numeric value encountered</errormsg>
	<scriptname>/mod/art/class.art.php</scriptname>
	<scriptlinenum>247</scriptlinenum>
</errorentry>

<errorentry>
	<datetime>2022-07-30 13:23:51</datetime>
	<errornum>E_WARNING</errornum>
	<errormsg>A non-numeric value encountered</errormsg>
	<scriptname>/klasy/class.nawig.php</scriptname>
	<scriptlinenum>142</scriptlinenum>
</errorentry>

<errorentry>
	<datetime>2022-07-30 13:23:51</datetime>
	<errornum>E_WARNING</errornum>
	<errormsg>A non-numeric value encountered</errormsg>
	<scriptname>/klasy/class.nawig.php</scriptname>
	<scriptlinenum>142</scriptlinenum>
</errorentry>

<errorentry>
	<datetime>2022-07-30 13:23:51</datetime>
	<errornum>E_WARNING</errornum>
	<errormsg>A non-numeric value encountered</errormsg>
	<scriptname>/klasy/class.nawig.php</scriptname>
	<scriptlinenum>142</scriptlinenum>
</errorentry>

<errorentry>
	<datetime>2022-07-30 13:23:51</datetime>
	<errornum>E_WARNING</errornum>
	<errormsg>A non-numeric value encountered</errormsg>
	<scriptname>/klasy/class.nawig.php</scriptname>
	<scriptlinenum>142</scriptlinenum>
</errorentry>

<errorentry>
	<datetime>2022-07-30 13:35:17</datetime>
	<errornum>E_WARNING</errornum>
	<errormsg>A non-numeric value encountered</errormsg>
	<scriptname>/mod/art/class.art.php</scriptname>
	<scriptlinenum>247</scriptlinenum>
</errorentry>

<errorentry>
	<datetime>2022-07-30 14:00:01</datetime>
	<errornum>E_WARNING</errornum>
	<errormsg>A non-numeric value encountered</errormsg>
	<scriptname>/mod/art/class.art.php</scriptname>
	<scriptlinenum>247</scriptlinenum>
</errorentry>

<errorentry>
	<datetime>2022-07-30 14:03:57</datetime>
	<errornum>E_WARNING</errornum>
	<errormsg>A non-numeric value encountered</errormsg>
	<scriptname>/mod/art/class.art.php</scriptname>
	<scriptlinenum>247</scriptlinenum>
</errorentry>

<errorentry>
	<datetime>2022-07-30 14:03:57</datetime>
	<errornum>E_WARNING</errornum>
	<errormsg>A non-numeric value encountered</errormsg>
	<scriptname>/klasy/class.nawig.php</scriptname>
	<scriptlinenum>142</scriptlinenum>
</errorentry>

<errorentry>
	<datetime>2022-07-30 14:03:57</datetime>
	<errornum>E_WARNING</errornum>
	<errormsg>A non-numeric value encountered</errormsg>
	<scriptname>/klasy/class.nawig.php</scriptname>
	<scriptlinenum>142</scriptlinenum>
</errorentry>

<errorentry>
	<datetime>2022-07-30 14:03:57</datetime>
	<errornum>E_WARNING</errornum>
	<errormsg>A non-numeric value encountered</errormsg>
	<scriptname>/klasy/class.nawig.php</scriptname>
	<scriptlinenum>142</scriptlinenum>
</errorentry>

<errorentry>
	<datetime>2022-07-30 14:03:57</datetime>
	<errornum>E_WARNING</errornum>
	<errormsg>A non-numeric value encountered</errormsg>
	<scriptname>/klasy/class.nawig.php</scriptname>
	<scriptlinenum>142</scriptlinenum>
</errorentry>

<errorentry>
	<datetime>2022-07-30 14:15:30</datetime>
	<errornum>E_WARNING</errornum>
	<errormsg>A non-numeric value encountered</errormsg>
	<scriptname>/mod/art/class.art.php</scriptname>
	<scriptlinenum>247</scriptlinenum>
</errorentry>

<errorentry>
	<datetime>2022-07-30 14:15:30</datetime>
	<errornum>E_WARNING</errornum>
	<errormsg>A non-numeric value encountered</errormsg>
	<scriptname>/klasy/class.nawig.php</scriptname>
	<scriptlinenum>142</scriptlinenum>
</errorentry>

<errorentry>
	<datetime>2022-07-30 14:15:48</datetime>
	<errornum>E_WARNING</errornum>
	<errormsg>A non-numeric value encountered</errormsg>
	<scriptname>/mod/art/class.art.php</scriptname>
	<scriptlinenum>247</scriptlinenum>
</errorentry>

<errorentry>
	<datetime>2022-07-30 15:04:43</datetime>
	<errornum>E_WARNING</errornum>
	<errormsg>A non-numeric value encountered</errormsg>
	<scriptname>/mod/art/class.art.php</scriptname>
	<scriptlinenum>247</scriptlinenum>
</errorentry>

<errorentry>
	<datetime>2022-07-30 15:12:29</datetime>
	<errornum>E_WARNING</errornum>
	<errormsg>A non-numeric value encountered</errormsg>
	<scriptname>/mod/art/class.art.php</scriptname>
	<scriptlinenum>247</scriptlinenum>
</errorentry>

<errorentry>
	<datetime>2022-07-30 15:12:29</datetime>
	<errornum>E_WARNING</errornum>
	<errormsg>A non-numeric value encountered</errormsg>
	<scriptname>/klasy/class.nawig.php</scriptname>
	<scriptlinenum>142</scriptlinenum>
</errorentry>

<errorentry>
	<datetime>2022-07-30 17:02:10</datetime>
	<errornum>E_WARNING</errornum>
	<errormsg>A non-numeric value encountered</errormsg>
	<scriptname>/mod/art/class.art.php</scriptname>
	<scriptlinenum>247</scriptlinenum>
</errorentry>

<errorentry>
	<datetime>2022-07-30 17:02:14</datetime>
	<errornum>E_WARNING</errornum>
	<errormsg>A non-numeric value encountered</errormsg>
	<scriptname>/mod/art/class.art.php</scriptname>
	<scriptlinenum>247</scriptlinenum>
</errorentry>

<errorentry>
	<datetime>2022-07-30 17:13:22</datetime>
	<errornum>E_WARNING</errornum>
	<errormsg>A non-numeric value encountered</errormsg>
	<scriptname>/mod/art/class.art.php</scriptname>
	<scriptlinenum>247</scriptlinenum>
</errorentry>

<errorentry>
	<datetime>2022-07-30 17:13:22</datetime>
	<errornum>E_WARNING</errornum>
	<errormsg>A non-numeric value encountered</errormsg>
	<scriptname>/klasy/class.nawig.php</scriptname>
	<scriptlinenum>142</scriptlinenum>
</errorentry>

<errorentry>
	<datetime>2022-07-30 17:13:22</datetime>
	<errornum>E_WARNING</errornum>
	<errormsg>A non-numeric value encountered</errormsg>
	<scriptname>/klasy/class.nawig.php</scriptname>
	<scriptlinenum>142</scriptlinenum>
</errorentry>

<errorentry>
	<datetime>2022-07-30 17:13:22</datetime>
	<errornum>E_WARNING</errornum>
	<errormsg>A non-numeric value encountered</errormsg>
	<scriptname>/klasy/class.nawig.php</scriptname>
	<scriptlinenum>142</scriptlinenum>
</errorentry>

<errorentry>
	<datetime>2022-07-30 17:13:22</datetime>
	<errornum>E_WARNING</errornum>
	<errormsg>A non-numeric value encountered</errormsg>
	<scriptname>/klasy/class.nawig.php</scriptname>
	<scriptlinenum>142</scriptlinenum>
</errorentry>

<errorentry>
	<datetime>2022-07-30 17:13:43</datetime>
	<errornum>E_WARNING</errornum>
	<errormsg>A non-numeric value encountered</errormsg>
	<scriptname>/mod/art/class.art.php</scriptname>
	<scriptlinenum>247</scriptlinenum>
</errorentry>

<errorentry>
	<datetime>2022-07-30 17:13:43</datetime>
	<errornum>E_WARNING</errornum>
	<errormsg>A non-numeric value encountered</errormsg>
	<scriptname>/klasy/class.nawig.php</scriptname>
	<scriptlinenum>142</scriptlinenum>
</errorentry>

<errorentry>
	<datetime>2022-07-30 17:13:43</datetime>
	<errornum>E_WARNING</errornum>
	<errormsg>A non-numeric value encountered</errormsg>
	<scriptname>/klasy/class.nawig.php</scriptname>
	<scriptlinenum>142</scriptlinenum>
</errorentry>

<errorentry>
	<datetime>2022-07-30 17:13:43</datetime>
	<errornum>E_WARNING</errornum>
	<errormsg>A non-numeric value encountered</errormsg>
	<scriptname>/klasy/class.nawig.php</scriptname>
	<scriptlinenum>142</scriptlinenum>
</errorentry>

<errorentry>
	<datetime>2022-07-30 17:13:43</datetime>
	<errornum>E_WARNING</errornum>
	<errormsg>A non-numeric value encountered</errormsg>
	<scriptname>/klasy/class.nawig.php</scriptname>
	<scriptlinenum>142</scriptlinenum>
</errorentry>

<errorentry>
	<datetime>2022-07-30 17:14:22</datetime>
	<errornum>E_WARNING</errornum>
	<errormsg>A non-numeric value encountered</errormsg>
	<scriptname>/mod/art/class.art.php</scriptname>
	<scriptlinenum>247</scriptlinenum>
</errorentry>

<errorentry>
	<datetime>2022-07-30 17:21:01</datetime>
	<errornum>E_WARNING</errornum>
	<errormsg>A non-numeric value encountered</errormsg>
	<scriptname>/mod/art/class.art.php</scriptname>
	<scriptlinenum>247</scriptlinenum>
</errorentry>

<errorentry>
	<datetime>2022-07-30 17:42:30</datetime>
	<errornum>E_WARNING</errornum>
	<errormsg>A non-numeric value encountered</errormsg>
	<scriptname>/mod/art/class.art.php</scriptname>
	<scriptlinenum>247</scriptlinenum>
</errorentry>

<errorentry>
	<datetime>2022-07-30 17:42:30</datetime>
	<errornum>E_WARNING</errornum>
	<errormsg>A non-numeric value encountered</errormsg>
	<scriptname>/klasy/class.nawig.php</scriptname>
	<scriptlinenum>142</scriptlinenum>
</errorentry>

<errorentry>
	<datetime>2022-07-30 17:42:30</datetime>
	<errornum>E_WARNING</errornum>
	<errormsg>A non-numeric value encountered</errormsg>
	<scriptname>/klasy/class.nawig.php</scriptname>
	<scriptlinenum>142</scriptlinenum>
</errorentry>

<errorentry>
	<datetime>2022-07-30 17:42:30</datetime>
	<errornum>E_WARNING</errornum>
	<errormsg>A non-numeric value encountered</errormsg>
	<scriptname>/klasy/class.nawig.php</scriptname>
	<scriptlinenum>142</scriptlinenum>
</errorentry>

<errorentry>
	<datetime>2022-07-30 17:42:30</datetime>
	<errornum>E_WARNING</errornum>
	<errormsg>A non-numeric value encountered</errormsg>
	<scriptname>/klasy/class.nawig.php</scriptname>
	<scriptlinenum>142</scriptlinenum>
</errorentry>

<errorentry>
	<datetime>2022-07-30 18:03:54</datetime>
	<errornum>E_WARNING</errornum>
	<errormsg>A non-numeric value encountered</errormsg>
	<scriptname>/mod/art/class.art.php</scriptname>
	<scriptlinenum>247</scriptlinenum>
</errorentry>

<errorentry>
	<datetime>2022-07-30 18:08:01</datetime>
	<errornum>E_WARNING</errornum>
	<errormsg>A non-numeric value encountered</errormsg>
	<scriptname>/mod/art/class.art.php</scriptname>
	<scriptlinenum>247</scriptlinenum>
</errorentry>

<errorentry>
	<datetime>2022-07-30 18:14:39</datetime>
	<errornum>E_WARNING</errornum>
	<errormsg>A non-numeric value encountered</errormsg>
	<scriptname>/mod/art/class.art.php</scriptname>
	<scriptlinenum>247</scriptlinenum>
</errorentry>

<errorentry>
	<datetime>2022-07-30 18:15:34</datetime>
	<errornum>E_WARNING</errornum>
	<errormsg>A non-numeric value encountered</errormsg>
	<scriptname>/mod/art/class.art.php</scriptname>
	<scriptlinenum>247</scriptlinenum>
</errorentry>

<errorentry>
	<datetime>2022-07-30 18:33:18</datetime>
	<errornum>E_WARNING</errornum>
	<errormsg>A non-numeric value encountered</errormsg>
	<scriptname>/mod/art/class.art.php</scriptname>
	<scriptlinenum>247</scriptlinenum>
</errorentry>

<errorentry>
	<datetime>2022-07-30 18:41:56</datetime>
	<errornum>E_WARNING</errornum>
	<errormsg>A non-numeric value encountered</errormsg>
	<scriptname>/mod/art/class.art.php</scriptname>
	<scriptlinenum>247</scriptlinenum>
</errorentry>

<errorentry>
	<datetime>2022-07-30 18:42:12</datetime>
	<errornum>E_WARNING</errornum>
	<errormsg>A non-numeric value encountered</errormsg>
	<scriptname>/mod/art/class.art.php</scriptname>
	<scriptlinenum>247</scriptlinenum>
</errorentry>

<errorentry>
	<datetime>2022-07-30 18:42:27</datetime>
	<errornum>E_WARNING</errornum>
	<errormsg>A non-numeric value encountered</errormsg>
	<scriptname>/mod/art/class.art.php</scriptname>
	<scriptlinenum>247</scriptlinenum>
</errorentry>

<errorentry>
	<datetime>2022-07-30 18:43:04</datetime>
	<errornum>E_WARNING</errornum>
	<errormsg>A non-numeric value encountered</errormsg>
	<scriptname>/mod/art/class.art.php</scriptname>
	<scriptlinenum>247</scriptlinenum>
</errorentry>

<errorentry>
	<datetime>2022-07-30 19:27:05</datetime>
	<errornum>E_WARNING</errornum>
	<errormsg>A non-numeric value encountered</errormsg>
	<scriptname>/mod/art/class.art.php</scriptname>
	<scriptlinenum>247</scriptlinenum>
</errorentry>

<errorentry>
	<datetime>2022-07-30 19:28:40</datetime>
	<errornum>E_WARNING</errornum>
	<errormsg>A non-numeric value encountered</errormsg>
	<scriptname>/mod/art/class.art.php</scriptname>
	<scriptlinenum>247</scriptlinenum>
</errorentry>

<errorentry>
	<datetime>2022-07-30 19:30:41</datetime>
	<errornum>E_WARNING</errornum>
	<errormsg>A non-numeric value encountered</errormsg>
	<scriptname>/mod/art/class.art.php</scriptname>
	<scriptlinenum>247</scriptlinenum>
</errorentry>

<errorentry>
	<datetime>2022-07-30 22:59:21</datetime>
	<errornum>E_WARNING</errornum>
	<errormsg>A non-numeric value encountered</errormsg>
	<scriptname>/mod/art/class.art.php</scriptname>
	<scriptlinenum>247</scriptlinenum>
</errorentry>

